# JRE version: Java(TM) SE Runtime Environment (8.0_251-b08) (build 1.8.0_251-b08)
# Java VM: Java HotSpot(TM) 64-Bit Server VM (25.251-b08 mixed mode windows-amd64 compressed oops)
Heap:
 PSYoungGen      total 837120K, used 570318K [0x000000076bf80000, 0x000000079f580000, 0x00000007c0000000)
  eden space 832512K, 68% used [0x000000076bf80000,0x000000078eae3810,0x000000079ec80000)
  from space 4608K, 34% used [0x000000079f100000,0x000000079f290020,0x000000079f580000)
  to   space 4608K, 0% used [0x000000079ec80000,0x000000079ec80000,0x000000079f100000)
 ParOldGen       total 173568K, used 4979K [0x00000006c3e00000, 0x00000006ce780000, 0x000000076bf80000)
  object space 173568K, 2% used [0x00000006c3e00000,0x00000006c42dcfa0,0x00000006ce780000)
 Metaspace       used 16245K, capacity 16556K, committed 16768K, reserved 1069056K
  class space    used 1549K, capacity 1636K, committed 1664K, reserved 1048576K
GC Heap History (10 events):
Event: 1.614 GC heap before
{Heap before GC invocations=6 (full 0):
 PSYoungGen      total 140800K, used 133150K [0x000000076bf80000, 0x000000077c580000, 0x00000007c0000000)
  eden space 130048K, 100% used [0x000000076bf80000,0x0000000773e80000,0x0000000773e80000)
  from space 10752K, 28% used [0x0000000773e80000,0x0000000774187b60,0x0000000774900000)
  to   space 4096K, 0% used [0x000000077c180000,0x000000077c180000,0x000000077c580000)
 ParOldGen       total 173568K, used 48K [0x00000006c3e00000, 0x00000006ce780000, 0x000000076bf80000)
  object space 173568K, 0% used [0x00000006c3e00000,0x00000006c3e0c000,0x00000006ce780000)
 Metaspace       used 9610K, capacity 9870K, committed 10112K, reserved 1058816K
  class space    used 981K, capacity 1033K, committed 1152K, reserved 1048576K
Event: 1.618 GC heap after
Heap after GC invocations=6 (full 0):
 PSYoungGen      total 264192K, used 3566K [0x000000076bf80000, 0x000000077c580000, 0x00000007c0000000)
  eden space 260096K, 0% used [0x000000076bf80000,0x000000076bf80000,0x000000077bd80000)
  from space 4096K, 87% used [0x000000077c180000,0x000000077c4fbb50,0x000000077c580000)
  to   space 4096K, 0% used [0x000000077bd80000,0x000000077bd80000,0x000000077c180000)
 ParOldGen       total 173568K, used 56K [0x00000006c3e00000, 0x00000006ce780000, 0x000000076bf80000)
  object space 173568K, 0% used [0x00000006c3e00000,0x00000006c3e0e000,0x00000006ce780000)
 Metaspace       used 9610K, capacity 9870K, committed 10112K, reserved 1058816K
  class space    used 981K, capacity 1033K, committed 1152K, reserved 1048576K
}
Event: 1.965 GC heap before
{Heap before GC invocations=7 (full 0):
 PSYoungGen      total 264192K, used 263662K [0x000000076bf80000, 0x000000077c580000, 0x00000007c0000000)
  eden space 260096K, 100% used [0x000000076bf80000,0x000000077bd80000,0x000000077bd80000)
  from space 4096K, 87% used [0x000000077c180000,0x000000077c4fbb50,0x000000077c580000)
  to   space 4096K, 0% used [0x000000077bd80000,0x000000077bd80000,0x000000077c180000)
 ParOldGen       total 173568K, used 56K [0x00000006c3e00000, 0x00000006ce780000, 0x000000076bf80000)
  object space 173568K, 0% used [0x00000006c3e00000,0x00000006c3e0e000,0x00000006ce780000)
 Metaspace       used 9619K, capacity 9870K, committed 10112K, reserved 1058816K
  class space    used 981K, capacity 1033K, committed 1152K, reserved 1048576K
Event: 1.973 GC heap after
Heap after GC invocations=7 (full 0):
 PSYoungGen      total 264192K, used 2208K [0x000000076bf80000, 0x000000078c480000, 0x00000007c0000000)
  eden space 260096K, 0% used [0x000000076bf80000,0x000000076bf80000,0x000000077bd80000)
  from space 4096K, 53% used [0x000000077bd80000,0x000000077bfa8000,0x000000077c180000)
  to   space 4608K, 0% used [0x000000078c000000,0x000000078c000000,0x000000078c480000)
 ParOldGen       total 173568K, used 2270K [0x00000006c3e00000, 0x00000006ce780000, 0x000000076bf80000)
  object space 173568K, 1% used [0x00000006c3e00000,0x00000006c4037be0,0x00000006ce780000)
 Metaspace       used 9619K, capacity 9870K, committed 10112K, reserved 1058816K
  class space    used 981K, capacity 1033K, committed 1152K, reserved 1048576K
}
Event: 2.234 GC heap before
{Heap before GC invocations=8 (full 0):
 PSYoungGen      total 264192K, used 262304K [0x000000076bf80000, 0x000000078c480000, 0x00000007c0000000)
  eden space 260096K, 100% used [0x000000076bf80000,0x000000077bd80000,0x000000077bd80000)
  from space 4096K, 53% used [0x000000077bd80000,0x000000077bfa8000,0x000000077c180000)
  to   space 4608K, 0% used [0x000000078c000000,0x000000078c000000,0x000000078c480000)
 ParOldGen       total 173568K, used 2270K [0x00000006c3e00000, 0x00000006ce780000, 0x000000076bf80000)
  object space 173568K, 1% used [0x00000006c3e00000,0x00000006c4037be0,0x00000006ce780000)
 Metaspace       used 9627K, capacity 9870K, committed 10112K, reserved 1058816K
  class space    used 981K, capacity 1033K, committed 1152K, reserved 1048576K
Event: 2.239 GC heap after
Heap after GC invocations=8 (full 0):
 PSYoungGen      total 523776K, used 2688K [0x000000076bf80000, 0x000000078c380000, 0x00000007c0000000)
  eden space 520192K, 0% used [0x000000076bf80000,0x000000076bf80000,0x000000078bb80000)
  from space 3584K, 75% used [0x000000078c000000,0x000000078c2a0020,0x000000078c380000)
  to   space 4096K, 0% used [0x000000078bb80000,0x000000078bb80000,0x000000078bf80000)
 ParOldGen       total 173568K, used 2735K [0x00000006c3e00000, 0x00000006ce780000, 0x000000076bf80000)
  object space 173568K, 1% used [0x00000006c3e00000,0x00000006c40abf30,0x00000006ce780000)
 Metaspace       used 9627K, capacity 9870K, committed 10112K, reserved 1058816K
  class space    used 981K, capacity 1033K, committed 1152K, reserved 1048576K
}
Event: 2.903 GC heap before
{Heap before GC invocations=9 (full 0):
 PSYoungGen      total 523776K, used 522880K [0x000000076bf80000, 0x000000078c380000, 0x00000007c0000000)
  eden space 520192K, 100% used [0x000000076bf80000,0x000000078bb80000,0x000000078bb80000)
  from space 3584K, 75% used [0x000000078c000000,0x000000078c2a0020,0x000000078c380000)
  to   space 4096K, 0% used [0x000000078bb80000,0x000000078bb80000,0x000000078bf80000)
 ParOldGen       total 173568K, used 2735K [0x00000006c3e00000, 0x00000006ce780000, 0x000000076bf80000)
  object space 173568K, 1% used [0x00000006c3e00000,0x00000006c40abf30,0x00000006ce780000)
 Metaspace       used 9666K, capacity 9870K, committed 10112K, reserved 1058816K
  class space    used 981K, capacity 1033K, committed 1152K, reserved 1048576K
Event: 2.908 GC heap after
Heap after GC invocations=9 (full 0):
 PSYoungGen      total 524288K, used 3664K [0x000000076bf80000, 0x000000079f580000, 0x00000007c0000000)
  eden space 520192K, 0% used [0x000000076bf80000,0x000000076bf80000,0x000000078bb80000)
  from space 4096K, 89% used [0x000000078bb80000,0x000000078bf14030,0x000000078bf80000)
  to   space 4608K, 0% used [0x000000079f100000,0x000000079f100000,0x000000079f580000)
 ParOldGen       total 173568K, used 3595K [0x00000006c3e00000, 0x00000006ce780000, 0x000000076bf80000)
  object space 173568K, 2% used [0x00000006c3e00000,0x00000006c4182fa0,0x00000006ce780000)
 Metaspace       used 9666K, capacity 9870K, committed 10112K, reserved 1058816K
  class space    used 981K, capacity 1033K, committed 1152K, reserved 1048576K
}
Event: 3.330 GC heap before
{Heap before GC invocations=10 (full 0):
 PSYoungGen      total 524288K, used 523856K [0x000000076bf80000, 0x000000079f580000, 0x00000007c0000000)
  eden space 520192K, 100% used [0x000000076bf80000,0x000000078bb80000,0x000000078bb80000)
  from space 4096K, 89% used [0x000000078bb80000,0x000000078bf14030,0x000000078bf80000)
  to   space 4608K, 0% used [0x000000079f100000,0x000000079f100000,0x000000079f580000)
 ParOldGen       total 173568K, used 3595K [0x00000006c3e00000, 0x00000006ce780000, 0x000000076bf80000)
  object space 173568K, 2% used [0x00000006c3e00000,0x00000006c4182fa0,0x00000006ce780000)
 Metaspace       used 9686K, capacity 9934K, committed 10112K, reserved 1058816K
  class space    used 981K, capacity 1033K, committed 1152K, reserved 1048576K
Event: 3.332 GC heap after
Heap after GC invocations=10 (full 0):
 PSYoungGen      total 837120K, used 1600K [0x000000076bf80000, 0x000000079f580000, 0x00000007c0000000)
  eden space 832512K, 0% used [0x000000076bf80000,0x000000076bf80000,0x000000079ec80000)
  from space 4608K, 34% used [0x000000079f100000,0x000000079f290020,0x000000079f580000)
  to   space 4608K, 0% used [0x000000079ec80000,0x000000079ec80000,0x000000079f100000)
 ParOldGen       total 173568K, used 4979K [0x00000006c3e00000, 0x00000006ce780000, 0x000000076bf80000)
  object space 173568K, 2% used [0x00000006c3e00000,0x00000006c42dcfa0,0x00000006ce780000)
 Metaspace       used 9686K, capacity 9934K, committed 10112K, reserved 1058816K
  class space    used 981K, capacity 1033K, committed 1152K, reserved 1048576K
}

