# JRE version: Java(TM) SE Runtime Environment (8.0_251-b08) (build 1.8.0_251-b08)
# Java VM: Java HotSpot(TM) 64-Bit Server VM (25.251-b08 mixed mode windows-amd64 compressed oops)
Heap:
 PSYoungGen      total 1336832K, used 516478K [0x000000076bf80000, 0x00000007bdd80000, 0x00000007c0000000)
  eden space 1332224K, 38% used [0x000000076bf80000,0x000000078b627a30,0x00000007bd480000)
  from space 4608K, 38% used [0x00000007bd900000,0x00000007bdab8000,0x00000007bdd80000)
  to   space 4608K, 0% used [0x00000007bd480000,0x00000007bd480000,0x00000007bd900000)
 ParOldGen       total 173568K, used 6904K [0x00000006c3e00000, 0x00000006ce780000, 0x000000076bf80000)
  object space 173568K, 3% used [0x00000006c3e00000,0x00000006c44be148,0x00000006ce780000)
 Metaspace       used 16899K, capacity 17180K, committed 17408K, reserved 1064960K
  class space    used 1579K, capacity 1670K, committed 1792K, reserved 1048576K
GC Heap History (10 events):
Event: 2.132 GC heap before
{Heap before GC invocations=8 (full 0):
 PSYoungGen      total 264192K, used 261376K [0x000000076bf80000, 0x000000078c480000, 0x00000007c0000000)
  eden space 260096K, 100% used [0x000000076bf80000,0x000000077bd80000,0x000000077bd80000)
  from space 4096K, 31% used [0x000000077bd80000,0x000000077bec0000,0x000000077c180000)
  to   space 4608K, 0% used [0x000000078c000000,0x000000078c000000,0x000000078c480000)
 ParOldGen       total 173568K, used 2778K [0x00000006c3e00000, 0x00000006ce780000, 0x000000076bf80000)
  object space 173568K, 1% used [0x00000006c3e00000,0x00000006c40b6878,0x00000006ce780000)
 Metaspace       used 9156K, capacity 9390K, committed 9472K, reserved 1058816K
  class space    used 954K, capacity 1001K, committed 1024K, reserved 1048576K
Event: 2.135 GC heap after
Heap after GC invocations=8 (full 0):
 PSYoungGen      total 524800K, used 1600K [0x000000076bf80000, 0x000000078c480000, 0x00000007c0000000)
  eden space 520192K, 0% used [0x000000076bf80000,0x000000076bf80000,0x000000078bb80000)
  from space 4608K, 34% used [0x000000078c000000,0x000000078c190000,0x000000078c480000)
  to   space 4608K, 0% used [0x000000078bb80000,0x000000078bb80000,0x000000078c000000)
 ParOldGen       total 173568K, used 3042K [0x00000006c3e00000, 0x00000006ce780000, 0x000000076bf80000)
  object space 173568K, 1% used [0x00000006c3e00000,0x00000006c40f8878,0x00000006ce780000)
 Metaspace       used 9156K, capacity 9390K, committed 9472K, reserved 1058816K
  class space    used 954K, capacity 1001K, committed 1024K, reserved 1048576K
}
Event: 2.767 GC heap before
{Heap before GC invocations=9 (full 0):
 PSYoungGen      total 524800K, used 521792K [0x000000076bf80000, 0x000000078c480000, 0x00000007c0000000)
  eden space 520192K, 100% used [0x000000076bf80000,0x000000078bb80000,0x000000078bb80000)
  from space 4608K, 34% used [0x000000078c000000,0x000000078c190000,0x000000078c480000)
  to   space 4608K, 0% used [0x000000078bb80000,0x000000078bb80000,0x000000078c000000)
 ParOldGen       total 173568K, used 3042K [0x00000006c3e00000, 0x00000006ce780000, 0x000000076bf80000)
  object space 173568K, 1% used [0x00000006c3e00000,0x00000006c40f8878,0x00000006ce780000)
 Metaspace       used 9236K, capacity 9454K, committed 9728K, reserved 1058816K
  class space    used 954K, capacity 1001K, committed 1024K, reserved 1048576K
Event: 2.773 GC heap after
Heap after GC invocations=9 (full 0):
 PSYoungGen      total 524800K, used 2832K [0x000000076bf80000, 0x000000079f580000, 0x00000007c0000000)
  eden space 520192K, 0% used [0x000000076bf80000,0x000000076bf80000,0x000000078bb80000)
  from space 4608K, 61% used [0x000000078bb80000,0x000000078be44030,0x000000078c000000)
  to   space 4608K, 0% used [0x000000079f100000,0x000000079f100000,0x000000079f580000)
 ParOldGen       total 173568K, used 3554K [0x00000006c3e00000, 0x00000006ce780000, 0x000000076bf80000)
  object space 173568K, 2% used [0x00000006c3e00000,0x00000006c4178878,0x00000006ce780000)
 Metaspace       used 9236K, capacity 9454K, committed 9728K, reserved 1058816K
  class space    used 954K, capacity 1001K, committed 1024K, reserved 1048576K
}
Event: 3.216 GC heap before
{Heap before GC invocations=10 (full 0):
 PSYoungGen      total 524800K, used 523024K [0x000000076bf80000, 0x000000079f580000, 0x00000007c0000000)
  eden space 520192K, 100% used [0x000000076bf80000,0x000000078bb80000,0x000000078bb80000)
  from space 4608K, 61% used [0x000000078bb80000,0x000000078be44030,0x000000078c000000)
  to   space 4608K, 0% used [0x000000079f100000,0x000000079f100000,0x000000079f580000)
 ParOldGen       total 173568K, used 3554K [0x00000006c3e00000, 0x00000006ce780000, 0x000000076bf80000)
  object space 173568K, 2% used [0x00000006c3e00000,0x00000006c4178878,0x00000006ce780000)
 Metaspace       used 9237K, capacity 9454K, committed 9728K, reserved 1058816K
  class space    used 954K, capacity 1001K, committed 1024K, reserved 1048576K
Event: 3.221 GC heap after
Heap after GC invocations=10 (full 0):
 PSYoungGen      total 837120K, used 2848K [0x000000076bf80000, 0x000000079f580000, 0x00000007c0000000)
  eden space 832512K, 0% used [0x000000076bf80000,0x000000076bf80000,0x000000079ec80000)
  from space 4608K, 61% used [0x000000079f100000,0x000000079f3c8020,0x000000079f580000)
  to   space 4608K, 0% used [0x000000079ec80000,0x000000079ec80000,0x000000079f100000)
 ParOldGen       total 173568K, used 4586K [0x00000006c3e00000, 0x00000006ce780000, 0x000000076bf80000)
  object space 173568K, 2% used [0x00000006c3e00000,0x00000006c427a878,0x00000006ce780000)
 Metaspace       used 9237K, capacity 9454K, committed 9728K, reserved 1058816K
  class space    used 954K, capacity 1001K, committed 1024K, reserved 1048576K
}
Event: 4.102 GC heap before
{Heap before GC invocations=11 (full 0):
 PSYoungGen      total 837120K, used 835360K [0x000000076bf80000, 0x000000079f580000, 0x00000007c0000000)
  eden space 832512K, 100% used [0x000000076bf80000,0x000000079ec80000,0x000000079ec80000)
  from space 4608K, 61% used [0x000000079f100000,0x000000079f3c8020,0x000000079f580000)
  to   space 4608K, 0% used [0x000000079ec80000,0x000000079ec80000,0x000000079f100000)
 ParOldGen       total 173568K, used 4586K [0x00000006c3e00000, 0x00000006ce780000, 0x000000076bf80000)
  object space 173568K, 2% used [0x00000006c3e00000,0x00000006c427a878,0x00000006ce780000)
 Metaspace       used 9286K, capacity 9518K, committed 9728K, reserved 1058816K
  class space    used 954K, capacity 1001K, committed 1024K, reserved 1048576K
Event: 4.107 GC heap after
Heap after GC invocations=11 (full 0):
 PSYoungGen      total 837120K, used 752K [0x000000076bf80000, 0x00000007bdd80000, 0x00000007c0000000)
  eden space 832512K, 0% used [0x000000076bf80000,0x000000076bf80000,0x000000079ec80000)
  from space 4608K, 16% used [0x000000079ec80000,0x000000079ed3c030,0x000000079f100000)
  to   space 4608K, 0% used [0x00000007bd900000,0x00000007bd900000,0x00000007bdd80000)
 ParOldGen       total 173568K, used 6230K [0x00000006c3e00000, 0x00000006ce780000, 0x000000076bf80000)
  object space 173568K, 3% used [0x00000006c3e00000,0x00000006c4415ad0,0x00000006ce780000)
 Metaspace       used 9286K, capacity 9518K, committed 9728K, reserved 1058816K
  class space    used 954K, capacity 1001K, committed 1024K, reserved 1048576K
}
Event: 4.848 GC heap before
{Heap before GC invocations=12 (full 0):
 PSYoungGen      total 837120K, used 833264K [0x000000076bf80000, 0x00000007bdd80000, 0x00000007c0000000)
  eden space 832512K, 100% used [0x000000076bf80000,0x000000079ec80000,0x000000079ec80000)
  from space 4608K, 16% used [0x000000079ec80000,0x000000079ed3c030,0x000000079f100000)
  to   space 4608K, 0% used [0x00000007bd900000,0x00000007bd900000,0x00000007bdd80000)
 ParOldGen       total 173568K, used 6230K [0x00000006c3e00000, 0x00000006ce780000, 0x000000076bf80000)
  object space 173568K, 3% used [0x00000006c3e00000,0x00000006c4415ad0,0x00000006ce780000)
 Metaspace       used 9286K, capacity 9518K, committed 9728K, reserved 1058816K
  class space    used 954K, capacity 1001K, committed 1024K, reserved 1048576K
Event: 4.854 GC heap after
Heap after GC invocations=12 (full 0):
 PSYoungGen      total 1336832K, used 1760K [0x000000076bf80000, 0x00000007bdd80000, 0x00000007c0000000)
  eden space 1332224K, 0% used [0x000000076bf80000,0x000000076bf80000,0x00000007bd480000)
  from space 4608K, 38% used [0x00000007bd900000,0x00000007bdab8000,0x00000007bdd80000)
  to   space 4608K, 0% used [0x00000007bd480000,0x00000007bd480000,0x00000007bd900000)
 ParOldGen       total 173568K, used 6904K [0x00000006c3e00000, 0x00000006ce780000, 0x000000076bf80000)
  object space 173568K, 3% used [0x00000006c3e00000,0x00000006c44be148,0x00000006ce780000)
 Metaspace       used 9286K, capacity 9518K, committed 9728K, reserved 1058816K
  class space    used 954K, capacity 1001K, committed 1024K, reserved 1048576K
}

