# JRE version: Java(TM) SE Runtime Environment (8.0_251-b08) (build 1.8.0_251-b08)
# Java VM: Java HotSpot(TM) 64-Bit Server VM (25.251-b08 mixed mode windows-amd64 compressed oops)
Heap:
 PSYoungGen      total 835584K, used 767976K [0x000000076bf80000, 0x000000079f400000, 0x00000007c0000000)
  eden space 830976K, 92% used [0x000000076bf80000,0x000000079ac3a188,0x000000079eb00000)
  from space 4608K, 27% used [0x000000079ef80000,0x000000079f0c0020,0x000000079f400000)
  to   space 4608K, 0% used [0x000000079eb00000,0x000000079eb00000,0x000000079ef80000)
 ParOldGen       total 173568K, used 5016K [0x00000006c3e00000, 0x00000006ce780000, 0x000000076bf80000)
  object space 173568K, 2% used [0x00000006c3e00000,0x00000006c42e6330,0x00000006ce780000)
 Metaspace       used 17149K, capacity 17484K, committed 17920K, reserved 1064960K
  class space    used 1602K, capacity 1708K, committed 1792K, reserved 1048576K
GC Heap History (10 events):
Event: 1.655 GC heap before
{Heap before GC invocations=6 (full 0):
 PSYoungGen      total 140800K, used 133171K [0x000000076bf80000, 0x000000077c580000, 0x00000007c0000000)
  eden space 130048K, 100% used [0x000000076bf80000,0x0000000773e80000,0x0000000773e80000)
  from space 10752K, 29% used [0x0000000773e80000,0x000000077418ce38,0x0000000774900000)
  to   space 4096K, 0% used [0x000000077c180000,0x000000077c180000,0x000000077c580000)
 ParOldGen       total 173568K, used 48K [0x00000006c3e00000, 0x00000006ce780000, 0x000000076bf80000)
  object space 173568K, 0% used [0x00000006c3e00000,0x00000006c3e0c000,0x00000006ce780000)
 Metaspace       used 9555K, capacity 9742K, committed 10112K, reserved 1058816K
  class space    used 972K, capacity 1033K, committed 1152K, reserved 1048576K
Event: 1.660 GC heap after
Heap after GC invocations=6 (full 0):
 PSYoungGen      total 263680K, used 3582K [0x000000076bf80000, 0x000000077c680000, 0x00000007c0000000)
  eden space 259584K, 0% used [0x000000076bf80000,0x000000076bf80000,0x000000077bd00000)
  from space 4096K, 87% used [0x000000077c180000,0x000000077c4ffa28,0x000000077c580000)
  to   space 4608K, 0% used [0x000000077bd00000,0x000000077bd00000,0x000000077c180000)
 ParOldGen       total 173568K, used 56K [0x00000006c3e00000, 0x00000006ce780000, 0x000000076bf80000)
  object space 173568K, 0% used [0x00000006c3e00000,0x00000006c3e0e000,0x00000006ce780000)
 Metaspace       used 9555K, capacity 9742K, committed 10112K, reserved 1058816K
  class space    used 972K, capacity 1033K, committed 1152K, reserved 1048576K
}
Event: 2.010 GC heap before
{Heap before GC invocations=7 (full 0):
 PSYoungGen      total 263680K, used 263166K [0x000000076bf80000, 0x000000077c680000, 0x00000007c0000000)
  eden space 259584K, 100% used [0x000000076bf80000,0x000000077bd00000,0x000000077bd00000)
  from space 4096K, 87% used [0x000000077c180000,0x000000077c4ffa28,0x000000077c580000)
  to   space 4608K, 0% used [0x000000077bd00000,0x000000077bd00000,0x000000077c180000)
 ParOldGen       total 173568K, used 56K [0x00000006c3e00000, 0x00000006ce780000, 0x000000076bf80000)
  object space 173568K, 0% used [0x00000006c3e00000,0x00000006c3e0e000,0x00000006ce780000)
 Metaspace       used 9565K, capacity 9806K, committed 10112K, reserved 1058816K
  class space    used 972K, capacity 1033K, committed 1152K, reserved 1048576K
Event: 2.018 GC heap after
Heap after GC invocations=7 (full 0):
 PSYoungGen      total 264192K, used 2112K [0x000000076bf80000, 0x000000078c380000, 0x00000007c0000000)
  eden space 259584K, 0% used [0x000000076bf80000,0x000000076bf80000,0x000000077bd00000)
  from space 4608K, 45% used [0x000000077bd00000,0x000000077bf10000,0x000000077c180000)
  to   space 4608K, 0% used [0x000000078bf00000,0x000000078bf00000,0x000000078c380000)
 ParOldGen       total 173568K, used 2263K [0x00000006c3e00000, 0x00000006ce780000, 0x000000076bf80000)
  object space 173568K, 1% used [0x00000006c3e00000,0x00000006c4035ec8,0x00000006ce780000)
 Metaspace       used 9565K, capacity 9806K, committed 10112K, reserved 1058816K
  class space    used 972K, capacity 1033K, committed 1152K, reserved 1048576K
}
Event: 2.332 GC heap before
{Heap before GC invocations=8 (full 0):
 PSYoungGen      total 264192K, used 261696K [0x000000076bf80000, 0x000000078c380000, 0x00000007c0000000)
  eden space 259584K, 100% used [0x000000076bf80000,0x000000077bd00000,0x000000077bd00000)
  from space 4608K, 45% used [0x000000077bd00000,0x000000077bf10000,0x000000077c180000)
  to   space 4608K, 0% used [0x000000078bf00000,0x000000078bf00000,0x000000078c380000)
 ParOldGen       total 173568K, used 2263K [0x00000006c3e00000, 0x00000006ce780000, 0x000000076bf80000)
  object space 173568K, 1% used [0x00000006c3e00000,0x00000006c4035ec8,0x00000006ce780000)
 Metaspace       used 9570K, capacity 9806K, committed 10112K, reserved 1058816K
  class space    used 972K, capacity 1033K, committed 1152K, reserved 1048576K
Event: 2.341 GC heap after
Heap after GC invocations=8 (full 0):
 PSYoungGen      total 522752K, used 2624K [0x000000076bf80000, 0x000000078c280000, 0x00000007c0000000)
  eden space 519168K, 0% used [0x000000076bf80000,0x000000076bf80000,0x000000078ba80000)
  from space 3584K, 73% used [0x000000078bf00000,0x000000078c190020,0x000000078c280000)
  to   space 4096K, 0% used [0x000000078ba80000,0x000000078ba80000,0x000000078be80000)
 ParOldGen       total 173568K, used 2716K [0x00000006c3e00000, 0x00000006ce780000, 0x000000076bf80000)
  object space 173568K, 1% used [0x00000006c3e00000,0x00000006c40a72c0,0x00000006ce780000)
 Metaspace       used 9570K, capacity 9806K, committed 10112K, reserved 1058816K
  class space    used 972K, capacity 1033K, committed 1152K, reserved 1048576K
}
Event: 3.012 GC heap before
{Heap before GC invocations=9 (full 0):
 PSYoungGen      total 522752K, used 521792K [0x000000076bf80000, 0x000000078c280000, 0x00000007c0000000)
  eden space 519168K, 100% used [0x000000076bf80000,0x000000078ba80000,0x000000078ba80000)
  from space 3584K, 73% used [0x000000078bf00000,0x000000078c190020,0x000000078c280000)
  to   space 4096K, 0% used [0x000000078ba80000,0x000000078ba80000,0x000000078be80000)
 ParOldGen       total 173568K, used 2716K [0x00000006c3e00000, 0x00000006ce780000, 0x000000076bf80000)
  object space 173568K, 1% used [0x00000006c3e00000,0x00000006c40a72c0,0x00000006ce780000)
 Metaspace       used 9605K, capacity 9806K, committed 10112K, reserved 1058816K
  class space    used 972K, capacity 1033K, committed 1152K, reserved 1048576K
Event: 3.018 GC heap after
Heap after GC invocations=9 (full 0):
 PSYoungGen      total 523264K, used 3552K [0x000000076bf80000, 0x000000079f400000, 0x00000007c0000000)
  eden space 519168K, 0% used [0x000000076bf80000,0x000000076bf80000,0x000000078ba80000)
  from space 4096K, 86% used [0x000000078ba80000,0x000000078bdf8020,0x000000078be80000)
  to   space 4608K, 0% used [0x000000079ef80000,0x000000079ef80000,0x000000079f400000)
 ParOldGen       total 173568K, used 3576K [0x00000006c3e00000, 0x00000006ce780000, 0x000000076bf80000)
  object space 173568K, 2% used [0x00000006c3e00000,0x00000006c417e330,0x00000006ce780000)
 Metaspace       used 9605K, capacity 9806K, committed 10112K, reserved 1058816K
  class space    used 972K, capacity 1033K, committed 1152K, reserved 1048576K
}
Event: 3.401 GC heap before
{Heap before GC invocations=10 (full 0):
 PSYoungGen      total 523264K, used 522720K [0x000000076bf80000, 0x000000079f400000, 0x00000007c0000000)
  eden space 519168K, 100% used [0x000000076bf80000,0x000000078ba80000,0x000000078ba80000)
  from space 4096K, 86% used [0x000000078ba80000,0x000000078bdf8020,0x000000078be80000)
  to   space 4608K, 0% used [0x000000079ef80000,0x000000079ef80000,0x000000079f400000)
 ParOldGen       total 173568K, used 3576K [0x00000006c3e00000, 0x00000006ce780000, 0x000000076bf80000)
  object space 173568K, 2% used [0x00000006c3e00000,0x00000006c417e330,0x00000006ce780000)
 Metaspace       used 9626K, capacity 9806K, committed 10112K, reserved 1058816K
  class space    used 972K, capacity 1033K, committed 1152K, reserved 1048576K
Event: 3.403 GC heap after
Heap after GC invocations=10 (full 0):
 PSYoungGen      total 835584K, used 1280K [0x000000076bf80000, 0x000000079f400000, 0x00000007c0000000)
  eden space 830976K, 0% used [0x000000076bf80000,0x000000076bf80000,0x000000079eb00000)
  from space 4608K, 27% used [0x000000079ef80000,0x000000079f0c0020,0x000000079f400000)
  to   space 4608K, 0% used [0x000000079eb00000,0x000000079eb00000,0x000000079ef80000)
 ParOldGen       total 173568K, used 5016K [0x00000006c3e00000, 0x00000006ce780000, 0x000000076bf80000)
  object space 173568K, 2% used [0x00000006c3e00000,0x00000006c42e6330,0x00000006ce780000)
 Metaspace       used 9626K, capacity 9806K, committed 10112K, reserved 1058816K
  class space    used 972K, capacity 1033K, committed 1152K, reserved 1048576K
}

