# JRE version: Java(TM) SE Runtime Environment (8.0_251-b08) (build 1.8.0_251-b08)
# Java VM: Java HotSpot(TM) 64-Bit Server VM (25.251-b08 mixed mode windows-amd64 compressed oops)
Heap:
 PSYoungGen      total 1339904K, used 749612K [0x000000076bf80000, 0x00000007c0000000, 0x00000007c0000000)
  eden space 1332224K, 55% used [0x000000076bf80000,0x0000000799693130,0x00000007bd480000)
  from space 7680K, 66% used [0x00000007bd480000,0x00000007bd978020,0x00000007bdc00000)
  to   space 7680K, 0% used [0x00000007bf880000,0x00000007bf880000,0x00000007c0000000)
 ParOldGen       total 173568K, used 16745K [0x00000006c3e00000, 0x00000006ce780000, 0x000000076bf80000)
  object space 173568K, 9% used [0x00000006c3e00000,0x00000006c4e5a510,0x00000006ce780000)
 Metaspace       used 9403K, capacity 9646K, committed 9728K, reserved 1058816K
  class space    used 944K, capacity 1001K, committed 1024K, reserved 1048576K
GC Heap History (10 events):
Event: 2.754 GC heap before
{Heap before GC invocations=9 (full 0):
 PSYoungGen      total 527872K, used 522720K [0x000000076bf80000, 0x000000078ca80000, 0x00000007c0000000)
  eden space 520192K, 100% used [0x000000076bf80000,0x000000078bb80000,0x000000078bb80000)
  from space 7680K, 32% used [0x000000078c300000,0x000000078c578000,0x000000078ca80000)
  to   space 7680K, 0% used [0x000000078bb80000,0x000000078bb80000,0x000000078c300000)
 ParOldGen       total 173568K, used 4752K [0x00000006c3e00000, 0x00000006ce780000, 0x000000076bf80000)
  object space 173568K, 2% used [0x00000006c3e00000,0x00000006c42a4160,0x00000006ce780000)
 Metaspace       used 9336K, capacity 9582K, committed 9728K, reserved 1058816K
  class space    used 944K, capacity 1001K, committed 1024K, reserved 1048576K
Event: 2.761 GC heap after
Heap after GC invocations=9 (full 0):
 PSYoungGen      total 527872K, used 3328K [0x000000076bf80000, 0x000000079fb80000, 0x00000007c0000000)
  eden space 520192K, 0% used [0x000000076bf80000,0x000000076bf80000,0x000000078bb80000)
  from space 7680K, 43% used [0x000000078bb80000,0x000000078bec0000,0x000000078c300000)
  to   space 7680K, 0% used [0x000000079f400000,0x000000079f400000,0x000000079fb80000)
 ParOldGen       total 173568K, used 5688K [0x00000006c3e00000, 0x00000006ce780000, 0x000000076bf80000)
  object space 173568K, 3% used [0x00000006c3e00000,0x00000006c438e160,0x00000006ce780000)
 Metaspace       used 9336K, capacity 9582K, committed 9728K, reserved 1058816K
  class space    used 944K, capacity 1001K, committed 1024K, reserved 1048576K
}
Event: 3.108 GC heap before
{Heap before GC invocations=10 (full 0):
 PSYoungGen      total 527872K, used 523520K [0x000000076bf80000, 0x000000079fb80000, 0x00000007c0000000)
  eden space 520192K, 100% used [0x000000076bf80000,0x000000078bb80000,0x000000078bb80000)
  from space 7680K, 43% used [0x000000078bb80000,0x000000078bec0000,0x000000078c300000)
  to   space 7680K, 0% used [0x000000079f400000,0x000000079f400000,0x000000079fb80000)
 ParOldGen       total 173568K, used 5688K [0x00000006c3e00000, 0x00000006ce780000, 0x000000076bf80000)
  object space 173568K, 3% used [0x00000006c3e00000,0x00000006c438e160,0x00000006ce780000)
 Metaspace       used 9346K, capacity 9582K, committed 9728K, reserved 1058816K
  class space    used 944K, capacity 1001K, committed 1024K, reserved 1048576K
Event: 3.115 GC heap after
Heap after GC invocations=10 (full 0):
 PSYoungGen      total 840192K, used 3392K [0x000000076bf80000, 0x000000079fb80000, 0x00000007c0000000)
  eden space 832512K, 0% used [0x000000076bf80000,0x000000076bf80000,0x000000079ec80000)
  from space 7680K, 44% used [0x000000079f400000,0x000000079f750000,0x000000079fb80000)
  to   space 7680K, 0% used [0x000000079ec80000,0x000000079ec80000,0x000000079f400000)
 ParOldGen       total 173568K, used 7290K [0x00000006c3e00000, 0x00000006ce780000, 0x000000076bf80000)
  object space 173568K, 4% used [0x00000006c3e00000,0x00000006c451e878,0x00000006ce780000)
 Metaspace       used 9346K, capacity 9582K, committed 9728K, reserved 1058816K
  class space    used 944K, capacity 1001K, committed 1024K, reserved 1048576K
}
Event: 3.696 GC heap before
{Heap before GC invocations=11 (full 0):
 PSYoungGen      total 840192K, used 835904K [0x000000076bf80000, 0x000000079fb80000, 0x00000007c0000000)
  eden space 832512K, 100% used [0x000000076bf80000,0x000000079ec80000,0x000000079ec80000)
  from space 7680K, 44% used [0x000000079f400000,0x000000079f750000,0x000000079fb80000)
  to   space 7680K, 0% used [0x000000079ec80000,0x000000079ec80000,0x000000079f400000)
 ParOldGen       total 173568K, used 7290K [0x00000006c3e00000, 0x00000006ce780000, 0x000000076bf80000)
  object space 173568K, 4% used [0x00000006c3e00000,0x00000006c451e878,0x00000006ce780000)
 Metaspace       used 9382K, capacity 9582K, committed 9728K, reserved 1058816K
  class space    used 944K, capacity 1001K, committed 1024K, reserved 1048576K
Event: 3.704 GC heap after
Heap after GC invocations=11 (full 0):
 PSYoungGen      total 840192K, used 3292K [0x000000076bf80000, 0x00000007be380000, 0x00000007c0000000)
  eden space 832512K, 0% used [0x000000076bf80000,0x000000076bf80000,0x000000079ec80000)
  from space 7680K, 42% used [0x000000079ec80000,0x000000079efb71f8,0x000000079f400000)
  to   space 7680K, 0% used [0x00000007bdc00000,0x00000007bdc00000,0x00000007be380000)
 ParOldGen       total 173568K, used 10616K [0x00000006c3e00000, 0x00000006ce780000, 0x000000076bf80000)
  object space 173568K, 6% used [0x00000006c3e00000,0x00000006c485e168,0x00000006ce780000)
 Metaspace       used 9382K, capacity 9582K, committed 9728K, reserved 1058816K
  class space    used 944K, capacity 1001K, committed 1024K, reserved 1048576K
}
Event: 4.193 GC heap before
{Heap before GC invocations=12 (full 0):
 PSYoungGen      total 840192K, used 835804K [0x000000076bf80000, 0x00000007be380000, 0x00000007c0000000)
  eden space 832512K, 100% used [0x000000076bf80000,0x000000079ec80000,0x000000079ec80000)
  from space 7680K, 42% used [0x000000079ec80000,0x000000079efb71f8,0x000000079f400000)
  to   space 7680K, 0% used [0x00000007bdc00000,0x00000007bdc00000,0x00000007be380000)
 ParOldGen       total 173568K, used 10616K [0x00000006c3e00000, 0x00000006ce780000, 0x000000076bf80000)
  object space 173568K, 6% used [0x00000006c3e00000,0x00000006c485e168,0x00000006ce780000)
 Metaspace       used 9390K, capacity 9582K, committed 9728K, reserved 1058816K
  class space    used 944K, capacity 1001K, committed 1024K, reserved 1048576K
Event: 4.200 GC heap after
Heap after GC invocations=12 (full 0):
 PSYoungGen      total 1339904K, used 2944K [0x000000076bf80000, 0x00000007be380000, 0x00000007c0000000)
  eden space 1332224K, 0% used [0x000000076bf80000,0x000000076bf80000,0x00000007bd480000)
  from space 7680K, 38% used [0x00000007bdc00000,0x00000007bdee0000,0x00000007be380000)
  to   space 7680K, 0% used [0x00000007bd480000,0x00000007bd480000,0x00000007bdc00000)
 ParOldGen       total 173568K, used 13869K [0x00000006c3e00000, 0x00000006ce780000, 0x000000076bf80000)
  object space 173568K, 7% used [0x00000006c3e00000,0x00000006c4b8b4c0,0x00000006ce780000)
 Metaspace       used 9390K, capacity 9582K, committed 9728K, reserved 1058816K
  class space    used 944K, capacity 1001K, committed 1024K, reserved 1048576K
}
Event: 5.563 GC heap before
{Heap before GC invocations=13 (full 0):
 PSYoungGen      total 1339904K, used 1335168K [0x000000076bf80000, 0x00000007be380000, 0x00000007c0000000)
  eden space 1332224K, 100% used [0x000000076bf80000,0x00000007bd480000,0x00000007bd480000)
  from space 7680K, 38% used [0x00000007bdc00000,0x00000007bdee0000,0x00000007be380000)
  to   space 7680K, 0% used [0x00000007bd480000,0x00000007bd480000,0x00000007bdc00000)
 ParOldGen       total 173568K, used 13869K [0x00000006c3e00000, 0x00000006ce780000, 0x000000076bf80000)
  object space 173568K, 7% used [0x00000006c3e00000,0x00000006c4b8b4c0,0x00000006ce780000)
 Metaspace       used 9399K, capacity 9646K, committed 9728K, reserved 1058816K
  class space    used 944K, capacity 1001K, committed 1024K, reserved 1048576K
Event: 5.572 GC heap after
Heap after GC invocations=13 (full 0):
 PSYoungGen      total 1339904K, used 5088K [0x000000076bf80000, 0x00000007c0000000, 0x00000007c0000000)
  eden space 1332224K, 0% used [0x000000076bf80000,0x000000076bf80000,0x00000007bd480000)
  from space 7680K, 66% used [0x00000007bd480000,0x00000007bd978020,0x00000007bdc00000)
  to   space 7680K, 0% used [0x00000007bf880000,0x00000007bf880000,0x00000007c0000000)
 ParOldGen       total 173568K, used 16745K [0x00000006c3e00000, 0x00000006ce780000, 0x000000076bf80000)
  object space 173568K, 9% used [0x00000006c3e00000,0x00000006c4e5a510,0x00000006ce780000)
 Metaspace       used 9399K, capacity 9646K, committed 9728K, reserved 1058816K
  class space    used 944K, capacity 1001K, committed 1024K, reserved 1048576K
}

