# JRE version: Java(TM) SE Runtime Environment (8.0_251-b08) (build 1.8.0_251-b08)
# Java VM: Java HotSpot(TM) 64-Bit Server VM (25.251-b08 mixed mode windows-amd64 compressed oops)
Heap:
 PSYoungGen      total 1371136K, used 445877K [0x000000076bf80000, 0x00000007c0000000, 0x00000007c0000000)
  eden space 1365504K, 32% used [0x000000076bf80000,0x0000000786fd5780,0x00000007bf500000)
  from space 5632K, 56% used [0x00000007bfa80000,0x00000007bfd98000,0x00000007c0000000)
  to   space 5632K, 0% used [0x00000007bf500000,0x00000007bf500000,0x00000007bfa80000)
 ParOldGen       total 173568K, used 15508K [0x00000006c3e00000, 0x00000006ce780000, 0x000000076bf80000)
  object space 173568K, 8% used [0x00000006c3e00000,0x00000006c4d251c0,0x00000006ce780000)
 Metaspace       used 19532K, capacity 19806K, committed 20096K, reserved 1067008K
  class space    used 1770K, capacity 1835K, committed 1920K, reserved 1048576K
GC Heap History (10 events):
Event: 2.518 GC heap before
{Heap before GC invocations=10 (full 0):
 PSYoungGen      total 525824K, used 521920K [0x000000076bf80000, 0x000000079f780000, 0x00000007c0000000)
  eden space 519680K, 100% used [0x000000076bf80000,0x000000078bb00000,0x000000078bb00000)
  from space 6144K, 36% used [0x000000078bb00000,0x000000078bd30000,0x000000078c100000)
  to   space 6144K, 0% used [0x000000079f180000,0x000000079f180000,0x000000079f780000)
 ParOldGen       total 173568K, used 4459K [0x00000006c3e00000, 0x00000006ce780000, 0x000000076bf80000)
  object space 173568K, 2% used [0x00000006c3e00000,0x00000006c425add8,0x00000006ce780000)
 Metaspace       used 9354K, capacity 9550K, committed 9856K, reserved 1058816K
  class space    used 967K, capacity 1033K, committed 1152K, reserved 1048576K
Event: 2.524 GC heap after
Heap after GC invocations=10 (full 0):
 PSYoungGen      total 837632K, used 2592K [0x000000076bf80000, 0x000000079f780000, 0x00000007c0000000)
  eden space 831488K, 0% used [0x000000076bf80000,0x000000076bf80000,0x000000079eb80000)
  from space 6144K, 42% used [0x000000079f180000,0x000000079f408000,0x000000079f780000)
  to   space 6144K, 0% used [0x000000079eb80000,0x000000079eb80000,0x000000079f180000)
 ParOldGen       total 173568K, used 5523K [0x00000006c3e00000, 0x00000006ce780000, 0x000000076bf80000)
  object space 173568K, 3% used [0x00000006c3e00000,0x00000006c4364dd8,0x00000006ce780000)
 Metaspace       used 9354K, capacity 9550K, committed 9856K, reserved 1058816K
  class space    used 967K, capacity 1033K, committed 1152K, reserved 1048576K
}
Event: 3.248 GC heap before
{Heap before GC invocations=11 (full 0):
 PSYoungGen      total 837632K, used 834080K [0x000000076bf80000, 0x000000079f780000, 0x00000007c0000000)
  eden space 831488K, 100% used [0x000000076bf80000,0x000000079eb80000,0x000000079eb80000)
  from space 6144K, 42% used [0x000000079f180000,0x000000079f408000,0x000000079f780000)
  to   space 6144K, 0% used [0x000000079eb80000,0x000000079eb80000,0x000000079f180000)
 ParOldGen       total 173568K, used 5523K [0x00000006c3e00000, 0x00000006ce780000, 0x000000076bf80000)
  object space 173568K, 3% used [0x00000006c3e00000,0x00000006c4364dd8,0x00000006ce780000)
 Metaspace       used 9384K, capacity 9614K, committed 9856K, reserved 1058816K
  class space    used 967K, capacity 1033K, committed 1152K, reserved 1048576K
Event: 3.256 GC heap after
Heap after GC invocations=11 (full 0):
 PSYoungGen      total 837632K, used 2240K [0x000000076bf80000, 0x00000007bde00000, 0x00000007c0000000)
  eden space 831488K, 0% used [0x000000076bf80000,0x000000076bf80000,0x000000079eb80000)
  from space 6144K, 36% used [0x000000079eb80000,0x000000079edb0020,0x000000079f180000)
  to   space 5632K, 0% used [0x00000007bd880000,0x00000007bd880000,0x00000007bde00000)
 ParOldGen       total 173568K, used 8050K [0x00000006c3e00000, 0x00000006ce780000, 0x000000076bf80000)
  object space 173568K, 4% used [0x00000006c3e00000,0x00000006c45dc868,0x00000006ce780000)
 Metaspace       used 9384K, capacity 9614K, committed 9856K, reserved 1058816K
  class space    used 967K, capacity 1033K, committed 1152K, reserved 1048576K
}
Event: 3.856 GC heap before
{Heap before GC invocations=12 (full 0):
 PSYoungGen      total 837632K, used 833728K [0x000000076bf80000, 0x00000007bde00000, 0x00000007c0000000)
  eden space 831488K, 100% used [0x000000076bf80000,0x000000079eb80000,0x000000079eb80000)
  from space 6144K, 36% used [0x000000079eb80000,0x000000079edb0020,0x000000079f180000)
  to   space 5632K, 0% used [0x00000007bd880000,0x00000007bd880000,0x00000007bde00000)
 ParOldGen       total 173568K, used 8050K [0x00000006c3e00000, 0x00000006ce780000, 0x000000076bf80000)
  object space 173568K, 4% used [0x00000006c3e00000,0x00000006c45dc868,0x00000006ce780000)
 Metaspace       used 9385K, capacity 9614K, committed 9856K, reserved 1058816K
  class space    used 967K, capacity 1033K, committed 1152K, reserved 1048576K
Event: 3.862 GC heap after
Heap after GC invocations=12 (full 0):
 PSYoungGen      total 1336320K, used 1792K [0x000000076bf80000, 0x00000007bde00000, 0x00000007c0000000)
  eden space 1330688K, 0% used [0x000000076bf80000,0x000000076bf80000,0x00000007bd300000)
  from space 5632K, 31% used [0x00000007bd880000,0x00000007bda40000,0x00000007bde00000)
  to   space 5632K, 0% used [0x00000007bd300000,0x00000007bd300000,0x00000007bd880000)
 ParOldGen       total 173568K, used 10212K [0x00000006c3e00000, 0x00000006ce780000, 0x000000076bf80000)
  object space 173568K, 5% used [0x00000006c3e00000,0x00000006c47f9338,0x00000006ce780000)
 Metaspace       used 9385K, capacity 9614K, committed 9856K, reserved 1058816K
  class space    used 967K, capacity 1033K, committed 1152K, reserved 1048576K
}
Event: 4.816 GC heap before
{Heap before GC invocations=13 (full 0):
 PSYoungGen      total 1336320K, used 1332480K [0x000000076bf80000, 0x00000007bde00000, 0x00000007c0000000)
  eden space 1330688K, 100% used [0x000000076bf80000,0x00000007bd300000,0x00000007bd300000)
  from space 5632K, 31% used [0x00000007bd880000,0x00000007bda40000,0x00000007bde00000)
  to   space 5632K, 0% used [0x00000007bd300000,0x00000007bd300000,0x00000007bd880000)
 ParOldGen       total 173568K, used 10212K [0x00000006c3e00000, 0x00000006ce780000, 0x000000076bf80000)
  object space 173568K, 5% used [0x00000006c3e00000,0x00000006c47f9338,0x00000006ce780000)
 Metaspace       used 9431K, capacity 9614K, committed 9856K, reserved 1058816K
  class space    used 967K, capacity 1033K, committed 1152K, reserved 1048576K
Event: 4.822 GC heap after
Heap after GC invocations=13 (full 0):
 PSYoungGen      total 1336320K, used 3648K [0x000000076bf80000, 0x00000007c0000000, 0x00000007c0000000)
  eden space 1330688K, 0% used [0x000000076bf80000,0x000000076bf80000,0x00000007bd300000)
  from space 5632K, 64% used [0x00000007bd300000,0x00000007bd690020,0x00000007bd880000)
  to   space 5632K, 0% used [0x00000007bfa80000,0x00000007bfa80000,0x00000007c0000000)
 ParOldGen       total 173568K, used 11940K [0x00000006c3e00000, 0x00000006ce780000, 0x000000076bf80000)
  object space 173568K, 6% used [0x00000006c3e00000,0x00000006c49a9338,0x00000006ce780000)
 Metaspace       used 9431K, capacity 9614K, committed 9856K, reserved 1058816K
  class space    used 967K, capacity 1033K, committed 1152K, reserved 1048576K
}
Event: 5.460 GC heap before
{Heap before GC invocations=14 (full 0):
 PSYoungGen      total 1336320K, used 1334336K [0x000000076bf80000, 0x00000007c0000000, 0x00000007c0000000)
  eden space 1330688K, 100% used [0x000000076bf80000,0x00000007bd300000,0x00000007bd300000)
  from space 5632K, 64% used [0x00000007bd300000,0x00000007bd690020,0x00000007bd880000)
  to   space 5632K, 0% used [0x00000007bfa80000,0x00000007bfa80000,0x00000007c0000000)
 ParOldGen       total 173568K, used 11940K [0x00000006c3e00000, 0x00000006ce780000, 0x000000076bf80000)
  object space 173568K, 6% used [0x00000006c3e00000,0x00000006c49a9338,0x00000006ce780000)
 Metaspace       used 9433K, capacity 9614K, committed 9856K, reserved 1058816K
  class space    used 967K, capacity 1033K, committed 1152K, reserved 1048576K
Event: 5.468 GC heap after
Heap after GC invocations=14 (full 0):
 PSYoungGen      total 1371136K, used 3168K [0x000000076bf80000, 0x00000007c0000000, 0x00000007c0000000)
  eden space 1365504K, 0% used [0x000000076bf80000,0x000000076bf80000,0x00000007bf500000)
  from space 5632K, 56% used [0x00000007bfa80000,0x00000007bfd98000,0x00000007c0000000)
  to   space 5632K, 0% used [0x00000007bf500000,0x00000007bf500000,0x00000007bfa80000)
 ParOldGen       total 173568K, used 15508K [0x00000006c3e00000, 0x00000006ce780000, 0x000000076bf80000)
  object space 173568K, 8% used [0x00000006c3e00000,0x00000006c4d251c0,0x00000006ce780000)
 Metaspace       used 9433K, capacity 9614K, committed 9856K, reserved 1058816K
  class space    used 967K, capacity 1033K, committed 1152K, reserved 1048576K
}

