# JRE version: Java(TM) SE Runtime Environment (8.0_251-b08) (build 1.8.0_251-b08)
# Java VM: Java HotSpot(TM) 64-Bit Server VM (25.251-b08 mixed mode windows-amd64 compressed oops)
Heap:
 PSYoungGen      total 836096K, used 70094K [0x000000076bc00000, 0x000000079f280000, 0x00000007c0000000)
  eden space 830464K, 8% used [0x000000076bc00000,0x000000076ff00c80,0x000000079e700000)
  from space 5632K, 26% used [0x000000079e700000,0x000000079e872ed8,0x000000079ec80000)
  to   space 5120K, 0% used [0x000000079ec80000,0x000000079ec80000,0x000000079f180000)
 ParOldGen       total 173568K, used 6686K [0x00000006c3400000, 0x00000006cdd80000, 0x000000076bc00000)
  object space 173568K, 3% used [0x00000006c3400000,0x00000006c3a87970,0x00000006cdd80000)
 Metaspace       used 15901K, capacity 16190K, committed 16512K, reserved 1067008K
  class space    used 1505K, capacity 1597K, committed 1664K, reserved 1048576K
GC Heap History (10 events):
Event: 1.429 GC heap before
{Heap before GC invocations=7 (full 0):
 PSYoungGen      total 263680K, used 263477K [0x000000076bc00000, 0x000000077c300000, 0x00000007c0000000)
  eden space 259584K, 100% used [0x000000076bc00000,0x000000077b980000,0x000000077b980000)
  from space 4096K, 95% used [0x000000077be00000,0x000000077c1cd678,0x000000077c200000)
  to   space 4608K, 0% used [0x000000077b980000,0x000000077b980000,0x000000077be00000)
 ParOldGen       total 173568K, used 139K [0x00000006c3400000, 0x00000006cdd80000, 0x000000076bc00000)
  object space 173568K, 0% used [0x00000006c3400000,0x00000006c3422c10,0x00000006cdd80000)
 Metaspace       used 9718K, capacity 9966K, committed 10112K, reserved 1058816K
  class space    used 987K, capacity 1065K, committed 1152K, reserved 1048576K
Event: 1.434 GC heap after
Heap after GC invocations=7 (full 0):
 PSYoungGen      total 264192K, used 2608K [0x000000076bc00000, 0x000000078c000000, 0x00000007c0000000)
  eden space 259584K, 0% used [0x000000076bc00000,0x000000076bc00000,0x000000077b980000)
  from space 4608K, 56% used [0x000000077b980000,0x000000077bc0c180,0x000000077be00000)
  to   space 4608K, 0% used [0x000000078bb80000,0x000000078bb80000,0x000000078c000000)
 ParOldGen       total 173568K, used 2600K [0x00000006c3400000, 0x00000006cdd80000, 0x000000076bc00000)
  object space 173568K, 1% used [0x00000006c3400000,0x00000006c368a368,0x00000006cdd80000)
 Metaspace       used 9718K, capacity 9966K, committed 10112K, reserved 1058816K
  class space    used 987K, capacity 1065K, committed 1152K, reserved 1048576K
}
Event: 1.622 GC heap before
{Heap before GC invocations=8 (full 0):
 PSYoungGen      total 264192K, used 262192K [0x000000076bc00000, 0x000000078c000000, 0x00000007c0000000)
  eden space 259584K, 100% used [0x000000076bc00000,0x000000077b980000,0x000000077b980000)
  from space 4608K, 56% used [0x000000077b980000,0x000000077bc0c180,0x000000077be00000)
  to   space 4608K, 0% used [0x000000078bb80000,0x000000078bb80000,0x000000078c000000)
 ParOldGen       total 173568K, used 2600K [0x00000006c3400000, 0x00000006cdd80000, 0x000000076bc00000)
  object space 173568K, 1% used [0x00000006c3400000,0x00000006c368a368,0x00000006cdd80000)
 Metaspace       used 9753K, capacity 10030K, committed 10368K, reserved 1058816K
  class space    used 987K, capacity 1065K, committed 1152K, reserved 1048576K
Event: 1.626 GC heap after
Heap after GC invocations=8 (full 0):
 PSYoungGen      total 523776K, used 3440K [0x000000076bc00000, 0x000000078c000000, 0x00000007c0000000)
  eden space 519168K, 0% used [0x000000076bc00000,0x000000076bc00000,0x000000078b700000)
  from space 4608K, 74% used [0x000000078bb80000,0x000000078bedc1a0,0x000000078c000000)
  to   space 4608K, 0% used [0x000000078b700000,0x000000078b700000,0x000000078bb80000)
 ParOldGen       total 173568K, used 3098K [0x00000006c3400000, 0x00000006cdd80000, 0x000000076bc00000)
  object space 173568K, 1% used [0x00000006c3400000,0x00000006c3706ab8,0x00000006cdd80000)
 Metaspace       used 9753K, capacity 10030K, committed 10368K, reserved 1058816K
  class space    used 987K, capacity 1065K, committed 1152K, reserved 1048576K
}
Event: 2.113 GC heap before
{Heap before GC invocations=9 (full 0):
 PSYoungGen      total 523776K, used 522608K [0x000000076bc00000, 0x000000078c000000, 0x00000007c0000000)
  eden space 519168K, 100% used [0x000000076bc00000,0x000000078b700000,0x000000078b700000)
  from space 4608K, 74% used [0x000000078bb80000,0x000000078bedc1a0,0x000000078c000000)
  to   space 4608K, 0% used [0x000000078b700000,0x000000078b700000,0x000000078bb80000)
 ParOldGen       total 173568K, used 3098K [0x00000006c3400000, 0x00000006cdd80000, 0x000000076bc00000)
  object space 173568K, 1% used [0x00000006c3400000,0x00000006c3706ab8,0x00000006cdd80000)
 Metaspace       used 9768K, capacity 10030K, committed 10368K, reserved 1058816K
  class space    used 987K, capacity 1065K, committed 1152K, reserved 1048576K
Event: 2.119 GC heap after
Heap after GC invocations=9 (full 0):
 PSYoungGen      total 523776K, used 4593K [0x000000076bc00000, 0x000000079f180000, 0x00000007c0000000)
  eden space 519168K, 0% used [0x000000076bc00000,0x000000076bc00000,0x000000078b700000)
  from space 4608K, 99% used [0x000000078b700000,0x000000078bb7c500,0x000000078bb80000)
  to   space 5120K, 0% used [0x000000079ec80000,0x000000079ec80000,0x000000079f180000)
 ParOldGen       total 173568K, used 4002K [0x00000006c3400000, 0x00000006cdd80000, 0x000000076bc00000)
  object space 173568K, 2% used [0x00000006c3400000,0x00000006c37e8ab8,0x00000006cdd80000)
 Metaspace       used 9768K, capacity 10030K, committed 10368K, reserved 1058816K
  class space    used 987K, capacity 1065K, committed 1152K, reserved 1048576K
}
Event: 2.443 GC heap before
{Heap before GC invocations=10 (full 0):
 PSYoungGen      total 523776K, used 523761K [0x000000076bc00000, 0x000000079f180000, 0x00000007c0000000)
  eden space 519168K, 100% used [0x000000076bc00000,0x000000078b700000,0x000000078b700000)
  from space 4608K, 99% used [0x000000078b700000,0x000000078bb7c500,0x000000078bb80000)
  to   space 5120K, 0% used [0x000000079ec80000,0x000000079ec80000,0x000000079f180000)
 ParOldGen       total 173568K, used 4002K [0x00000006c3400000, 0x00000006cdd80000, 0x000000076bc00000)
  object space 173568K, 2% used [0x00000006c3400000,0x00000006c37e8ab8,0x00000006cdd80000)
 Metaspace       used 9779K, capacity 10030K, committed 10368K, reserved 1058816K
  class space    used 987K, capacity 1065K, committed 1152K, reserved 1048576K
Event: 2.446 GC heap after
Heap after GC invocations=10 (full 0):
 PSYoungGen      total 835584K, used 1264K [0x000000076bc00000, 0x000000079f280000, 0x00000007c0000000)
  eden space 830464K, 0% used [0x000000076bc00000,0x000000076bc00000,0x000000079e700000)
  from space 5120K, 24% used [0x000000079ec80000,0x000000079edbc360,0x000000079f180000)
  to   space 5632K, 0% used [0x000000079e700000,0x000000079e700000,0x000000079ec80000)
 ParOldGen       total 173568K, used 6224K [0x00000006c3400000, 0x00000006cdd80000, 0x000000076bc00000)
  object space 173568K, 3% used [0x00000006c3400000,0x00000006c3a140f0,0x00000006cdd80000)
 Metaspace       used 9779K, capacity 10030K, committed 10368K, reserved 1058816K
  class space    used 987K, capacity 1065K, committed 1152K, reserved 1048576K
}
Event: 3.108 GC heap before
{Heap before GC invocations=11 (full 0):
 PSYoungGen      total 835584K, used 831728K [0x000000076bc00000, 0x000000079f280000, 0x00000007c0000000)
  eden space 830464K, 100% used [0x000000076bc00000,0x000000079e700000,0x000000079e700000)
  from space 5120K, 24% used [0x000000079ec80000,0x000000079edbc360,0x000000079f180000)
  to   space 5632K, 0% used [0x000000079e700000,0x000000079e700000,0x000000079ec80000)
 ParOldGen       total 173568K, used 6224K [0x00000006c3400000, 0x00000006cdd80000, 0x000000076bc00000)
  object space 173568K, 3% used [0x00000006c3400000,0x00000006c3a140f0,0x00000006cdd80000)
 Metaspace       used 10236K, capacity 10456K, committed 10624K, reserved 1058816K
  class space    used 1033K, capacity 1116K, committed 1152K, reserved 1048576K
Event: 3.109 GC heap after
Heap after GC invocations=11 (full 0):
 PSYoungGen      total 836096K, used 1483K [0x000000076bc00000, 0x000000079f280000, 0x00000007c0000000)
  eden space 830464K, 0% used [0x000000076bc00000,0x000000076bc00000,0x000000079e700000)
  from space 5632K, 26% used [0x000000079e700000,0x000000079e872ed8,0x000000079ec80000)
  to   space 5120K, 0% used [0x000000079ec80000,0x000000079ec80000,0x000000079f180000)
 ParOldGen       total 173568K, used 6686K [0x00000006c3400000, 0x00000006cdd80000, 0x000000076bc00000)
  object space 173568K, 3% used [0x00000006c3400000,0x00000006c3a87970,0x00000006cdd80000)
 Metaspace       used 10236K, capacity 10456K, committed 10624K, reserved 1058816K
  class space    used 1033K, capacity 1116K, committed 1152K, reserved 1048576K
}

