# JRE version: Java(TM) SE Runtime Environment (8.0_251-b08) (build 1.8.0_251-b08)
# Java VM: Java HotSpot(TM) 64-Bit Server VM (25.251-b08 mixed mode windows-amd64 compressed oops)
Heap:
 PSYoungGen      total 835072K, used 660337K [0x000000076bc00000, 0x00000007bdb80000, 0x00000007c0000000)
  eden space 830976K, 78% used [0x000000076bc00000,0x0000000793ce40a8,0x000000079e780000)
  from space 4096K, 99% used [0x000000079e780000,0x000000079eb785c8,0x000000079eb80000)
  to   space 6656K, 0% used [0x00000007bd500000,0x00000007bd500000,0x00000007bdb80000)
 ParOldGen       total 173568K, used 10082K [0x00000006c3400000, 0x00000006cdd80000, 0x000000076bc00000)
  object space 173568K, 5% used [0x00000006c3400000,0x00000006c3dd8928,0x00000006cdd80000)
 Metaspace       used 19469K, capacity 19866K, committed 20096K, reserved 1067008K
  class space    used 1764K, capacity 1871K, committed 1920K, reserved 1048576K
GC Heap History (10 events):
Event: 1.293 GC heap before
{Heap before GC invocations=7 (full 0):
 PSYoungGen      total 263168K, used 263143K [0x000000076bc00000, 0x000000077c200000, 0x00000007c0000000)
  eden space 259584K, 100% used [0x000000076bc00000,0x000000077b980000,0x000000077b980000)
  from space 3584K, 99% used [0x000000077bd80000,0x000000077c0f9ec0,0x000000077c100000)
  to   space 4096K, 0% used [0x000000077b980000,0x000000077b980000,0x000000077bd80000)
 ParOldGen       total 173568K, used 64K [0x00000006c3400000, 0x00000006cdd80000, 0x000000076bc00000)
  object space 173568K, 0% used [0x00000006c3400000,0x00000006c3410000,0x00000006cdd80000)
 Metaspace       used 9126K, capacity 9326K, committed 9472K, reserved 1058816K
  class space    used 946K, capacity 1001K, committed 1024K, reserved 1048576K
Event: 1.299 GC heap after
Heap after GC invocations=7 (full 0):
 PSYoungGen      total 263680K, used 2272K [0x000000076bc00000, 0x000000078bf00000, 0x00000007c0000000)
  eden space 259584K, 0% used [0x000000076bc00000,0x000000076bc00000,0x000000077b980000)
  from space 4096K, 55% used [0x000000077b980000,0x000000077bbb8000,0x000000077bd80000)
  to   space 4096K, 0% used [0x000000078bb00000,0x000000078bb00000,0x000000078bf00000)
 ParOldGen       total 173568K, used 2227K [0x00000006c3400000, 0x00000006cdd80000, 0x000000076bc00000)
  object space 173568K, 1% used [0x00000006c3400000,0x00000006c362cf80,0x00000006cdd80000)
 Metaspace       used 9126K, capacity 9326K, committed 9472K, reserved 1058816K
  class space    used 946K, capacity 1001K, committed 1024K, reserved 1048576K
}
Event: 1.499 GC heap before
{Heap before GC invocations=8 (full 0):
 PSYoungGen      total 263680K, used 261856K [0x000000076bc00000, 0x000000078bf00000, 0x00000007c0000000)
  eden space 259584K, 100% used [0x000000076bc00000,0x000000077b980000,0x000000077b980000)
  from space 4096K, 55% used [0x000000077b980000,0x000000077bbb8000,0x000000077bd80000)
  to   space 4096K, 0% used [0x000000078bb00000,0x000000078bb00000,0x000000078bf00000)
 ParOldGen       total 173568K, used 2227K [0x00000006c3400000, 0x00000006cdd80000, 0x000000076bc00000)
  object space 173568K, 1% used [0x00000006c3400000,0x00000006c362cf80,0x00000006cdd80000)
 Metaspace       used 9168K, capacity 9390K, committed 9472K, reserved 1058816K
  class space    used 946K, capacity 1001K, committed 1024K, reserved 1048576K
Event: 1.502 GC heap after
Heap after GC invocations=8 (full 0):
 PSYoungGen      total 523264K, used 2880K [0x000000076bc00000, 0x000000078bf00000, 0x00000007c0000000)
  eden space 519168K, 0% used [0x000000076bc00000,0x000000076bc00000,0x000000078b700000)
  from space 4096K, 70% used [0x000000078bb00000,0x000000078bdd0020,0x000000078bf00000)
  to   space 4096K, 0% used [0x000000078b700000,0x000000078b700000,0x000000078bb00000)
 ParOldGen       total 173568K, used 2651K [0x00000006c3400000, 0x00000006cdd80000, 0x000000076bc00000)
  object space 173568K, 1% used [0x00000006c3400000,0x00000006c3696f80,0x00000006cdd80000)
 Metaspace       used 9168K, capacity 9390K, committed 9472K, reserved 1058816K
  class space    used 946K, capacity 1001K, committed 1024K, reserved 1048576K
}
Event: 2.000 GC heap before
{Heap before GC invocations=9 (full 0):
 PSYoungGen      total 523264K, used 522048K [0x000000076bc00000, 0x000000078bf00000, 0x00000007c0000000)
  eden space 519168K, 100% used [0x000000076bc00000,0x000000078b700000,0x000000078b700000)
  from space 4096K, 70% used [0x000000078bb00000,0x000000078bdd0020,0x000000078bf00000)
  to   space 4096K, 0% used [0x000000078b700000,0x000000078b700000,0x000000078bb00000)
 ParOldGen       total 173568K, used 2651K [0x00000006c3400000, 0x00000006cdd80000, 0x000000076bc00000)
  object space 173568K, 1% used [0x00000006c3400000,0x00000006c3696f80,0x00000006cdd80000)
 Metaspace       used 9186K, capacity 9390K, committed 9472K, reserved 1058816K
  class space    used 946K, capacity 1001K, committed 1024K, reserved 1048576K
Event: 2.004 GC heap after
Heap after GC invocations=9 (full 0):
 PSYoungGen      total 523264K, used 1776K [0x000000076bc00000, 0x000000079ef80000, 0x00000007c0000000)
  eden space 519168K, 0% used [0x000000076bc00000,0x000000076bc00000,0x000000078b700000)
  from space 4096K, 43% used [0x000000078b700000,0x000000078b8bc030,0x000000078bb00000)
  to   space 4096K, 0% used [0x000000079eb80000,0x000000079eb80000,0x000000079ef80000)
 ParOldGen       total 173568K, used 3603K [0x00000006c3400000, 0x00000006cdd80000, 0x000000076bc00000)
  object space 173568K, 2% used [0x00000006c3400000,0x00000006c3784f80,0x00000006cdd80000)
 Metaspace       used 9186K, capacity 9390K, committed 9472K, reserved 1058816K
  class space    used 946K, capacity 1001K, committed 1024K, reserved 1048576K
}
Event: 2.283 GC heap before
{Heap before GC invocations=10 (full 0):
 PSYoungGen      total 523264K, used 520944K [0x000000076bc00000, 0x000000079ef80000, 0x00000007c0000000)
  eden space 519168K, 100% used [0x000000076bc00000,0x000000078b700000,0x000000078b700000)
  from space 4096K, 43% used [0x000000078b700000,0x000000078b8bc030,0x000000078bb00000)
  to   space 4096K, 0% used [0x000000079eb80000,0x000000079eb80000,0x000000079ef80000)
 ParOldGen       total 173568K, used 3603K [0x00000006c3400000, 0x00000006cdd80000, 0x000000076bc00000)
  object space 173568K, 2% used [0x00000006c3400000,0x00000006c3784f80,0x00000006cdd80000)
 Metaspace       used 9195K, capacity 9390K, committed 9472K, reserved 1058816K
  class space    used 946K, capacity 1001K, committed 1024K, reserved 1048576K
Event: 2.287 GC heap after
Heap after GC invocations=10 (full 0):
 PSYoungGen      total 835072K, used 2464K [0x000000076bc00000, 0x000000079ef80000, 0x00000007c0000000)
  eden space 830976K, 0% used [0x000000076bc00000,0x000000076bc00000,0x000000079e780000)
  from space 4096K, 60% used [0x000000079eb80000,0x000000079ede8020,0x000000079ef80000)
  to   space 4096K, 0% used [0x000000079e780000,0x000000079e780000,0x000000079eb80000)
 ParOldGen       total 173568K, used 4726K [0x00000006c3400000, 0x00000006cdd80000, 0x000000076bc00000)
  object space 173568K, 2% used [0x00000006c3400000,0x00000006c389d870,0x00000006cdd80000)
 Metaspace       used 9195K, capacity 9390K, committed 9472K, reserved 1058816K
  class space    used 946K, capacity 1001K, committed 1024K, reserved 1048576K
}
Event: 5.089 GC heap before
{Heap before GC invocations=11 (full 0):
 PSYoungGen      total 835072K, used 833440K [0x000000076bc00000, 0x000000079ef80000, 0x00000007c0000000)
  eden space 830976K, 100% used [0x000000076bc00000,0x000000079e780000,0x000000079e780000)
  from space 4096K, 60% used [0x000000079eb80000,0x000000079ede8020,0x000000079ef80000)
  to   space 4096K, 0% used [0x000000079e780000,0x000000079e780000,0x000000079eb80000)
 ParOldGen       total 173568K, used 4726K [0x00000006c3400000, 0x00000006cdd80000, 0x000000076bc00000)
  object space 173568K, 2% used [0x00000006c3400000,0x00000006c389d870,0x00000006cdd80000)
 Metaspace       used 18978K, capacity 19264K, committed 19712K, reserved 1067008K
  class space    used 1730K, capacity 1790K, committed 1792K, reserved 1048576K
Event: 5.095 GC heap after
Heap after GC invocations=11 (full 0):
 PSYoungGen      total 835072K, used 4065K [0x000000076bc00000, 0x00000007bdb80000, 0x00000007c0000000)
  eden space 830976K, 0% used [0x000000076bc00000,0x000000076bc00000,0x000000079e780000)
  from space 4096K, 99% used [0x000000079e780000,0x000000079eb785c8,0x000000079eb80000)
  to   space 6656K, 0% used [0x00000007bd500000,0x00000007bd500000,0x00000007bdb80000)
 ParOldGen       total 173568K, used 10082K [0x00000006c3400000, 0x00000006cdd80000, 0x000000076bc00000)
  object space 173568K, 5% used [0x00000006c3400000,0x00000006c3dd8928,0x00000006cdd80000)
 Metaspace       used 18978K, capacity 19264K, committed 19712K, reserved 1067008K
  class space    used 1730K, capacity 1790K, committed 1792K, reserved 1048576K
}

