# JRE version: Java(TM) SE Runtime Environment (8.0_251-b08) (build 1.8.0_251-b08)
# Java VM: Java HotSpot(TM) 64-Bit Server VM (25.251-b08 mixed mode windows-amd64 compressed oops)
Heap:
 PSYoungGen      total 837120K, used 769384K [0x000000076bf80000, 0x00000007bdd00000, 0x00000007c0000000)
  eden space 830976K, 92% used [0x000000076bf80000,0x000000079ab92e50,0x000000079eb00000)
  from space 6144K, 54% used [0x000000079eb00000,0x000000079ee471d0,0x000000079f100000)
  to   space 5632K, 0% used [0x00000007bd780000,0x00000007bd780000,0x00000007bdd00000)
 ParOldGen       total 173568K, used 10336K [0x00000006c3e00000, 0x00000006ce780000, 0x000000076bf80000)
  object space 173568K, 5% used [0x00000006c3e00000,0x00000006c48183d8,0x00000006ce780000)
 Metaspace       used 9425K, capacity 9646K, committed 9728K, reserved 1058816K
  class space    used 953K, capacity 1001K, committed 1024K, reserved 1048576K
GC Heap History (10 events):
Event: 2.183 GC heap before
{Heap before GC invocations=7 (full 0):
 PSYoungGen      total 264704K, used 264677K [0x000000076bf80000, 0x000000077c880000, 0x00000007c0000000)
  eden space 259584K, 100% used [0x000000076bf80000,0x000000077bd00000,0x000000077bd00000)
  from space 5120K, 99% used [0x000000077c280000,0x000000077c7794d0,0x000000077c780000)
  to   space 5632K, 0% used [0x000000077bd00000,0x000000077bd00000,0x000000077c280000)
 ParOldGen       total 173568K, used 120K [0x00000006c3e00000, 0x00000006ce780000, 0x000000076bf80000)
  object space 173568K, 0% used [0x00000006c3e00000,0x00000006c3e1e000,0x00000006ce780000)
 Metaspace       used 9356K, capacity 9582K, committed 9728K, reserved 1058816K
  class space    used 953K, capacity 1001K, committed 1024K, reserved 1048576K
Event: 2.192 GC heap after
Heap after GC invocations=7 (full 0):
 PSYoungGen      total 265216K, used 2016K [0x000000076bf80000, 0x000000078c680000, 0x00000007c0000000)
  eden space 259584K, 0% used [0x000000076bf80000,0x000000076bf80000,0x000000077bd00000)
  from space 5632K, 35% used [0x000000077bd00000,0x000000077bef8000,0x000000077c280000)
  to   space 6144K, 0% used [0x000000078c080000,0x000000078c080000,0x000000078c680000)
 ParOldGen       total 173568K, used 3973K [0x00000006c3e00000, 0x00000006ce780000, 0x000000076bf80000)
  object space 173568K, 2% used [0x00000006c3e00000,0x00000006c41e1550,0x00000006ce780000)
 Metaspace       used 9356K, capacity 9582K, committed 9728K, reserved 1058816K
  class space    used 953K, capacity 1001K, committed 1024K, reserved 1048576K
}
Event: 2.462 GC heap before
{Heap before GC invocations=8 (full 0):
 PSYoungGen      total 265216K, used 261600K [0x000000076bf80000, 0x000000078c680000, 0x00000007c0000000)
  eden space 259584K, 100% used [0x000000076bf80000,0x000000077bd00000,0x000000077bd00000)
  from space 5632K, 35% used [0x000000077bd00000,0x000000077bef8000,0x000000077c280000)
  to   space 6144K, 0% used [0x000000078c080000,0x000000078c080000,0x000000078c680000)
 ParOldGen       total 173568K, used 3973K [0x00000006c3e00000, 0x00000006ce780000, 0x000000076bf80000)
  object space 173568K, 2% used [0x00000006c3e00000,0x00000006c41e1550,0x00000006ce780000)
 Metaspace       used 9361K, capacity 9582K, committed 9728K, reserved 1058816K
  class space    used 953K, capacity 1001K, committed 1024K, reserved 1048576K
Event: 2.466 GC heap after
Heap after GC invocations=8 (full 0):
 PSYoungGen      total 525312K, used 2432K [0x000000076bf80000, 0x000000078c680000, 0x00000007c0000000)
  eden space 519168K, 0% used [0x000000076bf80000,0x000000076bf80000,0x000000078ba80000)
  from space 6144K, 39% used [0x000000078c080000,0x000000078c2e0000,0x000000078c680000)
  to   space 6144K, 0% used [0x000000078ba80000,0x000000078ba80000,0x000000078c080000)
 ParOldGen       total 173568K, used 4421K [0x00000006c3e00000, 0x00000006ce780000, 0x000000076bf80000)
  object space 173568K, 2% used [0x00000006c3e00000,0x00000006c4251550,0x00000006ce780000)
 Metaspace       used 9361K, capacity 9582K, committed 9728K, reserved 1058816K
  class space    used 953K, capacity 1001K, committed 1024K, reserved 1048576K
}
Event: 3.140 GC heap before
{Heap before GC invocations=9 (full 0):
 PSYoungGen      total 525312K, used 521600K [0x000000076bf80000, 0x000000078c680000, 0x00000007c0000000)
  eden space 519168K, 100% used [0x000000076bf80000,0x000000078ba80000,0x000000078ba80000)
  from space 6144K, 39% used [0x000000078c080000,0x000000078c2e0000,0x000000078c680000)
  to   space 6144K, 0% used [0x000000078ba80000,0x000000078ba80000,0x000000078c080000)
 ParOldGen       total 173568K, used 4421K [0x00000006c3e00000, 0x00000006ce780000, 0x000000076bf80000)
  object space 173568K, 2% used [0x00000006c3e00000,0x00000006c4251550,0x00000006ce780000)
 Metaspace       used 9377K, capacity 9582K, committed 9728K, reserved 1058816K
  class space    used 953K, capacity 1001K, committed 1024K, reserved 1048576K
Event: 3.147 GC heap after
Heap after GC invocations=9 (full 0):
 PSYoungGen      total 525312K, used 3296K [0x000000076bf80000, 0x000000079f700000, 0x00000007c0000000)
  eden space 519168K, 0% used [0x000000076bf80000,0x000000076bf80000,0x000000078ba80000)
  from space 6144K, 53% used [0x000000078ba80000,0x000000078bdb8000,0x000000078c080000)
  to   space 6144K, 0% used [0x000000079f100000,0x000000079f100000,0x000000079f700000)
 ParOldGen       total 173568K, used 5277K [0x00000006c3e00000, 0x00000006ce780000, 0x000000076bf80000)
  object space 173568K, 3% used [0x00000006c3e00000,0x00000006c4327550,0x00000006ce780000)
 Metaspace       used 9377K, capacity 9582K, committed 9728K, reserved 1058816K
  class space    used 953K, capacity 1001K, committed 1024K, reserved 1048576K
}
Event: 3.557 GC heap before
{Heap before GC invocations=10 (full 0):
 PSYoungGen      total 525312K, used 522464K [0x000000076bf80000, 0x000000079f700000, 0x00000007c0000000)
  eden space 519168K, 100% used [0x000000076bf80000,0x000000078ba80000,0x000000078ba80000)
  from space 6144K, 53% used [0x000000078ba80000,0x000000078bdb8000,0x000000078c080000)
  to   space 6144K, 0% used [0x000000079f100000,0x000000079f100000,0x000000079f700000)
 ParOldGen       total 173568K, used 5277K [0x00000006c3e00000, 0x00000006ce780000, 0x000000076bf80000)
  object space 173568K, 3% used [0x00000006c3e00000,0x00000006c4327550,0x00000006ce780000)
 Metaspace       used 9382K, capacity 9646K, committed 9728K, reserved 1058816K
  class space    used 953K, capacity 1001K, committed 1024K, reserved 1048576K
Event: 3.565 GC heap after
Heap after GC invocations=10 (full 0):
 PSYoungGen      total 837120K, used 3424K [0x000000076bf80000, 0x000000079f700000, 0x00000007c0000000)
  eden space 830976K, 0% used [0x000000076bf80000,0x000000076bf80000,0x000000079eb00000)
  from space 6144K, 55% used [0x000000079f100000,0x000000079f458000,0x000000079f700000)
  to   space 6144K, 0% used [0x000000079eb00000,0x000000079eb00000,0x000000079f100000)
 ParOldGen       total 173568K, used 6862K [0x00000006c3e00000, 0x00000006ce780000, 0x000000076bf80000)
  object space 173568K, 3% used [0x00000006c3e00000,0x00000006c44b3af0,0x00000006ce780000)
 Metaspace       used 9382K, capacity 9646K, committed 9728K, reserved 1058816K
  class space    used 953K, capacity 1001K, committed 1024K, reserved 1048576K
}
Event: 4.329 GC heap before
{Heap before GC invocations=11 (full 0):
 PSYoungGen      total 837120K, used 834400K [0x000000076bf80000, 0x000000079f700000, 0x00000007c0000000)
  eden space 830976K, 100% used [0x000000076bf80000,0x000000079eb00000,0x000000079eb00000)
  from space 6144K, 55% used [0x000000079f100000,0x000000079f458000,0x000000079f700000)
  to   space 6144K, 0% used [0x000000079eb00000,0x000000079eb00000,0x000000079f100000)
 ParOldGen       total 173568K, used 6862K [0x00000006c3e00000, 0x00000006ce780000, 0x000000076bf80000)
  object space 173568K, 3% used [0x00000006c3e00000,0x00000006c44b3af0,0x00000006ce780000)
 Metaspace       used 9391K, capacity 9646K, committed 9728K, reserved 1058816K
  class space    used 953K, capacity 1001K, committed 1024K, reserved 1048576K
Event: 4.339 GC heap after
Heap after GC invocations=11 (full 0):
 PSYoungGen      total 837120K, used 3356K [0x000000076bf80000, 0x00000007bdd00000, 0x00000007c0000000)
  eden space 830976K, 0% used [0x000000076bf80000,0x000000076bf80000,0x000000079eb00000)
  from space 6144K, 54% used [0x000000079eb00000,0x000000079ee471d0,0x000000079f100000)
  to   space 5632K, 0% used [0x00000007bd780000,0x00000007bd780000,0x00000007bdd00000)
 ParOldGen       total 173568K, used 10336K [0x00000006c3e00000, 0x00000006ce780000, 0x000000076bf80000)
  object space 173568K, 5% used [0x00000006c3e00000,0x00000006c48183d8,0x00000006ce780000)
 Metaspace       used 9391K, capacity 9646K, committed 9728K, reserved 1058816K
  class space    used 953K, capacity 1001K, committed 1024K, reserved 1048576K
}

