# JRE version: Java(TM) SE Runtime Environment (8.0_251-b08) (build 1.8.0_251-b08)
# Java VM: Java HotSpot(TM) 64-Bit Server VM (25.251-b08 mixed mode windows-amd64 compressed oops)
Heap:
 PSYoungGen      total 834560K, used 23970K [0x000000076bc00000, 0x00000007bdb80000, 0x00000007c0000000)
  eden space 829440K, 2% used [0x000000076bc00000,0x000000076ce6acd8,0x000000079e600000)
  from space 5120K, 99% used [0x000000079ec80000,0x000000079f17de50,0x000000079f180000)
  to   space 6656K, 0% used [0x000000079e600000,0x000000079e600000,0x000000079ec80000)
 ParOldGen       total 173568K, used 8856K [0x00000006c3400000, 0x00000006cdd80000, 0x000000076bc00000)
  object space 173568K, 5% used [0x00000006c3400000,0x00000006c3ca6030,0x00000006cdd80000)
 Metaspace       used 15250K, capacity 15462K, committed 15872K, reserved 1062912K
  class space    used 1422K, capacity 1489K, committed 1536K, reserved 1048576K
GC Heap History (10 events):
Event: 1.425 GC heap before
{Heap before GC invocations=8 (full 0):
 PSYoungGen      total 264192K, used 262080K [0x000000076bc00000, 0x000000078c000000, 0x00000007c0000000)
  eden space 259584K, 100% used [0x000000076bc00000,0x000000077b980000,0x000000077b980000)
  from space 4608K, 54% used [0x000000077b980000,0x000000077bbf0000,0x000000077be00000)
  to   space 4608K, 0% used [0x000000078bb80000,0x000000078bb80000,0x000000078c000000)
 ParOldGen       total 173568K, used 2497K [0x00000006c3400000, 0x00000006cdd80000, 0x000000076bc00000)
  object space 173568K, 1% used [0x00000006c3400000,0x00000006c3670408,0x00000006cdd80000)
 Metaspace       used 9202K, capacity 9390K, committed 9472K, reserved 1058816K
  class space    used 944K, capacity 1001K, committed 1024K, reserved 1048576K
Event: 1.429 GC heap after
Heap after GC invocations=8 (full 0):
 PSYoungGen      total 522752K, used 2912K [0x000000076bc00000, 0x000000078bf00000, 0x00000007c0000000)
  eden space 519168K, 0% used [0x000000076bc00000,0x000000076bc00000,0x000000078b700000)
  from space 3584K, 81% used [0x000000078bb80000,0x000000078be58000,0x000000078bf00000)
  to   space 4096K, 0% used [0x000000078b700000,0x000000078b700000,0x000000078bb00000)
 ParOldGen       total 173568K, used 2977K [0x00000006c3400000, 0x00000006cdd80000, 0x000000076bc00000)
  object space 173568K, 1% used [0x00000006c3400000,0x00000006c36e8408,0x00000006cdd80000)
 Metaspace       used 9202K, capacity 9390K, committed 9472K, reserved 1058816K
  class space    used 944K, capacity 1001K, committed 1024K, reserved 1048576K
}
Event: 1.901 GC heap before
{Heap before GC invocations=9 (full 0):
 PSYoungGen      total 522752K, used 522080K [0x000000076bc00000, 0x000000078bf00000, 0x00000007c0000000)
  eden space 519168K, 100% used [0x000000076bc00000,0x000000078b700000,0x000000078b700000)
  from space 3584K, 81% used [0x000000078bb80000,0x000000078be58000,0x000000078bf00000)
  to   space 4096K, 0% used [0x000000078b700000,0x000000078b700000,0x000000078bb00000)
 ParOldGen       total 173568K, used 2977K [0x00000006c3400000, 0x00000006cdd80000, 0x000000076bc00000)
  object space 173568K, 1% used [0x00000006c3400000,0x00000006c36e8408,0x00000006cdd80000)
 Metaspace       used 9241K, capacity 9454K, committed 9728K, reserved 1058816K
  class space    used 944K, capacity 1001K, committed 1024K, reserved 1048576K
Event: 1.907 GC heap after
Heap after GC invocations=9 (full 0):
 PSYoungGen      total 523264K, used 4064K [0x000000076bc00000, 0x000000079f180000, 0x00000007c0000000)
  eden space 519168K, 0% used [0x000000076bc00000,0x000000076bc00000,0x000000078b700000)
  from space 4096K, 99% used [0x000000078b700000,0x000000078baf8020,0x000000078bb00000)
  to   space 5120K, 0% used [0x000000079ec80000,0x000000079ec80000,0x000000079f180000)
 ParOldGen       total 173568K, used 3939K [0x00000006c3400000, 0x00000006cdd80000, 0x000000076bc00000)
  object space 173568K, 2% used [0x00000006c3400000,0x00000006c37d8c30,0x00000006cdd80000)
 Metaspace       used 9241K, capacity 9454K, committed 9728K, reserved 1058816K
  class space    used 944K, capacity 1001K, committed 1024K, reserved 1048576K
}
Event: 2.214 GC heap before
{Heap before GC invocations=10 (full 0):
 PSYoungGen      total 523264K, used 523232K [0x000000076bc00000, 0x000000079f180000, 0x00000007c0000000)
  eden space 519168K, 100% used [0x000000076bc00000,0x000000078b700000,0x000000078b700000)
  from space 4096K, 99% used [0x000000078b700000,0x000000078baf8020,0x000000078bb00000)
  to   space 5120K, 0% used [0x000000079ec80000,0x000000079ec80000,0x000000079f180000)
 ParOldGen       total 173568K, used 3939K [0x00000006c3400000, 0x00000006cdd80000, 0x000000076bc00000)
  object space 173568K, 2% used [0x00000006c3400000,0x00000006c37d8c30,0x00000006cdd80000)
 Metaspace       used 9254K, capacity 9454K, committed 9728K, reserved 1058816K
  class space    used 944K, capacity 1001K, committed 1024K, reserved 1048576K
Event: 2.218 GC heap after
Heap after GC invocations=10 (full 0):
 PSYoungGen      total 836096K, used 4384K [0x000000076bc00000, 0x000000079f180000, 0x00000007c0000000)
  eden space 830976K, 0% used [0x000000076bc00000,0x000000076bc00000,0x000000079e780000)
  from space 5120K, 85% used [0x000000079ec80000,0x000000079f0c8020,0x000000079f180000)
  to   space 5120K, 0% used [0x000000079e780000,0x000000079e780000,0x000000079ec80000)
 ParOldGen       total 173568K, used 5869K [0x00000006c3400000, 0x00000006cdd80000, 0x000000076bc00000)
  object space 173568K, 3% used [0x00000006c3400000,0x00000006c39bb7b0,0x00000006cdd80000)
 Metaspace       used 9254K, capacity 9454K, committed 9728K, reserved 1058816K
  class space    used 944K, capacity 1001K, committed 1024K, reserved 1048576K
}
Event: 2.849 GC heap before
{Heap before GC invocations=11 (full 0):
 PSYoungGen      total 836096K, used 835360K [0x000000076bc00000, 0x000000079f180000, 0x00000007c0000000)
  eden space 830976K, 100% used [0x000000076bc00000,0x000000079e780000,0x000000079e780000)
  from space 5120K, 85% used [0x000000079ec80000,0x000000079f0c8020,0x000000079f180000)
  to   space 5120K, 0% used [0x000000079e780000,0x000000079e780000,0x000000079ec80000)
 ParOldGen       total 173568K, used 5869K [0x00000006c3400000, 0x00000006cdd80000, 0x000000076bc00000)
  object space 173568K, 3% used [0x00000006c3400000,0x00000006c39bb7b0,0x00000006cdd80000)
 Metaspace       used 9264K, capacity 9454K, committed 9728K, reserved 1058816K
  class space    used 944K, capacity 1001K, committed 1024K, reserved 1048576K
Event: 2.854 GC heap after
Heap after GC invocations=11 (full 0):
 PSYoungGen      total 836096K, used 2112K [0x000000076bc00000, 0x000000079f180000, 0x00000007c0000000)
  eden space 830976K, 0% used [0x000000076bc00000,0x000000076bc00000,0x000000079e780000)
  from space 5120K, 41% used [0x000000079e780000,0x000000079e990020,0x000000079ec80000)
  to   space 5120K, 0% used [0x000000079ec80000,0x000000079ec80000,0x000000079f180000)
 ParOldGen       total 173568K, used 6990K [0x00000006c3400000, 0x00000006cdd80000, 0x000000076bc00000)
  object space 173568K, 4% used [0x00000006c3400000,0x00000006c3ad3a20,0x00000006cdd80000)
 Metaspace       used 9264K, capacity 9454K, committed 9728K, reserved 1058816K
  class space    used 944K, capacity 1001K, committed 1024K, reserved 1048576K
}
Event: 5.832 GC heap before
{Heap before GC invocations=12 (full 0):
 PSYoungGen      total 836096K, used 833088K [0x000000076bc00000, 0x000000079f180000, 0x00000007c0000000)
  eden space 830976K, 100% used [0x000000076bc00000,0x000000079e780000,0x000000079e780000)
  from space 5120K, 41% used [0x000000079e780000,0x000000079e990020,0x000000079ec80000)
  to   space 5120K, 0% used [0x000000079ec80000,0x000000079ec80000,0x000000079f180000)
 ParOldGen       total 173568K, used 6990K [0x00000006c3400000, 0x00000006cdd80000, 0x000000076bc00000)
  object space 173568K, 4% used [0x00000006c3400000,0x00000006c3ad3a20,0x00000006cdd80000)
 Metaspace       used 14313K, capacity 14566K, committed 14848K, reserved 1062912K
  class space    used 1350K, capacity 1425K, committed 1536K, reserved 1048576K
Event: 6.076 GC heap after
Heap after GC invocations=12 (full 0):
 PSYoungGen      total 834560K, used 5111K [0x000000076bc00000, 0x00000007bdb80000, 0x00000007c0000000)
  eden space 829440K, 0% used [0x000000076bc00000,0x000000076bc00000,0x000000079e600000)
  from space 5120K, 99% used [0x000000079ec80000,0x000000079f17de50,0x000000079f180000)
  to   space 6656K, 0% used [0x000000079e600000,0x000000079e600000,0x000000079ec80000)
 ParOldGen       total 173568K, used 8856K [0x00000006c3400000, 0x00000006cdd80000, 0x000000076bc00000)
  object space 173568K, 5% used [0x00000006c3400000,0x00000006c3ca6030,0x00000006cdd80000)
 Metaspace       used 14313K, capacity 14566K, committed 14848K, reserved 1062912K
  class space    used 1350K, capacity 1425K, committed 1536K, reserved 1048576K
}

