# JRE version: Java(TM) SE Runtime Environment (8.0_251-b08) (build 1.8.0_251-b08)
# Java VM: Java HotSpot(TM) 64-Bit Server VM (25.251-b08 mixed mode windows-amd64 compressed oops)
Heap:
 PSYoungGen      total 1333760K, used 273668K [0x000000076bf80000, 0x00000007c0000000, 0x00000007c0000000)
  eden space 1329152K, 20% used [0x000000076bf80000,0x000000077c6610d0,0x00000007bd180000)
  from space 4608K, 97% used [0x00000007bd180000,0x00000007bd5e0000,0x00000007bd600000)
  to   space 5120K, 0% used [0x00000007bfb00000,0x00000007bfb00000,0x00000007c0000000)
 ParOldGen       total 173568K, used 15089K [0x00000006c3e00000, 0x00000006ce780000, 0x000000076bf80000)
  object space 173568K, 8% used [0x00000006c3e00000,0x00000006c4cbc678,0x00000006ce780000)
 Metaspace       used 16981K, capacity 17246K, committed 17536K, reserved 1064960K
  class space    used 1579K, capacity 1657K, committed 1664K, reserved 1048576K
GC Heap History (10 events):
Event: 3.043 GC heap before
{Heap before GC invocations=9 (full 0):
 PSYoungGen      total 523776K, used 521504K [0x000000076bf80000, 0x000000078c380000, 0x00000007c0000000)
  eden space 519168K, 100% used [0x000000076bf80000,0x000000078ba80000,0x000000078ba80000)
  from space 4608K, 50% used [0x000000078bf00000,0x000000078c148000,0x000000078c380000)
  to   space 4608K, 0% used [0x000000078ba80000,0x000000078ba80000,0x000000078bf00000)
 ParOldGen       total 173568K, used 3189K [0x00000006c3e00000, 0x00000006ce780000, 0x000000076bf80000)
  object space 173568K, 1% used [0x00000006c3e00000,0x00000006c411d760,0x00000006ce780000)
 Metaspace       used 9384K, capacity 9614K, committed 9856K, reserved 1058816K
  class space    used 967K, capacity 1033K, committed 1152K, reserved 1048576K
Event: 3.051 GC heap after
Heap after GC invocations=9 (full 0):
 PSYoungGen      total 523776K, used 3456K [0x000000076bf80000, 0x000000079f400000, 0x00000007c0000000)
  eden space 519168K, 0% used [0x000000076bf80000,0x000000076bf80000,0x000000078ba80000)
  from space 4608K, 75% used [0x000000078ba80000,0x000000078bde0000,0x000000078bf00000)
  to   space 4608K, 0% used [0x000000079ef80000,0x000000079ef80000,0x000000079f400000)
 ParOldGen       total 173568K, used 3981K [0x00000006c3e00000, 0x00000006ce780000, 0x000000076bf80000)
  object space 173568K, 2% used [0x00000006c3e00000,0x00000006c41e3760,0x00000006ce780000)
 Metaspace       used 9384K, capacity 9614K, committed 9856K, reserved 1058816K
  class space    used 967K, capacity 1033K, committed 1152K, reserved 1048576K
}
Event: 3.614 GC heap before
{Heap before GC invocations=10 (full 0):
 PSYoungGen      total 523776K, used 522624K [0x000000076bf80000, 0x000000079f400000, 0x00000007c0000000)
  eden space 519168K, 100% used [0x000000076bf80000,0x000000078ba80000,0x000000078ba80000)
  from space 4608K, 75% used [0x000000078ba80000,0x000000078bde0000,0x000000078bf00000)
  to   space 4608K, 0% used [0x000000079ef80000,0x000000079ef80000,0x000000079f400000)
 ParOldGen       total 173568K, used 3981K [0x00000006c3e00000, 0x00000006ce780000, 0x000000076bf80000)
  object space 173568K, 2% used [0x00000006c3e00000,0x00000006c41e3760,0x00000006ce780000)
 Metaspace       used 9433K, capacity 9678K, committed 9856K, reserved 1058816K
  class space    used 967K, capacity 1033K, committed 1152K, reserved 1048576K
Event: 3.620 GC heap after
Heap after GC invocations=10 (full 0):
 PSYoungGen      total 835072K, used 3920K [0x000000076bf80000, 0x000000079f500000, 0x00000007c0000000)
  eden space 830464K, 0% used [0x000000076bf80000,0x000000076bf80000,0x000000079ea80000)
  from space 4608K, 85% used [0x000000079ef80000,0x000000079f354030,0x000000079f400000)
  to   space 5120K, 0% used [0x000000079ea80000,0x000000079ea80000,0x000000079ef80000)
 ParOldGen       total 173568K, used 5485K [0x00000006c3e00000, 0x00000006ce780000, 0x000000076bf80000)
  object space 173568K, 3% used [0x00000006c3e00000,0x00000006c435b760,0x00000006ce780000)
 Metaspace       used 9433K, capacity 9678K, committed 9856K, reserved 1058816K
  class space    used 967K, capacity 1033K, committed 1152K, reserved 1048576K
}
Event: 4.420 GC heap before
{Heap before GC invocations=11 (full 0):
 PSYoungGen      total 835072K, used 834384K [0x000000076bf80000, 0x000000079f500000, 0x00000007c0000000)
  eden space 830464K, 100% used [0x000000076bf80000,0x000000079ea80000,0x000000079ea80000)
  from space 4608K, 85% used [0x000000079ef80000,0x000000079f354030,0x000000079f400000)
  to   space 5120K, 0% used [0x000000079ea80000,0x000000079ea80000,0x000000079ef80000)
 ParOldGen       total 173568K, used 5485K [0x00000006c3e00000, 0x00000006ce780000, 0x000000076bf80000)
  object space 173568K, 3% used [0x00000006c3e00000,0x00000006c435b760,0x00000006ce780000)
 Metaspace       used 9440K, capacity 9678K, committed 9856K, reserved 1058816K
  class space    used 967K, capacity 1033K, committed 1152K, reserved 1048576K
Event: 4.428 GC heap after
Heap after GC invocations=11 (full 0):
 PSYoungGen      total 835584K, used 2656K [0x000000076bf80000, 0x00000007bdb80000, 0x00000007c0000000)
  eden space 830464K, 0% used [0x000000076bf80000,0x000000076bf80000,0x000000079ea80000)
  from space 5120K, 51% used [0x000000079ea80000,0x000000079ed18000,0x000000079ef80000)
  to   space 5120K, 0% used [0x00000007bd680000,0x00000007bd680000,0x00000007bdb80000)
 ParOldGen       total 173568K, used 9319K [0x00000006c3e00000, 0x00000006ce780000, 0x000000076bf80000)
  object space 173568K, 5% used [0x00000006c3e00000,0x00000006c4719dc8,0x00000006ce780000)
 Metaspace       used 9440K, capacity 9678K, committed 9856K, reserved 1058816K
  class space    used 967K, capacity 1033K, committed 1152K, reserved 1048576K
}
Event: 5.065 GC heap before
{Heap before GC invocations=12 (full 0):
 PSYoungGen      total 835584K, used 833120K [0x000000076bf80000, 0x00000007bdb80000, 0x00000007c0000000)
  eden space 830464K, 100% used [0x000000076bf80000,0x000000079ea80000,0x000000079ea80000)
  from space 5120K, 51% used [0x000000079ea80000,0x000000079ed18000,0x000000079ef80000)
  to   space 5120K, 0% used [0x00000007bd680000,0x00000007bd680000,0x00000007bdb80000)
 ParOldGen       total 173568K, used 9319K [0x00000006c3e00000, 0x00000006ce780000, 0x000000076bf80000)
  object space 173568K, 5% used [0x00000006c3e00000,0x00000006c4719dc8,0x00000006ce780000)
 Metaspace       used 9453K, capacity 9678K, committed 9856K, reserved 1058816K
  class space    used 967K, capacity 1033K, committed 1152K, reserved 1048576K
Event: 5.072 GC heap after
Heap after GC invocations=12 (full 0):
 PSYoungGen      total 1333248K, used 3264K [0x000000076bf80000, 0x00000007bda80000, 0x00000007c0000000)
  eden space 1329152K, 0% used [0x000000076bf80000,0x000000076bf80000,0x00000007bd180000)
  from space 4096K, 79% used [0x00000007bd680000,0x00000007bd9b0020,0x00000007bda80000)
  to   space 4608K, 0% used [0x00000007bd180000,0x00000007bd180000,0x00000007bd600000)
 ParOldGen       total 173568K, used 11903K [0x00000006c3e00000, 0x00000006ce780000, 0x000000076bf80000)
  object space 173568K, 6% used [0x00000006c3e00000,0x00000006c499fed8,0x00000006ce780000)
 Metaspace       used 9453K, capacity 9678K, committed 9856K, reserved 1058816K
  class space    used 967K, capacity 1033K, committed 1152K, reserved 1048576K
}
Event: 6.239 GC heap before
{Heap before GC invocations=13 (full 0):
 PSYoungGen      total 1333248K, used 1332416K [0x000000076bf80000, 0x00000007bda80000, 0x00000007c0000000)
  eden space 1329152K, 100% used [0x000000076bf80000,0x00000007bd180000,0x00000007bd180000)
  from space 4096K, 79% used [0x00000007bd680000,0x00000007bd9b0020,0x00000007bda80000)
  to   space 4608K, 0% used [0x00000007bd180000,0x00000007bd180000,0x00000007bd600000)
 ParOldGen       total 173568K, used 11903K [0x00000006c3e00000, 0x00000006ce780000, 0x000000076bf80000)
  object space 173568K, 6% used [0x00000006c3e00000,0x00000006c499fed8,0x00000006ce780000)
 Metaspace       used 9459K, capacity 9678K, committed 9856K, reserved 1058816K
  class space    used 967K, capacity 1033K, committed 1152K, reserved 1048576K
Event: 6.247 GC heap after
Heap after GC invocations=13 (full 0):
 PSYoungGen      total 1333760K, used 4480K [0x000000076bf80000, 0x00000007c0000000, 0x00000007c0000000)
  eden space 1329152K, 0% used [0x000000076bf80000,0x000000076bf80000,0x00000007bd180000)
  from space 4608K, 97% used [0x00000007bd180000,0x00000007bd5e0000,0x00000007bd600000)
  to   space 5120K, 0% used [0x00000007bfb00000,0x00000007bfb00000,0x00000007c0000000)
 ParOldGen       total 173568K, used 15089K [0x00000006c3e00000, 0x00000006ce780000, 0x000000076bf80000)
  object space 173568K, 8% used [0x00000006c3e00000,0x00000006c4cbc678,0x00000006ce780000)
 Metaspace       used 9459K, capacity 9678K, committed 9856K, reserved 1058816K
  class space    used 967K, capacity 1033K, committed 1152K, reserved 1048576K
}

