# JRE version: Java(TM) SE Runtime Environment (8.0_251-b08) (build 1.8.0_251-b08)
# Java VM: Java HotSpot(TM) 64-Bit Server VM (25.251-b08 mixed mode windows-amd64 compressed oops)
Heap:
 PSYoungGen      total 263680K, used 21464K [0x000000076bc00000, 0x000000077c100000, 0x00000007c0000000)
  eden space 260096K, 7% used [0x000000076bc00000,0x000000076d0463b8,0x000000077ba00000)
  from space 3584K, 19% used [0x000000077bd80000,0x000000077be30020,0x000000077c100000)
  to   space 3584K, 0% used [0x000000077ba00000,0x000000077ba00000,0x000000077bd80000)
 ParOldGen       total 173568K, used 1643K [0x00000006c3400000, 0x00000006cdd80000, 0x000000076bc00000)
  object space 173568K, 0% used [0x00000006c3400000,0x00000006c359ae30,0x00000006cdd80000)
 Metaspace       used 9126K, capacity 9358K, committed 9600K, reserved 1058816K
  class space    used 957K, capacity 1033K, committed 1152K, reserved 1048576K
GC Heap History (10 events):
Event: 0.911 GC heap before
{Heap before GC invocations=4 (full 0):
 PSYoungGen      total 75776K, used 67175K [0x000000076bc00000, 0x0000000775000000, 0x00000007c0000000)
  eden space 65024K, 100% used [0x000000076bc00000,0x000000076fb80000,0x000000076fb80000)
  from space 10752K, 20% used [0x000000076fb80000,0x000000076fd99de0,0x0000000770600000)
  to   space 10752K, 0% used [0x0000000774580000,0x0000000774580000,0x0000000775000000)
 ParOldGen       total 173568K, used 32K [0x00000006c3400000, 0x00000006cdd80000, 0x000000076bc00000)
  object space 173568K, 0% used [0x00000006c3400000,0x00000006c3408000,0x00000006cdd80000)
 Metaspace       used 9023K, capacity 9230K, committed 9600K, reserved 1058816K
  class space    used 957K, capacity 1033K, committed 1152K, reserved 1048576K
Event: 0.914 GC heap after
Heap after GC invocations=4 (full 0):
 PSYoungGen      total 140800K, used 2279K [0x000000076bc00000, 0x0000000775000000, 0x00000007c0000000)
  eden space 130048K, 0% used [0x000000076bc00000,0x000000076bc00000,0x0000000773b00000)
  from space 10752K, 21% used [0x0000000774580000,0x00000007747b9de0,0x0000000775000000)
  to   space 10752K, 0% used [0x0000000773b00000,0x0000000773b00000,0x0000000774580000)
 ParOldGen       total 173568K, used 40K [0x00000006c3400000, 0x00000006cdd80000, 0x000000076bc00000)
  object space 173568K, 0% used [0x00000006c3400000,0x00000006c340a000,0x00000006cdd80000)
 Metaspace       used 9023K, capacity 9230K, committed 9600K, reserved 1058816K
  class space    used 957K, capacity 1033K, committed 1152K, reserved 1048576K
}
Event: 1.041 GC heap before
{Heap before GC invocations=5 (full 0):
 PSYoungGen      total 140800K, used 132327K [0x000000076bc00000, 0x0000000775000000, 0x00000007c0000000)
  eden space 130048K, 100% used [0x000000076bc00000,0x0000000773b00000,0x0000000773b00000)
  from space 10752K, 21% used [0x0000000774580000,0x00000007747b9de0,0x0000000775000000)
  to   space 10752K, 0% used [0x0000000773b00000,0x0000000773b00000,0x0000000774580000)
 ParOldGen       total 173568K, used 40K [0x00000006c3400000, 0x00000006cdd80000, 0x000000076bc00000)
  object space 173568K, 0% used [0x00000006c3400000,0x00000006c340a000,0x00000006cdd80000)
 Metaspace       used 9053K, capacity 9294K, committed 9600K, reserved 1058816K
  class space    used 957K, capacity 1033K, committed 1152K, reserved 1048576K
Event: 1.045 GC heap after
Heap after GC invocations=5 (full 0):
 PSYoungGen      total 140800K, used 2631K [0x000000076bc00000, 0x000000077c100000, 0x00000007c0000000)
  eden space 130048K, 0% used [0x000000076bc00000,0x000000076bc00000,0x0000000773b00000)
  from space 10752K, 24% used [0x0000000773b00000,0x0000000773d91de0,0x0000000774580000)
  to   space 3584K, 0% used [0x000000077bd80000,0x000000077bd80000,0x000000077c100000)
 ParOldGen       total 173568K, used 48K [0x00000006c3400000, 0x00000006cdd80000, 0x000000076bc00000)
  object space 173568K, 0% used [0x00000006c3400000,0x00000006c340c000,0x00000006cdd80000)
 Metaspace       used 9053K, capacity 9294K, committed 9600K, reserved 1058816K
  class space    used 957K, capacity 1033K, committed 1152K, reserved 1048576K
}
Event: 1.166 GC heap before
{Heap before GC invocations=6 (full 0):
 PSYoungGen      total 140800K, used 132679K [0x000000076bc00000, 0x000000077c100000, 0x00000007c0000000)
  eden space 130048K, 100% used [0x000000076bc00000,0x0000000773b00000,0x0000000773b00000)
  from space 10752K, 24% used [0x0000000773b00000,0x0000000773d91de0,0x0000000774580000)
  to   space 3584K, 0% used [0x000000077bd80000,0x000000077bd80000,0x000000077c100000)
 ParOldGen       total 173568K, used 48K [0x00000006c3400000, 0x00000006cdd80000, 0x000000076bc00000)
  object space 173568K, 0% used [0x00000006c3400000,0x00000006c340c000,0x00000006cdd80000)
 Metaspace       used 9073K, capacity 9294K, committed 9600K, reserved 1058816K
  class space    used 957K, capacity 1033K, committed 1152K, reserved 1048576K
Event: 1.169 GC heap after
Heap after GC invocations=6 (full 0):
 PSYoungGen      total 263680K, used 1943K [0x000000076bc00000, 0x000000077c100000, 0x00000007c0000000)
  eden space 260096K, 0% used [0x000000076bc00000,0x000000076bc00000,0x000000077ba00000)
  from space 3584K, 54% used [0x000000077bd80000,0x000000077bf65dd0,0x000000077c100000)
  to   space 3584K, 0% used [0x000000077ba00000,0x000000077ba00000,0x000000077bd80000)
 ParOldGen       total 173568K, used 56K [0x00000006c3400000, 0x00000006cdd80000, 0x000000076bc00000)
  object space 173568K, 0% used [0x00000006c3400000,0x00000006c340e000,0x00000006cdd80000)
 Metaspace       used 9073K, capacity 9294K, committed 9600K, reserved 1058816K
  class space    used 957K, capacity 1033K, committed 1152K, reserved 1048576K
}
Event: 1.478 GC heap before
{Heap before GC invocations=7 (full 0):
 PSYoungGen      total 263680K, used 262039K [0x000000076bc00000, 0x000000077c100000, 0x00000007c0000000)
  eden space 260096K, 100% used [0x000000076bc00000,0x000000077ba00000,0x000000077ba00000)
  from space 3584K, 54% used [0x000000077bd80000,0x000000077bf65dd0,0x000000077c100000)
  to   space 3584K, 0% used [0x000000077ba00000,0x000000077ba00000,0x000000077bd80000)
 ParOldGen       total 173568K, used 56K [0x00000006c3400000, 0x00000006cdd80000, 0x000000076bc00000)
  object space 173568K, 0% used [0x00000006c3400000,0x00000006c340e000,0x00000006cdd80000)
 Metaspace       used 9122K, capacity 9358K, committed 9600K, reserved 1058816K
  class space    used 957K, capacity 1033K, committed 1152K, reserved 1048576K
Event: 1.482 GC heap after
Heap after GC invocations=7 (full 0):
 PSYoungGen      total 263680K, used 1024K [0x000000076bc00000, 0x000000077c100000, 0x00000007c0000000)
  eden space 260096K, 0% used [0x000000076bc00000,0x000000076bc00000,0x000000077ba00000)
  from space 3584K, 28% used [0x000000077ba00000,0x000000077bb00020,0x000000077bd80000)
  to   space 3584K, 0% used [0x000000077bd80000,0x000000077bd80000,0x000000077c100000)
 ParOldGen       total 173568K, used 1595K [0x00000006c3400000, 0x00000006cdd80000, 0x000000076bc00000)
  object space 173568K, 0% used [0x00000006c3400000,0x00000006c358ee30,0x00000006cdd80000)
 Metaspace       used 9122K, capacity 9358K, committed 9600K, reserved 1058816K
  class space    used 957K, capacity 1033K, committed 1152K, reserved 1048576K
}
Event: 1.694 GC heap before
{Heap before GC invocations=8 (full 0):
 PSYoungGen      total 263680K, used 261120K [0x000000076bc00000, 0x000000077c100000, 0x00000007c0000000)
  eden space 260096K, 100% used [0x000000076bc00000,0x000000077ba00000,0x000000077ba00000)
  from space 3584K, 28% used [0x000000077ba00000,0x000000077bb00020,0x000000077bd80000)
  to   space 3584K, 0% used [0x000000077bd80000,0x000000077bd80000,0x000000077c100000)
 ParOldGen       total 173568K, used 1595K [0x00000006c3400000, 0x00000006cdd80000, 0x000000076bc00000)
  object space 173568K, 0% used [0x00000006c3400000,0x00000006c358ee30,0x00000006cdd80000)
 Metaspace       used 9126K, capacity 9358K, committed 9600K, reserved 1058816K
  class space    used 957K, capacity 1033K, committed 1152K, reserved 1048576K
Event: 1.696 GC heap after
Heap after GC invocations=8 (full 0):
 PSYoungGen      total 263680K, used 704K [0x000000076bc00000, 0x000000077c100000, 0x00000007c0000000)
  eden space 260096K, 0% used [0x000000076bc00000,0x000000076bc00000,0x000000077ba00000)
  from space 3584K, 19% used [0x000000077bd80000,0x000000077be30020,0x000000077c100000)
  to   space 3584K, 0% used [0x000000077ba00000,0x000000077ba00000,0x000000077bd80000)
 ParOldGen       total 173568K, used 1643K [0x00000006c3400000, 0x00000006cdd80000, 0x000000076bc00000)
  object space 173568K, 0% used [0x00000006c3400000,0x00000006c359ae30,0x00000006cdd80000)
 Metaspace       used 9126K, capacity 9358K, committed 9600K, reserved 1058816K
  class space    used 957K, capacity 1033K, committed 1152K, reserved 1048576K
}

