# JRE version: Java(TM) SE Runtime Environment (8.0_251-b08) (build 1.8.0_251-b08)
# Java VM: Java HotSpot(TM) 64-Bit Server VM (25.251-b08 mixed mode windows-amd64 compressed oops)
Heap:
 PSYoungGen      total 1335808K, used 300787K [0x000000076bf80000, 0x00000007c0000000, 0x00000007c0000000)
  eden space 1331200K, 22% used [0x000000076bf80000,0x000000077e0d4c80,0x00000007bd380000)
  from space 4608K, 97% used [0x00000007bd380000,0x00000007bd7e8000,0x00000007bd800000)
  to   space 5120K, 0% used [0x00000007bfb00000,0x00000007bfb00000,0x00000007c0000000)
 ParOldGen       total 173568K, used 15245K [0x00000006c3e00000, 0x00000006ce780000, 0x000000076bf80000)
  object space 173568K, 8% used [0x00000006c3e00000,0x00000006c4ce3668,0x00000006ce780000)
 Metaspace       used 19706K, capacity 20034K, committed 20352K, reserved 1067008K
  class space    used 1755K, capacity 1843K, committed 1920K, reserved 1048576K
GC Heap History (10 events):
Event: 3.037 GC heap before
{Heap before GC invocations=9 (full 0):
 PSYoungGen      total 524800K, used 522528K [0x000000076bf80000, 0x000000078c480000, 0x00000007c0000000)
  eden space 520192K, 100% used [0x000000076bf80000,0x000000078bb80000,0x000000078bb80000)
  from space 4608K, 50% used [0x000000078c000000,0x000000078c248000,0x000000078c480000)
  to   space 4608K, 0% used [0x000000078bb80000,0x000000078bb80000,0x000000078c000000)
 ParOldGen       total 173568K, used 3177K [0x00000006c3e00000, 0x00000006ce780000, 0x000000076bf80000)
  object space 173568K, 1% used [0x00000006c3e00000,0x00000006c411a750,0x00000006ce780000)
 Metaspace       used 9292K, capacity 9518K, committed 9728K, reserved 1058816K
  class space    used 953K, capacity 1001K, committed 1024K, reserved 1048576K
Event: 3.045 GC heap after
Heap after GC invocations=9 (full 0):
 PSYoungGen      total 524800K, used 3488K [0x000000076bf80000, 0x000000079f580000, 0x00000007c0000000)
  eden space 520192K, 0% used [0x000000076bf80000,0x000000076bf80000,0x000000078bb80000)
  from space 4608K, 75% used [0x000000078bb80000,0x000000078bee8000,0x000000078c000000)
  to   space 4608K, 0% used [0x000000079f100000,0x000000079f100000,0x000000079f580000)
 ParOldGen       total 173568K, used 3993K [0x00000006c3e00000, 0x00000006ce780000, 0x000000076bf80000)
  object space 173568K, 2% used [0x00000006c3e00000,0x00000006c41e6750,0x00000006ce780000)
 Metaspace       used 9292K, capacity 9518K, committed 9728K, reserved 1058816K
  class space    used 953K, capacity 1001K, committed 1024K, reserved 1048576K
}
Event: 3.563 GC heap before
{Heap before GC invocations=10 (full 0):
 PSYoungGen      total 524800K, used 523680K [0x000000076bf80000, 0x000000079f580000, 0x00000007c0000000)
  eden space 520192K, 100% used [0x000000076bf80000,0x000000078bb80000,0x000000078bb80000)
  from space 4608K, 75% used [0x000000078bb80000,0x000000078bee8000,0x000000078c000000)
  to   space 4608K, 0% used [0x000000079f100000,0x000000079f100000,0x000000079f580000)
 ParOldGen       total 173568K, used 3993K [0x00000006c3e00000, 0x00000006ce780000, 0x000000076bf80000)
  object space 173568K, 2% used [0x00000006c3e00000,0x00000006c41e6750,0x00000006ce780000)
 Metaspace       used 9343K, capacity 9582K, committed 9728K, reserved 1058816K
  class space    used 953K, capacity 1001K, committed 1024K, reserved 1048576K
Event: 3.569 GC heap after
Heap after GC invocations=10 (full 0):
 PSYoungGen      total 836608K, used 3952K [0x000000076bf80000, 0x000000079f680000, 0x00000007c0000000)
  eden space 832000K, 0% used [0x000000076bf80000,0x000000076bf80000,0x000000079ec00000)
  from space 4608K, 85% used [0x000000079f100000,0x000000079f4dc030,0x000000079f580000)
  to   space 5120K, 0% used [0x000000079ec00000,0x000000079ec00000,0x000000079f100000)
 ParOldGen       total 173568K, used 5501K [0x00000006c3e00000, 0x00000006ce780000, 0x000000076bf80000)
  object space 173568K, 3% used [0x00000006c3e00000,0x00000006c435f7c0,0x00000006ce780000)
 Metaspace       used 9343K, capacity 9582K, committed 9728K, reserved 1058816K
  class space    used 953K, capacity 1001K, committed 1024K, reserved 1048576K
}
Event: 4.259 GC heap before
{Heap before GC invocations=11 (full 0):
 PSYoungGen      total 836608K, used 835952K [0x000000076bf80000, 0x000000079f680000, 0x00000007c0000000)
  eden space 832000K, 100% used [0x000000076bf80000,0x000000079ec00000,0x000000079ec00000)
  from space 4608K, 85% used [0x000000079f100000,0x000000079f4dc030,0x000000079f580000)
  to   space 5120K, 0% used [0x000000079ec00000,0x000000079ec00000,0x000000079f100000)
 ParOldGen       total 173568K, used 5501K [0x00000006c3e00000, 0x00000006ce780000, 0x000000076bf80000)
  object space 173568K, 3% used [0x00000006c3e00000,0x00000006c435f7c0,0x00000006ce780000)
 Metaspace       used 9349K, capacity 9582K, committed 9728K, reserved 1058816K
  class space    used 953K, capacity 1001K, committed 1024K, reserved 1048576K
Event: 4.267 GC heap after
Heap after GC invocations=11 (full 0):
 PSYoungGen      total 837120K, used 2688K [0x000000076bf80000, 0x00000007bdd80000, 0x00000007c0000000)
  eden space 832000K, 0% used [0x000000076bf80000,0x000000076bf80000,0x000000079ec00000)
  from space 5120K, 52% used [0x000000079ec00000,0x000000079eea0000,0x000000079f100000)
  to   space 5120K, 0% used [0x00000007bd880000,0x00000007bd880000,0x00000007bdd80000)
 ParOldGen       total 173568K, used 9415K [0x00000006c3e00000, 0x00000006ce780000, 0x000000076bf80000)
  object space 173568K, 5% used [0x00000006c3e00000,0x00000006c4731e28,0x00000006ce780000)
 Metaspace       used 9349K, capacity 9582K, committed 9728K, reserved 1058816K
  class space    used 953K, capacity 1001K, committed 1024K, reserved 1048576K
}
Event: 4.848 GC heap before
{Heap before GC invocations=12 (full 0):
 PSYoungGen      total 837120K, used 834688K [0x000000076bf80000, 0x00000007bdd80000, 0x00000007c0000000)
  eden space 832000K, 100% used [0x000000076bf80000,0x000000079ec00000,0x000000079ec00000)
  from space 5120K, 52% used [0x000000079ec00000,0x000000079eea0000,0x000000079f100000)
  to   space 5120K, 0% used [0x00000007bd880000,0x00000007bd880000,0x00000007bdd80000)
 ParOldGen       total 173568K, used 9415K [0x00000006c3e00000, 0x00000006ce780000, 0x000000076bf80000)
  object space 173568K, 5% used [0x00000006c3e00000,0x00000006c4731e28,0x00000006ce780000)
 Metaspace       used 9363K, capacity 9582K, committed 9728K, reserved 1058816K
  class space    used 953K, capacity 1001K, committed 1024K, reserved 1048576K
Event: 4.855 GC heap after
Heap after GC invocations=12 (full 0):
 PSYoungGen      total 1335296K, used 3296K [0x000000076bf80000, 0x00000007bdc80000, 0x00000007c0000000)
  eden space 1331200K, 0% used [0x000000076bf80000,0x000000076bf80000,0x00000007bd380000)
  from space 4096K, 80% used [0x00000007bd880000,0x00000007bdbb8020,0x00000007bdc80000)
  to   space 4608K, 0% used [0x00000007bd380000,0x00000007bd380000,0x00000007bd800000)
 ParOldGen       total 173568K, used 12051K [0x00000006c3e00000, 0x00000006ce780000, 0x000000076bf80000)
  object space 173568K, 6% used [0x00000006c3e00000,0x00000006c49c4ec8,0x00000006ce780000)
 Metaspace       used 9363K, capacity 9582K, committed 9728K, reserved 1058816K
  class space    used 953K, capacity 1001K, committed 1024K, reserved 1048576K
}
Event: 6.117 GC heap before
{Heap before GC invocations=13 (full 0):
 PSYoungGen      total 1335296K, used 1334496K [0x000000076bf80000, 0x00000007bdc80000, 0x00000007c0000000)
  eden space 1331200K, 100% used [0x000000076bf80000,0x00000007bd380000,0x00000007bd380000)
  from space 4096K, 80% used [0x00000007bd880000,0x00000007bdbb8020,0x00000007bdc80000)
  to   space 4608K, 0% used [0x00000007bd380000,0x00000007bd380000,0x00000007bd800000)
 ParOldGen       total 173568K, used 12051K [0x00000006c3e00000, 0x00000006ce780000, 0x000000076bf80000)
  object space 173568K, 6% used [0x00000006c3e00000,0x00000006c49c4ec8,0x00000006ce780000)
 Metaspace       used 9369K, capacity 9582K, committed 9728K, reserved 1058816K
  class space    used 953K, capacity 1001K, committed 1024K, reserved 1048576K
Event: 6.126 GC heap after
Heap after GC invocations=13 (full 0):
 PSYoungGen      total 1335808K, used 4512K [0x000000076bf80000, 0x00000007c0000000, 0x00000007c0000000)
  eden space 1331200K, 0% used [0x000000076bf80000,0x000000076bf80000,0x00000007bd380000)
  from space 4608K, 97% used [0x00000007bd380000,0x00000007bd7e8000,0x00000007bd800000)
  to   space 5120K, 0% used [0x00000007bfb00000,0x00000007bfb00000,0x00000007c0000000)
 ParOldGen       total 173568K, used 15245K [0x00000006c3e00000, 0x00000006ce780000, 0x000000076bf80000)
  object space 173568K, 8% used [0x00000006c3e00000,0x00000006c4ce3668,0x00000006ce780000)
 Metaspace       used 9369K, capacity 9582K, committed 9728K, reserved 1058816K
  class space    used 953K, capacity 1001K, committed 1024K, reserved 1048576K
}

