# JRE version: Java(TM) SE Runtime Environment (8.0_251-b08) (build 1.8.0_251-b08)
# Java VM: Java HotSpot(TM) 64-Bit Server VM (25.251-b08 mixed mode windows-amd64 compressed oops)
Heap:
 PSYoungGen      total 1371136K, used 445781K [0x000000076bf80000, 0x00000007c0000000, 0x00000007c0000000)
  eden space 1365504K, 32% used [0x000000076bf80000,0x0000000786fcd740,0x00000007bf500000)
  from space 5632K, 55% used [0x00000007bfa80000,0x00000007bfd88000,0x00000007c0000000)
  to   space 5632K, 0% used [0x00000007bf500000,0x00000007bf500000,0x00000007bfa80000)
 ParOldGen       total 173568K, used 15458K [0x00000006c3e00000, 0x00000006ce780000, 0x000000076bf80000)
  object space 173568K, 8% used [0x00000006c3e00000,0x00000006c4d18900,0x00000006ce780000)
 Metaspace       used 18187K, capacity 18492K, committed 18688K, reserved 1067008K
  class space    used 1665K, capacity 1766K, committed 1792K, reserved 1048576K
GC Heap History (10 events):
Event: 2.432 GC heap before
{Heap before GC invocations=10 (full 0):
 PSYoungGen      total 525824K, used 521856K [0x000000076bf80000, 0x000000079f780000, 0x00000007c0000000)
  eden space 519680K, 100% used [0x000000076bf80000,0x000000078bb00000,0x000000078bb00000)
  from space 6144K, 35% used [0x000000078bb00000,0x000000078bd20000,0x000000078c100000)
  to   space 6144K, 0% used [0x000000079f180000,0x000000079f180000,0x000000079f780000)
 ParOldGen       total 173568K, used 4467K [0x00000006c3e00000, 0x00000006ce780000, 0x000000076bf80000)
  object space 173568K, 2% used [0x00000006c3e00000,0x00000006c425cdf8,0x00000006ce780000)
 Metaspace       used 9252K, capacity 9454K, committed 9728K, reserved 1058816K
  class space    used 954K, capacity 1001K, committed 1024K, reserved 1048576K
Event: 2.438 GC heap after
Heap after GC invocations=10 (full 0):
 PSYoungGen      total 836608K, used 2560K [0x000000076bf80000, 0x000000079f680000, 0x00000007c0000000)
  eden space 831488K, 0% used [0x000000076bf80000,0x000000076bf80000,0x000000079eb80000)
  from space 5120K, 50% used [0x000000079f180000,0x000000079f400000,0x000000079f680000)
  to   space 5632K, 0% used [0x000000079eb80000,0x000000079eb80000,0x000000079f100000)
 ParOldGen       total 173568K, used 5515K [0x00000006c3e00000, 0x00000006ce780000, 0x000000076bf80000)
  object space 173568K, 3% used [0x00000006c3e00000,0x00000006c4362df8,0x00000006ce780000)
 Metaspace       used 9252K, capacity 9454K, committed 9728K, reserved 1058816K
  class space    used 954K, capacity 1001K, committed 1024K, reserved 1048576K
}
Event: 3.161 GC heap before
{Heap before GC invocations=11 (full 0):
 PSYoungGen      total 836608K, used 834048K [0x000000076bf80000, 0x000000079f680000, 0x00000007c0000000)
  eden space 831488K, 100% used [0x000000076bf80000,0x000000079eb80000,0x000000079eb80000)
  from space 5120K, 50% used [0x000000079f180000,0x000000079f400000,0x000000079f680000)
  to   space 5632K, 0% used [0x000000079eb80000,0x000000079eb80000,0x000000079f100000)
 ParOldGen       total 173568K, used 5515K [0x00000006c3e00000, 0x00000006ce780000, 0x000000076bf80000)
  object space 173568K, 3% used [0x00000006c3e00000,0x00000006c4362df8,0x00000006ce780000)
 Metaspace       used 9275K, capacity 9454K, committed 9728K, reserved 1058816K
  class space    used 954K, capacity 1001K, committed 1024K, reserved 1048576K
Event: 3.167 GC heap after
Heap after GC invocations=11 (full 0):
 PSYoungGen      total 837120K, used 2272K [0x000000076bf80000, 0x00000007bde00000, 0x00000007c0000000)
  eden space 831488K, 0% used [0x000000076bf80000,0x000000076bf80000,0x000000079eb80000)
  from space 5632K, 40% used [0x000000079eb80000,0x000000079edb8020,0x000000079f100000)
  to   space 5632K, 0% used [0x00000007bd880000,0x00000007bd880000,0x00000007bde00000)
 ParOldGen       total 173568K, used 8013K [0x00000006c3e00000, 0x00000006ce780000, 0x000000076bf80000)
  object space 173568K, 4% used [0x00000006c3e00000,0x00000006c45d3460,0x00000006ce780000)
 Metaspace       used 9275K, capacity 9454K, committed 9728K, reserved 1058816K
  class space    used 954K, capacity 1001K, committed 1024K, reserved 1048576K
}
Event: 3.722 GC heap before
{Heap before GC invocations=12 (full 0):
 PSYoungGen      total 837120K, used 833760K [0x000000076bf80000, 0x00000007bde00000, 0x00000007c0000000)
  eden space 831488K, 100% used [0x000000076bf80000,0x000000079eb80000,0x000000079eb80000)
  from space 5632K, 40% used [0x000000079eb80000,0x000000079edb8020,0x000000079f100000)
  to   space 5632K, 0% used [0x00000007bd880000,0x00000007bd880000,0x00000007bde00000)
 ParOldGen       total 173568K, used 8013K [0x00000006c3e00000, 0x00000006ce780000, 0x000000076bf80000)
  object space 173568K, 4% used [0x00000006c3e00000,0x00000006c45d3460,0x00000006ce780000)
 Metaspace       used 9277K, capacity 9454K, committed 9728K, reserved 1058816K
  class space    used 954K, capacity 1001K, committed 1024K, reserved 1048576K
Event: 3.727 GC heap after
Heap after GC invocations=12 (full 0):
 PSYoungGen      total 1336320K, used 1792K [0x000000076bf80000, 0x00000007bde00000, 0x00000007c0000000)
  eden space 1330688K, 0% used [0x000000076bf80000,0x000000076bf80000,0x00000007bd300000)
  from space 5632K, 31% used [0x00000007bd880000,0x00000007bda40000,0x00000007bde00000)
  to   space 5632K, 0% used [0x00000007bd300000,0x00000007bd300000,0x00000007bd880000)
 ParOldGen       total 173568K, used 10186K [0x00000006c3e00000, 0x00000006ce780000, 0x000000076bf80000)
  object space 173568K, 5% used [0x00000006c3e00000,0x00000006c47f2ac0,0x00000006ce780000)
 Metaspace       used 9277K, capacity 9454K, committed 9728K, reserved 1058816K
  class space    used 954K, capacity 1001K, committed 1024K, reserved 1048576K
}
Event: 4.744 GC heap before
{Heap before GC invocations=13 (full 0):
 PSYoungGen      total 1336320K, used 1332480K [0x000000076bf80000, 0x00000007bde00000, 0x00000007c0000000)
  eden space 1330688K, 100% used [0x000000076bf80000,0x00000007bd300000,0x00000007bd300000)
  from space 5632K, 31% used [0x00000007bd880000,0x00000007bda40000,0x00000007bde00000)
  to   space 5632K, 0% used [0x00000007bd300000,0x00000007bd300000,0x00000007bd880000)
 ParOldGen       total 173568K, used 10186K [0x00000006c3e00000, 0x00000006ce780000, 0x000000076bf80000)
  object space 173568K, 5% used [0x00000006c3e00000,0x00000006c47f2ac0,0x00000006ce780000)
 Metaspace       used 9320K, capacity 9518K, committed 9728K, reserved 1058816K
  class space    used 954K, capacity 1001K, committed 1024K, reserved 1048576K
Event: 4.750 GC heap after
Heap after GC invocations=13 (full 0):
 PSYoungGen      total 1336320K, used 3664K [0x000000076bf80000, 0x00000007c0000000, 0x00000007c0000000)
  eden space 1330688K, 0% used [0x000000076bf80000,0x000000076bf80000,0x00000007bd300000)
  from space 5632K, 65% used [0x00000007bd300000,0x00000007bd694030,0x00000007bd880000)
  to   space 5632K, 0% used [0x00000007bfa80000,0x00000007bfa80000,0x00000007c0000000)
 ParOldGen       total 173568K, used 11906K [0x00000006c3e00000, 0x00000006ce780000, 0x000000076bf80000)
  object space 173568K, 6% used [0x00000006c3e00000,0x00000006c49a0ac0,0x00000006ce780000)
 Metaspace       used 9320K, capacity 9518K, committed 9728K, reserved 1058816K
  class space    used 954K, capacity 1001K, committed 1024K, reserved 1048576K
}
Event: 5.624 GC heap before
{Heap before GC invocations=14 (full 0):
 PSYoungGen      total 1336320K, used 1334352K [0x000000076bf80000, 0x00000007c0000000, 0x00000007c0000000)
  eden space 1330688K, 100% used [0x000000076bf80000,0x00000007bd300000,0x00000007bd300000)
  from space 5632K, 65% used [0x00000007bd300000,0x00000007bd694030,0x00000007bd880000)
  to   space 5632K, 0% used [0x00000007bfa80000,0x00000007bfa80000,0x00000007c0000000)
 ParOldGen       total 173568K, used 11906K [0x00000006c3e00000, 0x00000006ce780000, 0x000000076bf80000)
  object space 173568K, 6% used [0x00000006c3e00000,0x00000006c49a0ac0,0x00000006ce780000)
 Metaspace       used 9323K, capacity 9518K, committed 9728K, reserved 1058816K
  class space    used 954K, capacity 1001K, committed 1024K, reserved 1048576K
Event: 5.631 GC heap after
Heap after GC invocations=14 (full 0):
 PSYoungGen      total 1371136K, used 3104K [0x000000076bf80000, 0x00000007c0000000, 0x00000007c0000000)
  eden space 1365504K, 0% used [0x000000076bf80000,0x000000076bf80000,0x00000007bf500000)
  from space 5632K, 55% used [0x00000007bfa80000,0x00000007bfd88000,0x00000007c0000000)
  to   space 5632K, 0% used [0x00000007bf500000,0x00000007bf500000,0x00000007bfa80000)
 ParOldGen       total 173568K, used 15458K [0x00000006c3e00000, 0x00000006ce780000, 0x000000076bf80000)
  object space 173568K, 8% used [0x00000006c3e00000,0x00000006c4d18900,0x00000006ce780000)
 Metaspace       used 9323K, capacity 9518K, committed 9728K, reserved 1058816K
  class space    used 954K, capacity 1001K, committed 1024K, reserved 1048576K
}

