# JRE version: Java(TM) SE Runtime Environment (8.0_251-b08) (build 1.8.0_251-b08)
# Java VM: Java HotSpot(TM) 64-Bit Server VM (25.251-b08 mixed mode windows-amd64 compressed oops)
Heap:
 PSYoungGen      total 835584K, used 602524K [0x000000076bf80000, 0x000000079f400000, 0x00000007c0000000)
  eden space 830976K, 72% used [0x000000076bf80000,0x0000000790a531c8,0x000000079eb00000)
  from space 4608K, 35% used [0x000000079ef80000,0x000000079f114010,0x000000079f400000)
  to   space 4608K, 0% used [0x000000079eb00000,0x000000079eb00000,0x000000079ef80000)
 ParOldGen       total 173568K, used 4967K [0x00000006c3e00000, 0x00000006ce780000, 0x000000076bf80000)
  object space 173568K, 2% used [0x00000006c3e00000,0x00000006c42d9fb0,0x00000006ce780000)
 Metaspace       used 16760K, capacity 17044K, committed 17408K, reserved 1067008K
  class space    used 1588K, capacity 1670K, committed 1792K, reserved 1048576K
GC Heap History (10 events):
Event: 1.536 GC heap before
{Heap before GC invocations=6 (full 0):
 PSYoungGen      total 140800K, used 133198K [0x000000076bf80000, 0x000000077c580000, 0x00000007c0000000)
  eden space 130048K, 100% used [0x000000076bf80000,0x0000000773e80000,0x0000000773e80000)
  from space 10752K, 29% used [0x0000000773e80000,0x0000000774193b50,0x0000000774900000)
  to   space 4096K, 0% used [0x000000077c180000,0x000000077c180000,0x000000077c580000)
 ParOldGen       total 173568K, used 48K [0x00000006c3e00000, 0x00000006ce780000, 0x000000076bf80000)
  object space 173568K, 0% used [0x00000006c3e00000,0x00000006c3e0c000,0x00000006ce780000)
 Metaspace       used 9580K, capacity 9742K, committed 10112K, reserved 1058816K
  class space    used 981K, capacity 1033K, committed 1152K, reserved 1048576K
Event: 1.542 GC heap after
Heap after GC invocations=6 (full 0):
 PSYoungGen      total 263680K, used 3593K [0x000000076bf80000, 0x000000077c680000, 0x00000007c0000000)
  eden space 259584K, 0% used [0x000000076bf80000,0x000000076bf80000,0x000000077bd00000)
  from space 4096K, 87% used [0x000000077c180000,0x000000077c502750,0x000000077c580000)
  to   space 4608K, 0% used [0x000000077bd00000,0x000000077bd00000,0x000000077c180000)
 ParOldGen       total 173568K, used 56K [0x00000006c3e00000, 0x00000006ce780000, 0x000000076bf80000)
  object space 173568K, 0% used [0x00000006c3e00000,0x00000006c3e0e000,0x00000006ce780000)
 Metaspace       used 9580K, capacity 9742K, committed 10112K, reserved 1058816K
  class space    used 981K, capacity 1033K, committed 1152K, reserved 1048576K
}
Event: 1.857 GC heap before
{Heap before GC invocations=7 (full 0):
 PSYoungGen      total 263680K, used 263177K [0x000000076bf80000, 0x000000077c680000, 0x00000007c0000000)
  eden space 259584K, 100% used [0x000000076bf80000,0x000000077bd00000,0x000000077bd00000)
  from space 4096K, 87% used [0x000000077c180000,0x000000077c502750,0x000000077c580000)
  to   space 4608K, 0% used [0x000000077bd00000,0x000000077bd00000,0x000000077c180000)
 ParOldGen       total 173568K, used 56K [0x00000006c3e00000, 0x00000006ce780000, 0x000000076bf80000)
  object space 173568K, 0% used [0x00000006c3e00000,0x00000006c3e0e000,0x00000006ce780000)
 Metaspace       used 9590K, capacity 9806K, committed 10112K, reserved 1058816K
  class space    used 981K, capacity 1033K, committed 1152K, reserved 1048576K
Event: 1.865 GC heap after
Heap after GC invocations=7 (full 0):
 PSYoungGen      total 264192K, used 2112K [0x000000076bf80000, 0x000000078c380000, 0x00000007c0000000)
  eden space 259584K, 0% used [0x000000076bf80000,0x000000076bf80000,0x000000077bd00000)
  from space 4608K, 45% used [0x000000077bd00000,0x000000077bf10000,0x000000077c180000)
  to   space 4608K, 0% used [0x000000078bf00000,0x000000078bf00000,0x000000078c380000)
 ParOldGen       total 173568K, used 2266K [0x00000006c3e00000, 0x00000006ce780000, 0x000000076bf80000)
  object space 173568K, 1% used [0x00000006c3e00000,0x00000006c4036bf0,0x00000006ce780000)
 Metaspace       used 9590K, capacity 9806K, committed 10112K, reserved 1058816K
  class space    used 981K, capacity 1033K, committed 1152K, reserved 1048576K
}
Event: 2.113 GC heap before
{Heap before GC invocations=8 (full 0):
 PSYoungGen      total 264192K, used 261696K [0x000000076bf80000, 0x000000078c380000, 0x00000007c0000000)
  eden space 259584K, 100% used [0x000000076bf80000,0x000000077bd00000,0x000000077bd00000)
  from space 4608K, 45% used [0x000000077bd00000,0x000000077bf10000,0x000000077c180000)
  to   space 4608K, 0% used [0x000000078bf00000,0x000000078bf00000,0x000000078c380000)
 ParOldGen       total 173568K, used 2266K [0x00000006c3e00000, 0x00000006ce780000, 0x000000076bf80000)
  object space 173568K, 1% used [0x00000006c3e00000,0x00000006c4036bf0,0x00000006ce780000)
 Metaspace       used 9598K, capacity 9806K, committed 10112K, reserved 1058816K
  class space    used 981K, capacity 1033K, committed 1152K, reserved 1048576K
Event: 2.118 GC heap after
Heap after GC invocations=8 (full 0):
 PSYoungGen      total 522752K, used 2672K [0x000000076bf80000, 0x000000078c280000, 0x00000007c0000000)
  eden space 519168K, 0% used [0x000000076bf80000,0x000000076bf80000,0x000000078ba80000)
  from space 3584K, 74% used [0x000000078bf00000,0x000000078c19c030,0x000000078c280000)
  to   space 4096K, 0% used [0x000000078ba80000,0x000000078ba80000,0x000000078be80000)
 ParOldGen       total 173568K, used 2731K [0x00000006c3e00000, 0x00000006ce780000, 0x000000076bf80000)
  object space 173568K, 1% used [0x00000006c3e00000,0x00000006c40aaf40,0x00000006ce780000)
 Metaspace       used 9598K, capacity 9806K, committed 10112K, reserved 1058816K
  class space    used 981K, capacity 1033K, committed 1152K, reserved 1048576K
}
Event: 2.807 GC heap before
{Heap before GC invocations=9 (full 0):
 PSYoungGen      total 522752K, used 521840K [0x000000076bf80000, 0x000000078c280000, 0x00000007c0000000)
  eden space 519168K, 100% used [0x000000076bf80000,0x000000078ba80000,0x000000078ba80000)
  from space 3584K, 74% used [0x000000078bf00000,0x000000078c19c030,0x000000078c280000)
  to   space 4096K, 0% used [0x000000078ba80000,0x000000078ba80000,0x000000078be80000)
 ParOldGen       total 173568K, used 2731K [0x00000006c3e00000, 0x00000006ce780000, 0x000000076bf80000)
  object space 173568K, 1% used [0x00000006c3e00000,0x00000006c40aaf40,0x00000006ce780000)
 Metaspace       used 9637K, capacity 9806K, committed 10112K, reserved 1058816K
  class space    used 981K, capacity 1033K, committed 1152K, reserved 1048576K
Event: 2.813 GC heap after
Heap after GC invocations=9 (full 0):
 PSYoungGen      total 523264K, used 3616K [0x000000076bf80000, 0x000000079f400000, 0x00000007c0000000)
  eden space 519168K, 0% used [0x000000076bf80000,0x000000076bf80000,0x000000078ba80000)
  from space 4096K, 88% used [0x000000078ba80000,0x000000078be08020,0x000000078be80000)
  to   space 4608K, 0% used [0x000000079ef80000,0x000000079ef80000,0x000000079f400000)
 ParOldGen       total 173568K, used 3575K [0x00000006c3e00000, 0x00000006ce780000, 0x000000076bf80000)
  object space 173568K, 2% used [0x00000006c3e00000,0x00000006c417dfb0,0x00000006ce780000)
 Metaspace       used 9637K, capacity 9806K, committed 10112K, reserved 1058816K
  class space    used 981K, capacity 1033K, committed 1152K, reserved 1048576K
}
Event: 3.197 GC heap before
{Heap before GC invocations=10 (full 0):
 PSYoungGen      total 523264K, used 522784K [0x000000076bf80000, 0x000000079f400000, 0x00000007c0000000)
  eden space 519168K, 100% used [0x000000076bf80000,0x000000078ba80000,0x000000078ba80000)
  from space 4096K, 88% used [0x000000078ba80000,0x000000078be08020,0x000000078be80000)
  to   space 4608K, 0% used [0x000000079ef80000,0x000000079ef80000,0x000000079f400000)
 ParOldGen       total 173568K, used 3575K [0x00000006c3e00000, 0x00000006ce780000, 0x000000076bf80000)
  object space 173568K, 2% used [0x00000006c3e00000,0x00000006c417dfb0,0x00000006ce780000)
 Metaspace       used 9656K, capacity 9806K, committed 10112K, reserved 1058816K
  class space    used 981K, capacity 1033K, committed 1152K, reserved 1048576K
Event: 3.199 GC heap after
Heap after GC invocations=10 (full 0):
 PSYoungGen      total 835584K, used 1616K [0x000000076bf80000, 0x000000079f400000, 0x00000007c0000000)
  eden space 830976K, 0% used [0x000000076bf80000,0x000000076bf80000,0x000000079eb00000)
  from space 4608K, 35% used [0x000000079ef80000,0x000000079f114010,0x000000079f400000)
  to   space 4608K, 0% used [0x000000079eb00000,0x000000079eb00000,0x000000079ef80000)
 ParOldGen       total 173568K, used 4967K [0x00000006c3e00000, 0x00000006ce780000, 0x000000076bf80000)
  object space 173568K, 2% used [0x00000006c3e00000,0x00000006c42d9fb0,0x00000006ce780000)
 Metaspace       used 9656K, capacity 9806K, committed 10112K, reserved 1058816K
  class space    used 981K, capacity 1033K, committed 1152K, reserved 1048576K
}

