# JRE version: Java(TM) SE Runtime Environment (8.0_251-b08) (build 1.8.0_251-b08)
# Java VM: Java HotSpot(TM) 64-Bit Server VM (25.251-b08 mixed mode windows-amd64 compressed oops)
Heap:
 PSYoungGen      total 837632K, used 23840K [0x000000076bc00000, 0x000000079f400000, 0x00000007c0000000)
  eden space 832000K, 2% used [0x000000076bc00000,0x000000076ce7fb60,0x000000079e880000)
  from space 5632K, 86% used [0x000000079e880000,0x000000079ed486f8,0x000000079ee00000)
  to   space 5120K, 0% used [0x000000079ee00000,0x000000079ee00000,0x000000079f300000)
 ParOldGen       total 173568K, used 6714K [0x00000006c3400000, 0x00000006cdd80000, 0x000000076bc00000)
  object space 173568K, 3% used [0x00000006c3400000,0x00000006c3a8eb60,0x00000006cdd80000)
 Metaspace       used 15876K, capacity 16190K, committed 16512K, reserved 1064960K
  class space    used 1502K, capacity 1597K, committed 1664K, reserved 1048576K
GC Heap History (10 events):
Event: 1.451 GC heap before
{Heap before GC invocations=7 (full 0):
 PSYoungGen      total 264704K, used 263973K [0x000000076bc00000, 0x000000077c300000, 0x00000007c0000000)
  eden space 260096K, 100% used [0x000000076bc00000,0x000000077ba00000,0x000000077ba00000)
  from space 4608K, 84% used [0x000000077be80000,0x000000077c249688,0x000000077c300000)
  to   space 4608K, 0% used [0x000000077ba00000,0x000000077ba00000,0x000000077be80000)
 ParOldGen       total 173568K, used 153K [0x00000006c3400000, 0x00000006cdd80000, 0x000000076bc00000)
  object space 173568K, 0% used [0x00000006c3400000,0x00000006c34266e0,0x00000006cdd80000)
 Metaspace       used 9695K, capacity 9902K, committed 10112K, reserved 1058816K
  class space    used 987K, capacity 1065K, committed 1152K, reserved 1048576K
Event: 1.456 GC heap after
Heap after GC invocations=7 (full 0):
 PSYoungGen      total 264704K, used 2592K [0x000000076bc00000, 0x000000078c100000, 0x00000007c0000000)
  eden space 260096K, 0% used [0x000000076bc00000,0x000000076bc00000,0x000000077ba00000)
  from space 4608K, 56% used [0x000000077ba00000,0x000000077bc88330,0x000000077be80000)
  to   space 4608K, 0% used [0x000000078bc80000,0x000000078bc80000,0x000000078c100000)
 ParOldGen       total 173568K, used 2619K [0x00000006c3400000, 0x00000006cdd80000, 0x000000076bc00000)
  object space 173568K, 1% used [0x00000006c3400000,0x00000006c368ee48,0x00000006cdd80000)
 Metaspace       used 9695K, capacity 9902K, committed 10112K, reserved 1058816K
  class space    used 987K, capacity 1065K, committed 1152K, reserved 1048576K
}
Event: 1.672 GC heap before
{Heap before GC invocations=8 (full 0):
 PSYoungGen      total 264704K, used 262688K [0x000000076bc00000, 0x000000078c100000, 0x00000007c0000000)
  eden space 260096K, 100% used [0x000000076bc00000,0x000000077ba00000,0x000000077ba00000)
  from space 4608K, 56% used [0x000000077ba00000,0x000000077bc88330,0x000000077be80000)
  to   space 4608K, 0% used [0x000000078bc80000,0x000000078bc80000,0x000000078c100000)
 ParOldGen       total 173568K, used 2619K [0x00000006c3400000, 0x00000006cdd80000, 0x000000076bc00000)
  object space 173568K, 1% used [0x00000006c3400000,0x00000006c368ee48,0x00000006cdd80000)
 Metaspace       used 9726K, capacity 9966K, committed 10112K, reserved 1058816K
  class space    used 987K, capacity 1065K, committed 1152K, reserved 1048576K
Event: 1.676 GC heap after
Heap after GC invocations=8 (full 0):
 PSYoungGen      total 524800K, used 3440K [0x000000076bc00000, 0x000000078c100000, 0x00000007c0000000)
  eden space 520192K, 0% used [0x000000076bc00000,0x000000076bc00000,0x000000078b800000)
  from space 4608K, 74% used [0x000000078bc80000,0x000000078bfdc360,0x000000078c100000)
  to   space 4608K, 0% used [0x000000078b800000,0x000000078b800000,0x000000078bc80000)
 ParOldGen       total 173568K, used 3117K [0x00000006c3400000, 0x00000006cdd80000, 0x000000076bc00000)
  object space 173568K, 1% used [0x00000006c3400000,0x00000006c370b598,0x00000006cdd80000)
 Metaspace       used 9726K, capacity 9966K, committed 10112K, reserved 1058816K
  class space    used 987K, capacity 1065K, committed 1152K, reserved 1048576K
}
Event: 2.161 GC heap before
{Heap before GC invocations=9 (full 0):
 PSYoungGen      total 524800K, used 523632K [0x000000076bc00000, 0x000000078c100000, 0x00000007c0000000)
  eden space 520192K, 100% used [0x000000076bc00000,0x000000078b800000,0x000000078b800000)
  from space 4608K, 74% used [0x000000078bc80000,0x000000078bfdc360,0x000000078c100000)
  to   space 4608K, 0% used [0x000000078b800000,0x000000078b800000,0x000000078bc80000)
 ParOldGen       total 173568K, used 3117K [0x00000006c3400000, 0x00000006cdd80000, 0x000000076bc00000)
  object space 173568K, 1% used [0x00000006c3400000,0x00000006c370b598,0x00000006cdd80000)
 Metaspace       used 9741K, capacity 9966K, committed 10112K, reserved 1058816K
  class space    used 987K, capacity 1065K, committed 1152K, reserved 1048576K
Event: 2.167 GC heap after
Heap after GC invocations=9 (full 0):
 PSYoungGen      total 524800K, used 4593K [0x000000076bc00000, 0x000000079f300000, 0x00000007c0000000)
  eden space 520192K, 0% used [0x000000076bc00000,0x000000076bc00000,0x000000078b800000)
  from space 4608K, 99% used [0x000000078b800000,0x000000078bc7c4d0,0x000000078bc80000)
  to   space 5120K, 0% used [0x000000079ee00000,0x000000079ee00000,0x000000079f300000)
 ParOldGen       total 173568K, used 4061K [0x00000006c3400000, 0x00000006cdd80000, 0x000000076bc00000)
  object space 173568K, 2% used [0x00000006c3400000,0x00000006c37f7598,0x00000006cdd80000)
 Metaspace       used 9741K, capacity 9966K, committed 10112K, reserved 1058816K
  class space    used 987K, capacity 1065K, committed 1152K, reserved 1048576K
}
Event: 2.466 GC heap before
{Heap before GC invocations=10 (full 0):
 PSYoungGen      total 524800K, used 524785K [0x000000076bc00000, 0x000000079f300000, 0x00000007c0000000)
  eden space 520192K, 100% used [0x000000076bc00000,0x000000078b800000,0x000000078b800000)
  from space 4608K, 99% used [0x000000078b800000,0x000000078bc7c4d0,0x000000078bc80000)
  to   space 5120K, 0% used [0x000000079ee00000,0x000000079ee00000,0x000000079f300000)
 ParOldGen       total 173568K, used 4061K [0x00000006c3400000, 0x00000006cdd80000, 0x000000076bc00000)
  object space 173568K, 2% used [0x00000006c3400000,0x00000006c37f7598,0x00000006cdd80000)
 Metaspace       used 9754K, capacity 9966K, committed 10112K, reserved 1058816K
  class space    used 987K, capacity 1065K, committed 1152K, reserved 1048576K
Event: 2.469 GC heap after
Heap after GC invocations=10 (full 0):
 PSYoungGen      total 837120K, used 1376K [0x000000076bc00000, 0x000000079f400000, 0x00000007c0000000)
  eden space 832000K, 0% used [0x000000076bc00000,0x000000076bc00000,0x000000079e880000)
  from space 5120K, 26% used [0x000000079ee00000,0x000000079ef58350,0x000000079f300000)
  to   space 5632K, 0% used [0x000000079e880000,0x000000079e880000,0x000000079ee00000)
 ParOldGen       total 173568K, used 6254K [0x00000006c3400000, 0x00000006cdd80000, 0x000000076bc00000)
  object space 173568K, 3% used [0x00000006c3400000,0x00000006c3a1b8c8,0x00000006cdd80000)
 Metaspace       used 9754K, capacity 9966K, committed 10112K, reserved 1058816K
  class space    used 987K, capacity 1065K, committed 1152K, reserved 1048576K
}
Event: 3.338 GC heap before
{Heap before GC invocations=11 (full 0):
 PSYoungGen      total 837120K, used 833376K [0x000000076bc00000, 0x000000079f400000, 0x00000007c0000000)
  eden space 832000K, 100% used [0x000000076bc00000,0x000000079e880000,0x000000079e880000)
  from space 5120K, 26% used [0x000000079ee00000,0x000000079ef58350,0x000000079f300000)
  to   space 5632K, 0% used [0x000000079e880000,0x000000079e880000,0x000000079ee00000)
 ParOldGen       total 173568K, used 6254K [0x00000006c3400000, 0x00000006cdd80000, 0x000000076bc00000)
  object space 173568K, 3% used [0x00000006c3400000,0x00000006c3a1b8c8,0x00000006cdd80000)
 Metaspace       used 13384K, capacity 13630K, committed 13952K, reserved 1062912K
  class space    used 1256K, capacity 1341K, committed 1408K, reserved 1048576K
Event: 3.347 GC heap after
Heap after GC invocations=11 (full 0):
 PSYoungGen      total 837632K, used 4897K [0x000000076bc00000, 0x000000079f400000, 0x00000007c0000000)
  eden space 832000K, 0% used [0x000000076bc00000,0x000000076bc00000,0x000000079e880000)
  from space 5632K, 86% used [0x000000079e880000,0x000000079ed486f8,0x000000079ee00000)
  to   space 5120K, 0% used [0x000000079ee00000,0x000000079ee00000,0x000000079f300000)
 ParOldGen       total 173568K, used 6714K [0x00000006c3400000, 0x00000006cdd80000, 0x000000076bc00000)
  object space 173568K, 3% used [0x00000006c3400000,0x00000006c3a8eb60,0x00000006cdd80000)
 Metaspace       used 13384K, capacity 13630K, committed 13952K, reserved 1062912K
  class space    used 1256K, capacity 1341K, committed 1408K, reserved 1048576K
}

