# JRE version: Java(TM) SE Runtime Environment (8.0_251-b08) (build 1.8.0_251-b08)
# Java VM: Java HotSpot(TM) 64-Bit Server VM (25.251-b08 mixed mode windows-amd64 compressed oops)
Heap:
 PSYoungGen      total 523776K, used 98304K [0x000000076bc00000, 0x000000078bf00000, 0x00000007c0000000)
  eden space 520192K, 18% used [0x000000076bc00000,0x0000000771ab8160,0x000000078b800000)
  from space 3584K, 36% used [0x000000078bb80000,0x000000078bcc8020,0x000000078bf00000)
  to   space 3584K, 0% used [0x000000078b800000,0x000000078b800000,0x000000078bb80000)
 ParOldGen       total 173568K, used 1512K [0x00000006c3400000, 0x00000006cdd80000, 0x000000076bc00000)
  object space 173568K, 0% used [0x00000006c3400000,0x00000006c357a238,0x00000006cdd80000)
 Metaspace       used 19868K, capacity 20176K, committed 20480K, reserved 1067008K
  class space    used 1910K, capacity 2006K, committed 2048K, reserved 1048576K
GC Heap History (10 events):
Event: 0.738 GC heap before
{Heap before GC invocations=4 (full 0):
 PSYoungGen      total 75776K, used 67032K [0x000000076bc00000, 0x0000000775000000, 0x00000007c0000000)
  eden space 65024K, 100% used [0x000000076bc00000,0x000000076fb80000,0x000000076fb80000)
  from space 10752K, 18% used [0x000000076fb80000,0x000000076fd761f8,0x0000000770600000)
  to   space 10752K, 0% used [0x0000000774580000,0x0000000774580000,0x0000000775000000)
 ParOldGen       total 173568K, used 32K [0x00000006c3400000, 0x00000006cdd80000, 0x000000076bc00000)
  object space 173568K, 0% used [0x00000006c3400000,0x00000006c3408000,0x00000006cdd80000)
 Metaspace       used 9001K, capacity 9230K, committed 9600K, reserved 1058816K
  class space    used 957K, capacity 1033K, committed 1152K, reserved 1048576K
Event: 0.741 GC heap after
Heap after GC invocations=4 (full 0):
 PSYoungGen      total 140800K, used 2200K [0x000000076bc00000, 0x0000000775000000, 0x00000007c0000000)
  eden space 130048K, 0% used [0x000000076bc00000,0x000000076bc00000,0x0000000773b00000)
  from space 10752K, 20% used [0x0000000774580000,0x00000007747a61f8,0x0000000775000000)
  to   space 10752K, 0% used [0x0000000773b00000,0x0000000773b00000,0x0000000774580000)
 ParOldGen       total 173568K, used 40K [0x00000006c3400000, 0x00000006cdd80000, 0x000000076bc00000)
  object space 173568K, 0% used [0x00000006c3400000,0x00000006c340a000,0x00000006cdd80000)
 Metaspace       used 9001K, capacity 9230K, committed 9600K, reserved 1058816K
  class space    used 957K, capacity 1033K, committed 1152K, reserved 1048576K
}
Event: 0.871 GC heap before
{Heap before GC invocations=5 (full 0):
 PSYoungGen      total 140800K, used 132248K [0x000000076bc00000, 0x0000000775000000, 0x00000007c0000000)
  eden space 130048K, 100% used [0x000000076bc00000,0x0000000773b00000,0x0000000773b00000)
  from space 10752K, 20% used [0x0000000774580000,0x00000007747a61f8,0x0000000775000000)
  to   space 10752K, 0% used [0x0000000773b00000,0x0000000773b00000,0x0000000774580000)
 ParOldGen       total 173568K, used 40K [0x00000006c3400000, 0x00000006cdd80000, 0x000000076bc00000)
  object space 173568K, 0% used [0x00000006c3400000,0x00000006c340a000,0x00000006cdd80000)
 Metaspace       used 9039K, capacity 9294K, committed 9600K, reserved 1058816K
  class space    used 957K, capacity 1033K, committed 1152K, reserved 1048576K
Event: 0.874 GC heap after
Heap after GC invocations=5 (full 0):
 PSYoungGen      total 140800K, used 1864K [0x000000076bc00000, 0x000000077c000000, 0x00000007c0000000)
  eden space 130048K, 0% used [0x000000076bc00000,0x000000076bc00000,0x0000000773b00000)
  from space 10752K, 17% used [0x0000000773b00000,0x0000000773cd21e8,0x0000000774580000)
  to   space 3072K, 0% used [0x000000077bd00000,0x000000077bd00000,0x000000077c000000)
 ParOldGen       total 173568K, used 48K [0x00000006c3400000, 0x00000006cdd80000, 0x000000076bc00000)
  object space 173568K, 0% used [0x00000006c3400000,0x00000006c340c000,0x00000006cdd80000)
 Metaspace       used 9039K, capacity 9294K, committed 9600K, reserved 1058816K
  class space    used 957K, capacity 1033K, committed 1152K, reserved 1048576K
}
Event: 0.980 GC heap before
{Heap before GC invocations=6 (full 0):
 PSYoungGen      total 140800K, used 131912K [0x000000076bc00000, 0x000000077c000000, 0x00000007c0000000)
  eden space 130048K, 100% used [0x000000076bc00000,0x0000000773b00000,0x0000000773b00000)
  from space 10752K, 17% used [0x0000000773b00000,0x0000000773cd21e8,0x0000000774580000)
  to   space 3072K, 0% used [0x000000077bd00000,0x000000077bd00000,0x000000077c000000)
 ParOldGen       total 173568K, used 48K [0x00000006c3400000, 0x00000006cdd80000, 0x000000076bc00000)
  object space 173568K, 0% used [0x00000006c3400000,0x00000006c340c000,0x00000006cdd80000)
 Metaspace       used 9044K, capacity 9294K, committed 9600K, reserved 1058816K
  class space    used 957K, capacity 1033K, committed 1152K, reserved 1048576K
Event: 0.984 GC heap after
Heap after GC invocations=6 (full 0):
 PSYoungGen      total 263168K, used 2072K [0x000000076bc00000, 0x000000077c000000, 0x00000007c0000000)
  eden space 260096K, 0% used [0x000000076bc00000,0x000000076bc00000,0x000000077ba00000)
  from space 3072K, 67% used [0x000000077bd00000,0x000000077bf061f8,0x000000077c000000)
  to   space 3072K, 0% used [0x000000077ba00000,0x000000077ba00000,0x000000077bd00000)
 ParOldGen       total 173568K, used 56K [0x00000006c3400000, 0x00000006cdd80000, 0x000000076bc00000)
  object space 173568K, 0% used [0x00000006c3400000,0x00000006c340e000,0x00000006cdd80000)
 Metaspace       used 9044K, capacity 9294K, committed 9600K, reserved 1058816K
  class space    used 957K, capacity 1033K, committed 1152K, reserved 1048576K
}
Event: 1.234 GC heap before
{Heap before GC invocations=7 (full 0):
 PSYoungGen      total 263168K, used 262168K [0x000000076bc00000, 0x000000077c000000, 0x00000007c0000000)
  eden space 260096K, 100% used [0x000000076bc00000,0x000000077ba00000,0x000000077ba00000)
  from space 3072K, 67% used [0x000000077bd00000,0x000000077bf061f8,0x000000077c000000)
  to   space 3072K, 0% used [0x000000077ba00000,0x000000077ba00000,0x000000077bd00000)
 ParOldGen       total 173568K, used 56K [0x00000006c3400000, 0x00000006cdd80000, 0x000000076bc00000)
  object space 173568K, 0% used [0x00000006c3400000,0x00000006c340e000,0x00000006cdd80000)
 Metaspace       used 9087K, capacity 9358K, committed 9600K, reserved 1058816K
  class space    used 957K, capacity 1033K, committed 1152K, reserved 1048576K
Event: 1.238 GC heap after
Heap after GC invocations=7 (full 0):
 PSYoungGen      total 263168K, used 576K [0x000000076bc00000, 0x000000078bf00000, 0x00000007c0000000)
  eden space 260096K, 0% used [0x000000076bc00000,0x000000076bc00000,0x000000077ba00000)
  from space 3072K, 18% used [0x000000077ba00000,0x000000077ba90020,0x000000077bd00000)
  to   space 3584K, 0% used [0x000000078bb80000,0x000000078bb80000,0x000000078bf00000)
 ParOldGen       total 173568K, used 1464K [0x00000006c3400000, 0x00000006cdd80000, 0x000000076bc00000)
  object space 173568K, 0% used [0x00000006c3400000,0x00000006c356e238,0x00000006cdd80000)
 Metaspace       used 9087K, capacity 9358K, committed 9600K, reserved 1058816K
  class space    used 957K, capacity 1033K, committed 1152K, reserved 1048576K
}
Event: 1.418 GC heap before
{Heap before GC invocations=8 (full 0):
 PSYoungGen      total 263168K, used 260672K [0x000000076bc00000, 0x000000078bf00000, 0x00000007c0000000)
  eden space 260096K, 100% used [0x000000076bc00000,0x000000077ba00000,0x000000077ba00000)
  from space 3072K, 18% used [0x000000077ba00000,0x000000077ba90020,0x000000077bd00000)
  to   space 3584K, 0% used [0x000000078bb80000,0x000000078bb80000,0x000000078bf00000)
 ParOldGen       total 173568K, used 1464K [0x00000006c3400000, 0x00000006cdd80000, 0x000000076bc00000)
  object space 173568K, 0% used [0x00000006c3400000,0x00000006c356e238,0x00000006cdd80000)
 Metaspace       used 9089K, capacity 9358K, committed 9600K, reserved 1058816K
  class space    used 957K, capacity 1033K, committed 1152K, reserved 1048576K
Event: 1.420 GC heap after
Heap after GC invocations=8 (full 0):
 PSYoungGen      total 523776K, used 1312K [0x000000076bc00000, 0x000000078bf00000, 0x00000007c0000000)
  eden space 520192K, 0% used [0x000000076bc00000,0x000000076bc00000,0x000000078b800000)
  from space 3584K, 36% used [0x000000078bb80000,0x000000078bcc8020,0x000000078bf00000)
  to   space 3584K, 0% used [0x000000078b800000,0x000000078b800000,0x000000078bb80000)
 ParOldGen       total 173568K, used 1512K [0x00000006c3400000, 0x00000006cdd80000, 0x000000076bc00000)
  object space 173568K, 0% used [0x00000006c3400000,0x00000006c357a238,0x00000006cdd80000)
 Metaspace       used 9089K, capacity 9358K, committed 9600K, reserved 1058816K
  class space    used 957K, capacity 1033K, committed 1152K, reserved 1048576K
}

