# JRE version: Java(TM) SE Runtime Environment (8.0_251-b08) (build 1.8.0_251-b08)
# Java VM: Java HotSpot(TM) 64-Bit Server VM (25.251-b08 mixed mode windows-amd64 compressed oops)
Heap:
 PSYoungGen      total 525312K, used 178775K [0x000000076bc00000, 0x000000078c200000, 0x00000007c0000000)
  eden space 520192K, 33% used [0x000000076bc00000,0x00000007768adf38,0x000000078b800000)
  from space 5120K, 38% used [0x000000078b800000,0x000000078b9e8000,0x000000078bd00000)
  to   space 5120K, 0% used [0x000000078bd00000,0x000000078bd00000,0x000000078c200000)
 ParOldGen       total 173568K, used 10258K [0x00000006c3400000, 0x00000006cdd80000, 0x000000076bc00000)
  object space 173568K, 5% used [0x00000006c3400000,0x00000006c3e04ba0,0x00000006cdd80000)
 Metaspace       used 9334K, capacity 9582K, committed 9728K, reserved 1058816K
  class space    used 944K, capacity 1001K, committed 1024K, reserved 1048576K
GC Heap History (10 events):
Event: 1.463 GC heap before
{Heap before GC invocations=7 (full 0):
 PSYoungGen      total 264704K, used 264369K [0x000000076bc00000, 0x000000077c300000, 0x00000007c0000000)
  eden space 260096K, 100% used [0x000000076bc00000,0x000000077ba00000,0x000000077ba00000)
  from space 4608K, 92% used [0x000000077be80000,0x000000077c2ac4d0,0x000000077c300000)
  to   space 4608K, 0% used [0x000000077ba00000,0x000000077ba00000,0x000000077be80000)
 ParOldGen       total 173568K, used 56K [0x00000006c3400000, 0x00000006cdd80000, 0x000000076bc00000)
  object space 173568K, 0% used [0x00000006c3400000,0x00000006c340e000,0x00000006cdd80000)
 Metaspace       used 9271K, capacity 9454K, committed 9728K, reserved 1058816K
  class space    used 944K, capacity 1001K, committed 1024K, reserved 1048576K
Event: 1.469 GC heap after
Heap after GC invocations=7 (full 0):
 PSYoungGen      total 264704K, used 2336K [0x000000076bc00000, 0x000000078c200000, 0x00000007c0000000)
  eden space 260096K, 0% used [0x000000076bc00000,0x000000076bc00000,0x000000077ba00000)
  from space 4608K, 50% used [0x000000077ba00000,0x000000077bc48000,0x000000077be80000)
  to   space 5120K, 0% used [0x000000078bd00000,0x000000078bd00000,0x000000078c200000)
 ParOldGen       total 173568K, used 2933K [0x00000006c3400000, 0x00000006cdd80000, 0x000000076bc00000)
  object space 173568K, 1% used [0x00000006c3400000,0x00000006c36dd580,0x00000006cdd80000)
 Metaspace       used 9271K, capacity 9454K, committed 9728K, reserved 1058816K
  class space    used 944K, capacity 1001K, committed 1024K, reserved 1048576K
}
Event: 1.675 GC heap before
{Heap before GC invocations=8 (full 0):
 PSYoungGen      total 264704K, used 262432K [0x000000076bc00000, 0x000000078c200000, 0x00000007c0000000)
  eden space 260096K, 100% used [0x000000076bc00000,0x000000077ba00000,0x000000077ba00000)
  from space 4608K, 50% used [0x000000077ba00000,0x000000077bc48000,0x000000077be80000)
  to   space 5120K, 0% used [0x000000078bd00000,0x000000078bd00000,0x000000078c200000)
 ParOldGen       total 173568K, used 2933K [0x00000006c3400000, 0x00000006cdd80000, 0x000000076bc00000)
  object space 173568K, 1% used [0x00000006c3400000,0x00000006c36dd580,0x00000006cdd80000)
 Metaspace       used 9275K, capacity 9454K, committed 9728K, reserved 1058816K
  class space    used 944K, capacity 1001K, committed 1024K, reserved 1048576K
Event: 1.679 GC heap after
Heap after GC invocations=8 (full 0):
 PSYoungGen      total 525312K, used 2784K [0x000000076bc00000, 0x000000078c200000, 0x00000007c0000000)
  eden space 520192K, 0% used [0x000000076bc00000,0x000000076bc00000,0x000000078b800000)
  from space 5120K, 54% used [0x000000078bd00000,0x000000078bfb8000,0x000000078c200000)
  to   space 5120K, 0% used [0x000000078b800000,0x000000078b800000,0x000000078bd00000)
 ParOldGen       total 173568K, used 3443K [0x00000006c3400000, 0x00000006cdd80000, 0x000000076bc00000)
  object space 173568K, 1% used [0x00000006c3400000,0x00000006c375cc20,0x00000006cdd80000)
 Metaspace       used 9275K, capacity 9454K, committed 9728K, reserved 1058816K
  class space    used 944K, capacity 1001K, committed 1024K, reserved 1048576K
}
Event: 2.361 GC heap before
{Heap before GC invocations=9 (full 0):
 PSYoungGen      total 525312K, used 522976K [0x000000076bc00000, 0x000000078c200000, 0x00000007c0000000)
  eden space 520192K, 100% used [0x000000076bc00000,0x000000078b800000,0x000000078b800000)
  from space 5120K, 54% used [0x000000078bd00000,0x000000078bfb8000,0x000000078c200000)
  to   space 5120K, 0% used [0x000000078b800000,0x000000078b800000,0x000000078bd00000)
 ParOldGen       total 173568K, used 3443K [0x00000006c3400000, 0x00000006cdd80000, 0x000000076bc00000)
  object space 173568K, 1% used [0x00000006c3400000,0x00000006c375cc20,0x00000006cdd80000)
 Metaspace       used 9294K, capacity 9454K, committed 9728K, reserved 1058816K
  class space    used 944K, capacity 1001K, committed 1024K, reserved 1048576K
Event: 2.367 GC heap after
Heap after GC invocations=9 (full 0):
 PSYoungGen      total 525312K, used 3808K [0x000000076bc00000, 0x000000078c200000, 0x00000007c0000000)
  eden space 520192K, 0% used [0x000000076bc00000,0x000000076bc00000,0x000000078b800000)
  from space 5120K, 74% used [0x000000078b800000,0x000000078bbb8000,0x000000078bd00000)
  to   space 5120K, 0% used [0x000000078bd00000,0x000000078bd00000,0x000000078c200000)
 ParOldGen       total 173568K, used 4315K [0x00000006c3400000, 0x00000006cdd80000, 0x000000076bc00000)
  object space 173568K, 2% used [0x00000006c3400000,0x00000006c3836c20,0x00000006cdd80000)
 Metaspace       used 9294K, capacity 9454K, committed 9728K, reserved 1058816K
  class space    used 944K, capacity 1001K, committed 1024K, reserved 1048576K
}
Event: 2.830 GC heap before
{Heap before GC invocations=10 (full 0):
 PSYoungGen      total 525312K, used 524000K [0x000000076bc00000, 0x000000078c200000, 0x00000007c0000000)
  eden space 520192K, 100% used [0x000000076bc00000,0x000000078b800000,0x000000078b800000)
  from space 5120K, 74% used [0x000000078b800000,0x000000078bbb8000,0x000000078bd00000)
  to   space 5120K, 0% used [0x000000078bd00000,0x000000078bd00000,0x000000078c200000)
 ParOldGen       total 173568K, used 4315K [0x00000006c3400000, 0x00000006cdd80000, 0x000000076bc00000)
  object space 173568K, 2% used [0x00000006c3400000,0x00000006c3836c20,0x00000006cdd80000)
 Metaspace       used 9321K, capacity 9582K, committed 9728K, reserved 1058816K
  class space    used 944K, capacity 1001K, committed 1024K, reserved 1048576K
Event: 2.835 GC heap after
Heap after GC invocations=10 (full 0):
 PSYoungGen      total 525312K, used 4128K [0x000000076bc00000, 0x000000078c200000, 0x00000007c0000000)
  eden space 520192K, 0% used [0x000000076bc00000,0x000000076bc00000,0x000000078b800000)
  from space 5120K, 80% used [0x000000078bd00000,0x000000078c108020,0x000000078c200000)
  to   space 5120K, 0% used [0x000000078b800000,0x000000078b800000,0x000000078bd00000)
 ParOldGen       total 173568K, used 6174K [0x00000006c3400000, 0x00000006cdd80000, 0x000000076bc00000)
  object space 173568K, 3% used [0x00000006c3400000,0x00000006c3a07be8,0x00000006cdd80000)
 Metaspace       used 9321K, capacity 9582K, committed 9728K, reserved 1058816K
  class space    used 944K, capacity 1001K, committed 1024K, reserved 1048576K
}
Event: 3.239 GC heap before
{Heap before GC invocations=11 (full 0):
 PSYoungGen      total 525312K, used 524320K [0x000000076bc00000, 0x000000078c200000, 0x00000007c0000000)
  eden space 520192K, 100% used [0x000000076bc00000,0x000000078b800000,0x000000078b800000)
  from space 5120K, 80% used [0x000000078bd00000,0x000000078c108020,0x000000078c200000)
  to   space 5120K, 0% used [0x000000078b800000,0x000000078b800000,0x000000078bd00000)
 ParOldGen       total 173568K, used 6174K [0x00000006c3400000, 0x00000006cdd80000, 0x000000076bc00000)
  object space 173568K, 3% used [0x00000006c3400000,0x00000006c3a07be8,0x00000006cdd80000)
 Metaspace       used 9331K, capacity 9582K, committed 9728K, reserved 1058816K
  class space    used 944K, capacity 1001K, committed 1024K, reserved 1048576K
Event: 3.292 GC heap after
Heap after GC invocations=11 (full 0):
 PSYoungGen      total 525312K, used 1952K [0x000000076bc00000, 0x000000078c200000, 0x00000007c0000000)
  eden space 520192K, 0% used [0x000000076bc00000,0x000000076bc00000,0x000000078b800000)
  from space 5120K, 38% used [0x000000078b800000,0x000000078b9e8000,0x000000078bd00000)
  to   space 5120K, 0% used [0x000000078bd00000,0x000000078bd00000,0x000000078c200000)
 ParOldGen       total 173568K, used 10258K [0x00000006c3400000, 0x00000006cdd80000, 0x000000076bc00000)
  object space 173568K, 5% used [0x00000006c3400000,0x00000006c3e04ba0,0x00000006cdd80000)
 Metaspace       used 9331K, capacity 9582K, committed 9728K, reserved 1058816K
  class space    used 944K, capacity 1001K, committed 1024K, reserved 1048576K
}

