# JRE version: Java(TM) SE Runtime Environment (8.0_251-b08) (build 1.8.0_251-b08)
# Java VM: Java HotSpot(TM) 64-Bit Server VM (25.251-b08 mixed mode windows-amd64 compressed oops)
Heap:
 PSYoungGen      total 836096K, used 56601K [0x000000076bc00000, 0x000000079f280000, 0x00000007c0000000)
  eden space 830464K, 6% used [0x000000076bc00000,0x000000076eef1158,0x000000079e700000)
  from space 5632K, 78% used [0x000000079e700000,0x000000079eb55350,0x000000079ec80000)
  to   space 5120K, 0% used [0x000000079ec80000,0x000000079ec80000,0x000000079f180000)
 ParOldGen       total 173568K, used 6684K [0x00000006c3400000, 0x00000006cdd80000, 0x000000076bc00000)
  object space 173568K, 3% used [0x00000006c3400000,0x00000006c3a87090,0x00000006cdd80000)
 Metaspace       used 16786K, capacity 17036K, committed 17408K, reserved 1064960K
  class space    used 1599K, capacity 1666K, committed 1792K, reserved 1048576K
GC Heap History (10 events):
Event: 1.475 GC heap before
{Heap before GC invocations=7 (full 0):
 PSYoungGen      total 263680K, used 263445K [0x000000076bc00000, 0x000000077c300000, 0x00000007c0000000)
  eden space 259584K, 100% used [0x000000076bc00000,0x000000077b980000,0x000000077b980000)
  from space 4096K, 94% used [0x000000077be00000,0x000000077c1c5678,0x000000077c200000)
  to   space 4608K, 0% used [0x000000077b980000,0x000000077b980000,0x000000077be00000)
 ParOldGen       total 173568K, used 139K [0x00000006c3400000, 0x00000006cdd80000, 0x000000076bc00000)
  object space 173568K, 0% used [0x00000006c3400000,0x00000006c3422c10,0x00000006cdd80000)
 Metaspace       used 9691K, capacity 9902K, committed 10112K, reserved 1058816K
  class space    used 987K, capacity 1065K, committed 1152K, reserved 1048576K
Event: 1.481 GC heap after
Heap after GC invocations=7 (full 0):
 PSYoungGen      total 264192K, used 2576K [0x000000076bc00000, 0x000000078c000000, 0x00000007c0000000)
  eden space 259584K, 0% used [0x000000076bc00000,0x000000076bc00000,0x000000077b980000)
  from space 4608K, 55% used [0x000000077b980000,0x000000077bc04180,0x000000077be00000)
  to   space 4608K, 0% used [0x000000078bb80000,0x000000078bb80000,0x000000078c000000)
 ParOldGen       total 173568K, used 2612K [0x00000006c3400000, 0x00000006cdd80000, 0x000000076bc00000)
  object space 173568K, 1% used [0x00000006c3400000,0x00000006c368d378,0x00000006cdd80000)
 Metaspace       used 9691K, capacity 9902K, committed 10112K, reserved 1058816K
  class space    used 987K, capacity 1065K, committed 1152K, reserved 1048576K
}
Event: 1.684 GC heap before
{Heap before GC invocations=8 (full 0):
 PSYoungGen      total 264192K, used 262160K [0x000000076bc00000, 0x000000078c000000, 0x00000007c0000000)
  eden space 259584K, 100% used [0x000000076bc00000,0x000000077b980000,0x000000077b980000)
  from space 4608K, 55% used [0x000000077b980000,0x000000077bc04180,0x000000077be00000)
  to   space 4608K, 0% used [0x000000078bb80000,0x000000078bb80000,0x000000078c000000)
 ParOldGen       total 173568K, used 2612K [0x00000006c3400000, 0x00000006cdd80000, 0x000000076bc00000)
  object space 173568K, 1% used [0x00000006c3400000,0x00000006c368d378,0x00000006cdd80000)
 Metaspace       used 9723K, capacity 9966K, committed 10112K, reserved 1058816K
  class space    used 987K, capacity 1065K, committed 1152K, reserved 1048576K
Event: 1.688 GC heap after
Heap after GC invocations=8 (full 0):
 PSYoungGen      total 523776K, used 3424K [0x000000076bc00000, 0x000000078c000000, 0x00000007c0000000)
  eden space 519168K, 0% used [0x000000076bc00000,0x000000076bc00000,0x000000078b700000)
  from space 4608K, 74% used [0x000000078bb80000,0x000000078bed8350,0x000000078c000000)
  to   space 4608K, 0% used [0x000000078b700000,0x000000078b700000,0x000000078bb80000)
 ParOldGen       total 173568K, used 3102K [0x00000006c3400000, 0x00000006cdd80000, 0x000000076bc00000)
  object space 173568K, 1% used [0x00000006c3400000,0x00000006c3707ac8,0x00000006cdd80000)
 Metaspace       used 9723K, capacity 9966K, committed 10112K, reserved 1058816K
  class space    used 987K, capacity 1065K, committed 1152K, reserved 1048576K
}
Event: 2.202 GC heap before
{Heap before GC invocations=9 (full 0):
 PSYoungGen      total 523776K, used 522592K [0x000000076bc00000, 0x000000078c000000, 0x00000007c0000000)
  eden space 519168K, 100% used [0x000000076bc00000,0x000000078b700000,0x000000078b700000)
  from space 4608K, 74% used [0x000000078bb80000,0x000000078bed8350,0x000000078c000000)
  to   space 4608K, 0% used [0x000000078b700000,0x000000078b700000,0x000000078bb80000)
 ParOldGen       total 173568K, used 3102K [0x00000006c3400000, 0x00000006cdd80000, 0x000000076bc00000)
  object space 173568K, 1% used [0x00000006c3400000,0x00000006c3707ac8,0x00000006cdd80000)
 Metaspace       used 9738K, capacity 9966K, committed 10112K, reserved 1058816K
  class space    used 987K, capacity 1065K, committed 1152K, reserved 1048576K
Event: 2.208 GC heap after
Heap after GC invocations=9 (full 0):
 PSYoungGen      total 523776K, used 4577K [0x000000076bc00000, 0x000000079f180000, 0x00000007c0000000)
  eden space 519168K, 0% used [0x000000076bc00000,0x000000076bc00000,0x000000078b700000)
  from space 4608K, 99% used [0x000000078b700000,0x000000078bb784e0,0x000000078bb80000)
  to   space 5120K, 0% used [0x000000079ec80000,0x000000079ec80000,0x000000079f180000)
 ParOldGen       total 173568K, used 4030K [0x00000006c3400000, 0x00000006cdd80000, 0x000000076bc00000)
  object space 173568K, 2% used [0x00000006c3400000,0x00000006c37efac8,0x00000006cdd80000)
 Metaspace       used 9738K, capacity 9966K, committed 10112K, reserved 1058816K
  class space    used 987K, capacity 1065K, committed 1152K, reserved 1048576K
}
Event: 2.568 GC heap before
{Heap before GC invocations=10 (full 0):
 PSYoungGen      total 523776K, used 523745K [0x000000076bc00000, 0x000000079f180000, 0x00000007c0000000)
  eden space 519168K, 100% used [0x000000076bc00000,0x000000078b700000,0x000000078b700000)
  from space 4608K, 99% used [0x000000078b700000,0x000000078bb784e0,0x000000078bb80000)
  to   space 5120K, 0% used [0x000000079ec80000,0x000000079ec80000,0x000000079f180000)
 ParOldGen       total 173568K, used 4030K [0x00000006c3400000, 0x00000006cdd80000, 0x000000076bc00000)
  object space 173568K, 2% used [0x00000006c3400000,0x00000006c37efac8,0x00000006cdd80000)
 Metaspace       used 9755K, capacity 9966K, committed 10112K, reserved 1058816K
  class space    used 987K, capacity 1065K, committed 1152K, reserved 1048576K
Event: 2.571 GC heap after
Heap after GC invocations=10 (full 0):
 PSYoungGen      total 835584K, used 1392K [0x000000076bc00000, 0x000000079f280000, 0x00000007c0000000)
  eden space 830464K, 0% used [0x000000076bc00000,0x000000076bc00000,0x000000079e700000)
  from space 5120K, 27% used [0x000000079ec80000,0x000000079eddc1a0,0x000000079f180000)
  to   space 5632K, 0% used [0x000000079e700000,0x000000079e700000,0x000000079ec80000)
 ParOldGen       total 173568K, used 6231K [0x00000006c3400000, 0x00000006cdd80000, 0x000000076bc00000)
  object space 173568K, 3% used [0x00000006c3400000,0x00000006c3a15df8,0x00000006cdd80000)
 Metaspace       used 9755K, capacity 9966K, committed 10112K, reserved 1058816K
  class space    used 987K, capacity 1065K, committed 1152K, reserved 1048576K
}
Event: 3.511 GC heap before
{Heap before GC invocations=11 (full 0):
 PSYoungGen      total 835584K, used 831856K [0x000000076bc00000, 0x000000079f280000, 0x00000007c0000000)
  eden space 830464K, 100% used [0x000000076bc00000,0x000000079e700000,0x000000079e700000)
  from space 5120K, 27% used [0x000000079ec80000,0x000000079eddc1a0,0x000000079f180000)
  to   space 5632K, 0% used [0x000000079e700000,0x000000079e700000,0x000000079ec80000)
 ParOldGen       total 173568K, used 6231K [0x00000006c3400000, 0x00000006cdd80000, 0x000000076bc00000)
  object space 173568K, 3% used [0x00000006c3400000,0x00000006c3a15df8,0x00000006cdd80000)
 Metaspace       used 12699K, capacity 12958K, committed 13184K, reserved 1060864K
  class space    used 1222K, capacity 1309K, committed 1408K, reserved 1048576K
Event: 3.519 GC heap after
Heap after GC invocations=11 (full 0):
 PSYoungGen      total 836096K, used 4436K [0x000000076bc00000, 0x000000079f280000, 0x00000007c0000000)
  eden space 830464K, 0% used [0x000000076bc00000,0x000000076bc00000,0x000000079e700000)
  from space 5632K, 78% used [0x000000079e700000,0x000000079eb55350,0x000000079ec80000)
  to   space 5120K, 0% used [0x000000079ec80000,0x000000079ec80000,0x000000079f180000)
 ParOldGen       total 173568K, used 6684K [0x00000006c3400000, 0x00000006cdd80000, 0x000000076bc00000)
  object space 173568K, 3% used [0x00000006c3400000,0x00000006c3a87090,0x00000006cdd80000)
 Metaspace       used 12699K, capacity 12958K, committed 13184K, reserved 1060864K
  class space    used 1222K, capacity 1309K, committed 1408K, reserved 1048576K
}

