# JRE version: Java(TM) SE Runtime Environment (8.0_251-b08) (build 1.8.0_251-b08)
# Java VM: Java HotSpot(TM) 64-Bit Server VM (25.251-b08 mixed mode windows-amd64 compressed oops)
Heap:
 PSYoungGen      total 524288K, used 52905K [0x000000076bc00000, 0x000000079f300000, 0x00000007c0000000)
  eden space 519680K, 9% used [0x000000076bc00000,0x000000076eeb0768,0x000000078b780000)
  from space 4608K, 21% used [0x000000078bc80000,0x000000078bd79e78,0x000000078c100000)
  to   space 5120K, 0% used [0x000000078b780000,0x000000078b780000,0x000000078bc80000)
 ParOldGen       total 173568K, used 5763K [0x00000006c3400000, 0x00000006cdd80000, 0x000000076bc00000)
  object space 173568K, 3% used [0x00000006c3400000,0x00000006c39a0d88,0x00000006cdd80000)
 Metaspace       used 9276K, capacity 9454K, committed 9728K, reserved 1058816K
  class space    used 945K, capacity 1001K, committed 1024K, reserved 1048576K
GC Heap History (10 events):
Event: 1.183 GC heap before
{Heap before GC invocations=6 (full 0):
 PSYoungGen      total 140800K, used 133520K [0x000000076bc00000, 0x000000077c200000, 0x00000007c0000000)
  eden space 130048K, 100% used [0x000000076bc00000,0x0000000773b00000,0x0000000773b00000)
  from space 10752K, 32% used [0x0000000773b00000,0x0000000773e64350,0x0000000774580000)
  to   space 4096K, 0% used [0x000000077be00000,0x000000077be00000,0x000000077c200000)
 ParOldGen       total 173568K, used 40K [0x00000006c3400000, 0x00000006cdd80000, 0x000000076bc00000)
  object space 173568K, 0% used [0x00000006c3400000,0x00000006c340a000,0x00000006cdd80000)
 Metaspace       used 9182K, capacity 9390K, committed 9472K, reserved 1058816K
  class space    used 945K, capacity 1001K, committed 1024K, reserved 1048576K
Event: 1.187 GC heap after
Heap after GC invocations=6 (full 0):
 PSYoungGen      total 264192K, used 3860K [0x000000076bc00000, 0x000000077c200000, 0x00000007c0000000)
  eden space 260096K, 0% used [0x000000076bc00000,0x000000076bc00000,0x000000077ba00000)
  from space 4096K, 94% used [0x000000077be00000,0x000000077c1c5298,0x000000077c200000)
  to   space 4096K, 0% used [0x000000077ba00000,0x000000077ba00000,0x000000077be00000)
 ParOldGen       total 173568K, used 48K [0x00000006c3400000, 0x00000006cdd80000, 0x000000076bc00000)
  object space 173568K, 0% used [0x00000006c3400000,0x00000006c340c000,0x00000006cdd80000)
 Metaspace       used 9182K, capacity 9390K, committed 9472K, reserved 1058816K
  class space    used 945K, capacity 1001K, committed 1024K, reserved 1048576K
}
Event: 1.454 GC heap before
{Heap before GC invocations=7 (full 0):
 PSYoungGen      total 264192K, used 263956K [0x000000076bc00000, 0x000000077c200000, 0x00000007c0000000)
  eden space 260096K, 100% used [0x000000076bc00000,0x000000077ba00000,0x000000077ba00000)
  from space 4096K, 94% used [0x000000077be00000,0x000000077c1c5298,0x000000077c200000)
  to   space 4096K, 0% used [0x000000077ba00000,0x000000077ba00000,0x000000077be00000)
 ParOldGen       total 173568K, used 48K [0x00000006c3400000, 0x00000006cdd80000, 0x000000076bc00000)
  object space 173568K, 0% used [0x00000006c3400000,0x00000006c340c000,0x00000006cdd80000)
 Metaspace       used 9210K, capacity 9390K, committed 9472K, reserved 1058816K
  class space    used 945K, capacity 1001K, committed 1024K, reserved 1048576K
Event: 1.460 GC heap after
Heap after GC invocations=7 (full 0):
 PSYoungGen      total 264192K, used 2067K [0x000000076bc00000, 0x000000078c100000, 0x00000007c0000000)
  eden space 260096K, 0% used [0x000000076bc00000,0x000000076bc00000,0x000000077ba00000)
  from space 4096K, 50% used [0x000000077ba00000,0x000000077bc04ee0,0x000000077be00000)
  to   space 4608K, 0% used [0x000000078bc80000,0x000000078bc80000,0x000000078c100000)
 ParOldGen       total 173568K, used 2729K [0x00000006c3400000, 0x00000006cdd80000, 0x000000076bc00000)
  object space 173568K, 1% used [0x00000006c3400000,0x00000006c36aa520,0x00000006cdd80000)
 Metaspace       used 9210K, capacity 9390K, committed 9472K, reserved 1058816K
  class space    used 945K, capacity 1001K, committed 1024K, reserved 1048576K
}
Event: 1.670 GC heap before
{Heap before GC invocations=8 (full 0):
 PSYoungGen      total 264192K, used 262163K [0x000000076bc00000, 0x000000078c100000, 0x00000007c0000000)
  eden space 260096K, 100% used [0x000000076bc00000,0x000000077ba00000,0x000000077ba00000)
  from space 4096K, 50% used [0x000000077ba00000,0x000000077bc04ee0,0x000000077be00000)
  to   space 4608K, 0% used [0x000000078bc80000,0x000000078bc80000,0x000000078c100000)
 ParOldGen       total 173568K, used 2729K [0x00000006c3400000, 0x00000006cdd80000, 0x000000076bc00000)
  object space 173568K, 1% used [0x00000006c3400000,0x00000006c36aa520,0x00000006cdd80000)
 Metaspace       used 9215K, capacity 9390K, committed 9472K, reserved 1058816K
  class space    used 945K, capacity 1001K, committed 1024K, reserved 1048576K
Event: 1.673 GC heap after
Heap after GC invocations=8 (full 0):
 PSYoungGen      total 524800K, used 2823K [0x000000076bc00000, 0x000000078c100000, 0x00000007c0000000)
  eden space 520192K, 0% used [0x000000076bc00000,0x000000076bc00000,0x000000078b800000)
  from space 4608K, 61% used [0x000000078bc80000,0x000000078bf41e38,0x000000078c100000)
  to   space 4608K, 0% used [0x000000078b800000,0x000000078b800000,0x000000078bc80000)
 ParOldGen       total 173568K, used 2993K [0x00000006c3400000, 0x00000006cdd80000, 0x000000076bc00000)
  object space 173568K, 1% used [0x00000006c3400000,0x00000006c36ec520,0x00000006cdd80000)
 Metaspace       used 9215K, capacity 9390K, committed 9472K, reserved 1058816K
  class space    used 945K, capacity 1001K, committed 1024K, reserved 1048576K
}
Event: 2.267 GC heap before
{Heap before GC invocations=9 (full 0):
 PSYoungGen      total 524800K, used 523015K [0x000000076bc00000, 0x000000078c100000, 0x00000007c0000000)
  eden space 520192K, 100% used [0x000000076bc00000,0x000000078b800000,0x000000078b800000)
  from space 4608K, 61% used [0x000000078bc80000,0x000000078bf41e38,0x000000078c100000)
  to   space 4608K, 0% used [0x000000078b800000,0x000000078b800000,0x000000078bc80000)
 ParOldGen       total 173568K, used 2993K [0x00000006c3400000, 0x00000006cdd80000, 0x000000076bc00000)
  object space 173568K, 1% used [0x00000006c3400000,0x00000006c36ec520,0x00000006cdd80000)
 Metaspace       used 9234K, capacity 9454K, committed 9728K, reserved 1058816K
  class space    used 945K, capacity 1001K, committed 1024K, reserved 1048576K
Event: 2.272 GC heap after
Heap after GC invocations=9 (full 0):
 PSYoungGen      total 524800K, used 4135K [0x000000076bc00000, 0x000000078c100000, 0x00000007c0000000)
  eden space 520192K, 0% used [0x000000076bc00000,0x000000076bc00000,0x000000078b800000)
  from space 4608K, 89% used [0x000000078b800000,0x000000078bc09e78,0x000000078bc80000)
  to   space 4608K, 0% used [0x000000078bc80000,0x000000078bc80000,0x000000078c100000)
 ParOldGen       total 173568K, used 3863K [0x00000006c3400000, 0x00000006cdd80000, 0x000000076bc00000)
  object space 173568K, 2% used [0x00000006c3400000,0x00000006c37c5df0,0x00000006cdd80000)
 Metaspace       used 9234K, capacity 9454K, committed 9728K, reserved 1058816K
  class space    used 945K, capacity 1001K, committed 1024K, reserved 1048576K
}
Event: 2.622 GC heap before
{Heap before GC invocations=10 (full 0):
 PSYoungGen      total 524800K, used 524327K [0x000000076bc00000, 0x000000078c100000, 0x00000007c0000000)
  eden space 520192K, 100% used [0x000000076bc00000,0x000000078b800000,0x000000078b800000)
  from space 4608K, 89% used [0x000000078b800000,0x000000078bc09e78,0x000000078bc80000)
  to   space 4608K, 0% used [0x000000078bc80000,0x000000078bc80000,0x000000078c100000)
 ParOldGen       total 173568K, used 3863K [0x00000006c3400000, 0x00000006cdd80000, 0x000000076bc00000)
  object space 173568K, 2% used [0x00000006c3400000,0x00000006c37c5df0,0x00000006cdd80000)
 Metaspace       used 9271K, capacity 9454K, committed 9728K, reserved 1058816K
  class space    used 945K, capacity 1001K, committed 1024K, reserved 1048576K
Event: 2.625 GC heap after
Heap after GC invocations=10 (full 0):
 PSYoungGen      total 524288K, used 999K [0x000000076bc00000, 0x000000079f300000, 0x00000007c0000000)
  eden space 519680K, 0% used [0x000000076bc00000,0x000000076bc00000,0x000000078b780000)
  from space 4608K, 21% used [0x000000078bc80000,0x000000078bd79e78,0x000000078c100000)
  to   space 5120K, 0% used [0x000000078b780000,0x000000078b780000,0x000000078bc80000)
 ParOldGen       total 173568K, used 5763K [0x00000006c3400000, 0x00000006cdd80000, 0x000000076bc00000)
  object space 173568K, 3% used [0x00000006c3400000,0x00000006c39a0d88,0x00000006cdd80000)
 Metaspace       used 9271K, capacity 9454K, committed 9728K, reserved 1058816K
  class space    used 945K, capacity 1001K, committed 1024K, reserved 1048576K
}

