# JRE version: Java(TM) SE Runtime Environment (8.0_251-b08) (build 1.8.0_251-b08)
# Java VM: Java HotSpot(TM) 64-Bit Server VM (25.251-b08 mixed mode windows-amd64 compressed oops)
Heap:
 PSYoungGen      total 1371136K, used 463665K [0x000000076bf80000, 0x00000007c0000000, 0x00000007c0000000)
  eden space 1365504K, 33% used [0x000000076bf80000,0x00000007881445a8,0x00000007bf500000)
  from space 5632K, 55% used [0x00000007bfa80000,0x00000007bfd88000,0x00000007c0000000)
  to   space 5632K, 0% used [0x00000007bf500000,0x00000007bf500000,0x00000007bfa80000)
 ParOldGen       total 173568K, used 15482K [0x00000006c3e00000, 0x00000006ce780000, 0x000000076bf80000)
  object space 173568K, 8% used [0x00000006c3e00000,0x00000006c4d1e928,0x00000006ce780000)
 Metaspace       used 17127K, capacity 17460K, committed 17920K, reserved 1064960K
  class space    used 1587K, capacity 1676K, committed 1792K, reserved 1048576K
GC Heap History (10 events):
Event: 2.387 GC heap before
{Heap before GC invocations=10 (full 0):
 PSYoungGen      total 525824K, used 522368K [0x000000076bf80000, 0x000000079f880000, 0x00000007c0000000)
  eden space 520192K, 100% used [0x000000076bf80000,0x000000078bb80000,0x000000078bb80000)
  from space 5632K, 38% used [0x000000078bb80000,0x000000078bda0000,0x000000078c100000)
  to   space 6144K, 0% used [0x000000079f280000,0x000000079f280000,0x000000079f880000)
 ParOldGen       total 173568K, used 4475K [0x00000006c3e00000, 0x00000006ce780000, 0x000000076bf80000)
  object space 173568K, 2% used [0x00000006c3e00000,0x00000006c425edd8,0x00000006ce780000)
 Metaspace       used 9210K, capacity 9454K, committed 9728K, reserved 1058816K
  class space    used 945K, capacity 1001K, committed 1024K, reserved 1048576K
Event: 2.392 GC heap after
Heap after GC invocations=10 (full 0):
 PSYoungGen      total 837632K, used 2560K [0x000000076bf80000, 0x000000079f780000, 0x00000007c0000000)
  eden space 832512K, 0% used [0x000000076bf80000,0x000000076bf80000,0x000000079ec80000)
  from space 5120K, 50% used [0x000000079f280000,0x000000079f500000,0x000000079f780000)
  to   space 5632K, 0% used [0x000000079ec80000,0x000000079ec80000,0x000000079f200000)
 ParOldGen       total 173568K, used 5547K [0x00000006c3e00000, 0x00000006ce780000, 0x000000076bf80000)
  object space 173568K, 3% used [0x00000006c3e00000,0x00000006c436add8,0x00000006ce780000)
 Metaspace       used 9210K, capacity 9454K, committed 9728K, reserved 1058816K
  class space    used 945K, capacity 1001K, committed 1024K, reserved 1048576K
}
Event: 3.103 GC heap before
{Heap before GC invocations=11 (full 0):
 PSYoungGen      total 837632K, used 835072K [0x000000076bf80000, 0x000000079f780000, 0x00000007c0000000)
  eden space 832512K, 100% used [0x000000076bf80000,0x000000079ec80000,0x000000079ec80000)
  from space 5120K, 50% used [0x000000079f280000,0x000000079f500000,0x000000079f780000)
  to   space 5632K, 0% used [0x000000079ec80000,0x000000079ec80000,0x000000079f200000)
 ParOldGen       total 173568K, used 5547K [0x00000006c3e00000, 0x00000006ce780000, 0x000000076bf80000)
  object space 173568K, 3% used [0x00000006c3e00000,0x00000006c436add8,0x00000006ce780000)
 Metaspace       used 9237K, capacity 9454K, committed 9728K, reserved 1058816K
  class space    used 945K, capacity 1001K, committed 1024K, reserved 1048576K
Event: 3.111 GC heap after
Heap after GC invocations=11 (full 0):
 PSYoungGen      total 838144K, used 2272K [0x000000076bf80000, 0x00000007bdf80000, 0x00000007c0000000)
  eden space 832512K, 0% used [0x000000076bf80000,0x000000076bf80000,0x000000079ec80000)
  from space 5632K, 40% used [0x000000079ec80000,0x000000079eeb8020,0x000000079f200000)
  to   space 5632K, 0% used [0x00000007bda00000,0x00000007bda00000,0x00000007bdf80000)
 ParOldGen       total 173568K, used 8045K [0x00000006c3e00000, 0x00000006ce780000, 0x000000076bf80000)
  object space 173568K, 4% used [0x00000006c3e00000,0x00000006c45db440,0x00000006ce780000)
 Metaspace       used 9237K, capacity 9454K, committed 9728K, reserved 1058816K
  class space    used 945K, capacity 1001K, committed 1024K, reserved 1048576K
}
Event: 3.693 GC heap before
{Heap before GC invocations=12 (full 0):
 PSYoungGen      total 838144K, used 834784K [0x000000076bf80000, 0x00000007bdf80000, 0x00000007c0000000)
  eden space 832512K, 100% used [0x000000076bf80000,0x000000079ec80000,0x000000079ec80000)
  from space 5632K, 40% used [0x000000079ec80000,0x000000079eeb8020,0x000000079f200000)
  to   space 5632K, 0% used [0x00000007bda00000,0x00000007bda00000,0x00000007bdf80000)
 ParOldGen       total 173568K, used 8045K [0x00000006c3e00000, 0x00000006ce780000, 0x000000076bf80000)
  object space 173568K, 4% used [0x00000006c3e00000,0x00000006c45db440,0x00000006ce780000)
 Metaspace       used 9238K, capacity 9454K, committed 9728K, reserved 1058816K
  class space    used 945K, capacity 1001K, committed 1024K, reserved 1048576K
Event: 3.698 GC heap after
Heap after GC invocations=12 (full 0):
 PSYoungGen      total 1337856K, used 1760K [0x000000076bf80000, 0x00000007bdf80000, 0x00000007c0000000)
  eden space 1332224K, 0% used [0x000000076bf80000,0x000000076bf80000,0x00000007bd480000)
  from space 5632K, 31% used [0x00000007bda00000,0x00000007bdbb8000,0x00000007bdf80000)
  to   space 5632K, 0% used [0x00000007bd480000,0x00000007bd480000,0x00000007bda00000)
 ParOldGen       total 173568K, used 10215K [0x00000006c3e00000, 0x00000006ce780000, 0x000000076bf80000)
  object space 173568K, 5% used [0x00000006c3e00000,0x00000006c47f9f10,0x00000006ce780000)
 Metaspace       used 9238K, capacity 9454K, committed 9728K, reserved 1058816K
  class space    used 945K, capacity 1001K, committed 1024K, reserved 1048576K
}
Event: 4.694 GC heap before
{Heap before GC invocations=13 (full 0):
 PSYoungGen      total 1337856K, used 1333984K [0x000000076bf80000, 0x00000007bdf80000, 0x00000007c0000000)
  eden space 1332224K, 100% used [0x000000076bf80000,0x00000007bd480000,0x00000007bd480000)
  from space 5632K, 31% used [0x00000007bda00000,0x00000007bdbb8000,0x00000007bdf80000)
  to   space 5632K, 0% used [0x00000007bd480000,0x00000007bd480000,0x00000007bda00000)
 ParOldGen       total 173568K, used 10215K [0x00000006c3e00000, 0x00000006ce780000, 0x000000076bf80000)
  object space 173568K, 5% used [0x00000006c3e00000,0x00000006c47f9f10,0x00000006ce780000)
 Metaspace       used 9284K, capacity 9518K, committed 9728K, reserved 1058816K
  class space    used 945K, capacity 1001K, committed 1024K, reserved 1048576K
Event: 4.700 GC heap after
Heap after GC invocations=13 (full 0):
 PSYoungGen      total 1337856K, used 3680K [0x000000076bf80000, 0x00000007c0000000, 0x00000007c0000000)
  eden space 1332224K, 0% used [0x000000076bf80000,0x000000076bf80000,0x00000007bd480000)
  from space 5632K, 65% used [0x00000007bd480000,0x00000007bd818020,0x00000007bda00000)
  to   space 5632K, 0% used [0x00000007bfa80000,0x00000007bfa80000,0x00000007c0000000)
 ParOldGen       total 173568K, used 11927K [0x00000006c3e00000, 0x00000006ce780000, 0x000000076bf80000)
  object space 173568K, 6% used [0x00000006c3e00000,0x00000006c49a5f10,0x00000006ce780000)
 Metaspace       used 9284K, capacity 9518K, committed 9728K, reserved 1058816K
  class space    used 945K, capacity 1001K, committed 1024K, reserved 1048576K
}
Event: 5.309 GC heap before
{Heap before GC invocations=14 (full 0):
 PSYoungGen      total 1337856K, used 1335904K [0x000000076bf80000, 0x00000007c0000000, 0x00000007c0000000)
  eden space 1332224K, 100% used [0x000000076bf80000,0x00000007bd480000,0x00000007bd480000)
  from space 5632K, 65% used [0x00000007bd480000,0x00000007bd818020,0x00000007bda00000)
  to   space 5632K, 0% used [0x00000007bfa80000,0x00000007bfa80000,0x00000007c0000000)
 ParOldGen       total 173568K, used 11927K [0x00000006c3e00000, 0x00000006ce780000, 0x000000076bf80000)
  object space 173568K, 6% used [0x00000006c3e00000,0x00000006c49a5f10,0x00000006ce780000)
 Metaspace       used 9287K, capacity 9518K, committed 9728K, reserved 1058816K
  class space    used 945K, capacity 1001K, committed 1024K, reserved 1048576K
Event: 5.316 GC heap after
Heap after GC invocations=14 (full 0):
 PSYoungGen      total 1371136K, used 3104K [0x000000076bf80000, 0x00000007c0000000, 0x00000007c0000000)
  eden space 1365504K, 0% used [0x000000076bf80000,0x000000076bf80000,0x00000007bf500000)
  from space 5632K, 55% used [0x00000007bfa80000,0x00000007bfd88000,0x00000007c0000000)
  to   space 5632K, 0% used [0x00000007bf500000,0x00000007bf500000,0x00000007bfa80000)
 ParOldGen       total 173568K, used 15482K [0x00000006c3e00000, 0x00000006ce780000, 0x000000076bf80000)
  object space 173568K, 8% used [0x00000006c3e00000,0x00000006c4d1e928,0x00000006ce780000)
 Metaspace       used 9287K, capacity 9518K, committed 9728K, reserved 1058816K
  class space    used 945K, capacity 1001K, committed 1024K, reserved 1048576K
}

