# JRE version: Java(TM) SE Runtime Environment (8.0_251-b08) (build 1.8.0_251-b08)
# Java VM: Java HotSpot(TM) 64-Bit Server VM (25.251-b08 mixed mode windows-amd64 compressed oops)
Heap:
 PSYoungGen      total 1330688K, used 5093K [0x000000076bf80000, 0x00000007be400000, 0x00000007c0000000)
  eden space 1325568K, 0% used [0x000000076bf80000,0x000000076bf80000,0x00000007bce00000)
  from space 5120K, 99% used [0x00000007bd700000,0x00000007bdbf9508,0x00000007bdc00000)
  to   space 9216K, 0% used [0x00000007bce00000,0x00000007bce00000,0x00000007bd700000)
 ParOldGen       total 173568K, used 15281K [0x00000006c3e00000, 0x00000006ce780000, 0x000000076bf80000)
  object space 173568K, 8% used [0x00000006c3e00000,0x00000006c4cec4c0,0x00000006ce780000)
 Metaspace       used 20756K, capacity 21092K, committed 21248K, reserved 1069056K
  class space    used 1916K, capacity 2008K, committed 2048K, reserved 1048576K
GC Heap History (10 events):
Event: 2.117 GC heap after
Heap after GC invocations=8 (full 0):
 PSYoungGen      total 523264K, used 3238K [0x000000076bf80000, 0x000000078c280000, 0x00000007c0000000)
  eden space 519168K, 0% used [0x000000076bf80000,0x000000076bf80000,0x000000078ba80000)
  from space 4096K, 79% used [0x000000078be80000,0x000000078c1a99e8,0x000000078c280000)
  to   space 4096K, 0% used [0x000000078ba80000,0x000000078ba80000,0x000000078be80000)
 ParOldGen       total 173568K, used 2655K [0x00000006c3e00000, 0x00000006ce780000, 0x000000076bf80000)
  object space 173568K, 1% used [0x00000006c3e00000,0x00000006c4097ca8,0x00000006ce780000)
 Metaspace       used 9160K, capacity 9390K, committed 9472K, reserved 1058816K
  class space    used 945K, capacity 1001K, committed 1024K, reserved 1048576K
}
Event: 2.728 GC heap before
{Heap before GC invocations=9 (full 0):
 PSYoungGen      total 523264K, used 522406K [0x000000076bf80000, 0x000000078c280000, 0x00000007c0000000)
  eden space 519168K, 100% used [0x000000076bf80000,0x000000078ba80000,0x000000078ba80000)
  from space 4096K, 79% used [0x000000078be80000,0x000000078c1a99e8,0x000000078c280000)
  to   space 4096K, 0% used [0x000000078ba80000,0x000000078ba80000,0x000000078be80000)
 ParOldGen       total 173568K, used 2655K [0x00000006c3e00000, 0x00000006ce780000, 0x000000076bf80000)
  object space 173568K, 1% used [0x00000006c3e00000,0x00000006c4097ca8,0x00000006ce780000)
 Metaspace       used 9201K, capacity 9390K, committed 9472K, reserved 1058816K
  class space    used 945K, capacity 1001K, committed 1024K, reserved 1048576K
Event: 2.735 GC heap after
Heap after GC invocations=9 (full 0):
 PSYoungGen      total 523264K, used 4086K [0x000000076bf80000, 0x000000079f500000, 0x00000007c0000000)
  eden space 519168K, 0% used [0x000000076bf80000,0x000000076bf80000,0x000000078ba80000)
  from space 4096K, 99% used [0x000000078ba80000,0x000000078be7da18,0x000000078be80000)
  to   space 5120K, 0% used [0x000000079f000000,0x000000079f000000,0x000000079f500000)
 ParOldGen       total 173568K, used 3694K [0x00000006c3e00000, 0x00000006ce780000, 0x000000076bf80000)
  object space 173568K, 2% used [0x00000006c3e00000,0x00000006c419b8b8,0x00000006ce780000)
 Metaspace       used 9201K, capacity 9390K, committed 9472K, reserved 1058816K
  class space    used 945K, capacity 1001K, committed 1024K, reserved 1048576K
}
Event: 3.151 GC heap before
{Heap before GC invocations=10 (full 0):
 PSYoungGen      total 523264K, used 523254K [0x000000076bf80000, 0x000000079f500000, 0x00000007c0000000)
  eden space 519168K, 100% used [0x000000076bf80000,0x000000078ba80000,0x000000078ba80000)
  from space 4096K, 99% used [0x000000078ba80000,0x000000078be7da18,0x000000078be80000)
  to   space 5120K, 0% used [0x000000079f000000,0x000000079f000000,0x000000079f500000)
 ParOldGen       total 173568K, used 3694K [0x00000006c3e00000, 0x00000006ce780000, 0x000000076bf80000)
  object space 173568K, 2% used [0x00000006c3e00000,0x00000006c419b8b8,0x00000006ce780000)
 Metaspace       used 9213K, capacity 9390K, committed 9472K, reserved 1058816K
  class space    used 945K, capacity 1001K, committed 1024K, reserved 1048576K
Event: 3.154 GC heap after
Heap after GC invocations=10 (full 0):
 PSYoungGen      total 836096K, used 915K [0x000000076bf80000, 0x000000079f500000, 0x00000007c0000000)
  eden space 830976K, 0% used [0x000000076bf80000,0x000000076bf80000,0x000000079eb00000)
  from space 5120K, 17% used [0x000000079f000000,0x000000079f0e4e18,0x000000079f500000)
  to   space 5120K, 0% used [0x000000079eb00000,0x000000079eb00000,0x000000079f000000)
 ParOldGen       total 173568K, used 5853K [0x00000006c3e00000, 0x00000006ce780000, 0x000000076bf80000)
  object space 173568K, 3% used [0x00000006c3e00000,0x00000006c43b7458,0x00000006ce780000)
 Metaspace       used 9213K, capacity 9390K, committed 9472K, reserved 1058816K
  class space    used 945K, capacity 1001K, committed 1024K, reserved 1048576K
}
Event: 3.821 GC heap before
{Heap before GC invocations=11 (full 0):
 PSYoungGen      total 836096K, used 831891K [0x000000076bf80000, 0x000000079f500000, 0x00000007c0000000)
  eden space 830976K, 100% used [0x000000076bf80000,0x000000079eb00000,0x000000079eb00000)
  from space 5120K, 17% used [0x000000079f000000,0x000000079f0e4e18,0x000000079f500000)
  to   space 5120K, 0% used [0x000000079eb00000,0x000000079eb00000,0x000000079f000000)
 ParOldGen       total 173568K, used 5853K [0x00000006c3e00000, 0x00000006ce780000, 0x000000076bf80000)
  object space 173568K, 3% used [0x00000006c3e00000,0x00000006c43b7458,0x00000006ce780000)
 Metaspace       used 9230K, capacity 9454K, committed 9728K, reserved 1058816K
  class space    used 945K, capacity 1001K, committed 1024K, reserved 1048576K
Event: 3.828 GC heap after
Heap after GC invocations=11 (full 0):
 PSYoungGen      total 836096K, used 3363K [0x000000076bf80000, 0x00000007bdc00000, 0x00000007c0000000)
  eden space 830976K, 0% used [0x000000076bf80000,0x000000076bf80000,0x000000079eb00000)
  from space 5120K, 65% used [0x000000079eb00000,0x000000079ee48de8,0x000000079f000000)
  to   space 5120K, 0% used [0x00000007bd700000,0x00000007bd700000,0x00000007bdc00000)
 ParOldGen       total 173568K, used 6599K [0x00000006c3e00000, 0x00000006ce780000, 0x000000076bf80000)
  object space 173568K, 3% used [0x00000006c3e00000,0x00000006c4471f88,0x00000006ce780000)
 Metaspace       used 9230K, capacity 9454K, committed 9728K, reserved 1058816K
  class space    used 945K, capacity 1001K, committed 1024K, reserved 1048576K
}
Event: 5.753 GC heap before
{Heap before GC invocations=12 (full 0):
 PSYoungGen      total 836096K, used 255946K [0x000000076bf80000, 0x00000007bdc00000, 0x00000007c0000000)
  eden space 830976K, 30% used [0x000000076bf80000,0x000000077b629cd8,0x000000079eb00000)
  from space 5120K, 65% used [0x000000079eb00000,0x000000079ee48de8,0x000000079f000000)
  to   space 5120K, 0% used [0x00000007bd700000,0x00000007bd700000,0x00000007bdc00000)
 ParOldGen       total 173568K, used 6599K [0x00000006c3e00000, 0x00000006ce780000, 0x000000076bf80000)
  object space 173568K, 3% used [0x00000006c3e00000,0x00000006c4471f88,0x00000006ce780000)
 Metaspace       used 20756K, capacity 21092K, committed 21248K, reserved 1069056K
  class space    used 1916K, capacity 2008K, committed 2048K, reserved 1048576K
Event: 5.764 GC heap after
Heap after GC invocations=12 (full 0):
 PSYoungGen      total 1330688K, used 5093K [0x000000076bf80000, 0x00000007be400000, 0x00000007c0000000)
  eden space 1325568K, 0% used [0x000000076bf80000,0x000000076bf80000,0x00000007bce00000)
  from space 5120K, 99% used [0x00000007bd700000,0x00000007bdbf9508,0x00000007bdc00000)
  to   space 9216K, 0% used [0x00000007bce00000,0x00000007bce00000,0x00000007bd700000)
 ParOldGen       total 173568K, used 15281K [0x00000006c3e00000, 0x00000006ce780000, 0x000000076bf80000)
  object space 173568K, 8% used [0x00000006c3e00000,0x00000006c4cec4c0,0x00000006ce780000)
 Metaspace       used 20756K, capacity 21092K, committed 21248K, reserved 1069056K
  class space    used 1916K, capacity 2008K, committed 2048K, reserved 1048576K
}
Event: 5.764 GC heap before
{Heap before GC invocations=13 (full 1):
 PSYoungGen      total 1330688K, used 5093K [0x000000076bf80000, 0x00000007be400000, 0x00000007c0000000)
  eden space 1325568K, 0% used [0x000000076bf80000,0x000000076bf80000,0x00000007bce00000)
  from space 5120K, 99% used [0x00000007bd700000,0x00000007bdbf9508,0x00000007bdc00000)
  to   space 9216K, 0% used [0x00000007bce00000,0x00000007bce00000,0x00000007bd700000)
 ParOldGen       total 173568K, used 15281K [0x00000006c3e00000, 0x00000006ce780000, 0x000000076bf80000)
  object space 173568K, 8% used [0x00000006c3e00000,0x00000006c4cec4c0,0x00000006ce780000)
 Metaspace       used 20756K, capacity 21092K, committed 21248K, reserved 1069056K
  class space    used 1916K, capacity 2008K, committed 2048K, reserved 1048576K

