# JRE version: Java(TM) SE Runtime Environment (8.0_251-b08) (build 1.8.0_251-b08)
# Java VM: Java HotSpot(TM) 64-Bit Server VM (25.251-b08 mixed mode windows-amd64 compressed oops)
Heap:
 PSYoungGen      total 835072K, used 739827K [0x000000076bc00000, 0x00000007bdb80000, 0x00000007c0000000)
  eden space 830976K, 88% used [0x000000076bc00000,0x0000000798a84810,0x000000079e780000)
  from space 4096K, 99% used [0x000000079e780000,0x000000079eb784b0,0x000000079eb80000)
  to   space 6656K, 0% used [0x00000007bd500000,0x00000007bd500000,0x00000007bdb80000)
 ParOldGen       total 173568K, used 10036K [0x00000006c3400000, 0x00000006cdd80000, 0x000000076bc00000)
  object space 173568K, 5% used [0x00000006c3400000,0x00000006c3dcd050,0x00000006cdd80000)
 Metaspace       used 19210K, capacity 19448K, committed 19840K, reserved 1067008K
  class space    used 1762K, capacity 1830K, committed 1920K, reserved 1048576K
GC Heap History (10 events):
Event: 1.310 GC heap before
{Heap before GC invocations=7 (full 0):
 PSYoungGen      total 263168K, used 263143K [0x000000076bc00000, 0x000000077c200000, 0x00000007c0000000)
  eden space 259584K, 100% used [0x000000076bc00000,0x000000077b980000,0x000000077b980000)
  from space 3584K, 99% used [0x000000077bd80000,0x000000077c0f9ec0,0x000000077c100000)
  to   space 4096K, 0% used [0x000000077b980000,0x000000077b980000,0x000000077bd80000)
 ParOldGen       total 173568K, used 56K [0x00000006c3400000, 0x00000006cdd80000, 0x000000076bc00000)
  object space 173568K, 0% used [0x00000006c3400000,0x00000006c340e000,0x00000006cdd80000)
 Metaspace       used 9188K, capacity 9422K, committed 9600K, reserved 1058816K
  class space    used 959K, capacity 1033K, committed 1152K, reserved 1048576K
Event: 1.316 GC heap after
Heap after GC invocations=7 (full 0):
 PSYoungGen      total 263680K, used 2272K [0x000000076bc00000, 0x000000078bf00000, 0x00000007c0000000)
  eden space 259584K, 0% used [0x000000076bc00000,0x000000076bc00000,0x000000077b980000)
  from space 4096K, 55% used [0x000000077b980000,0x000000077bbb8000,0x000000077bd80000)
  to   space 4096K, 0% used [0x000000078bb00000,0x000000078bb00000,0x000000078bf00000)
 ParOldGen       total 173568K, used 2227K [0x00000006c3400000, 0x00000006cdd80000, 0x000000076bc00000)
  object space 173568K, 1% used [0x00000006c3400000,0x00000006c362cfa0,0x00000006cdd80000)
 Metaspace       used 9188K, capacity 9422K, committed 9600K, reserved 1058816K
  class space    used 959K, capacity 1033K, committed 1152K, reserved 1048576K
}
Event: 1.526 GC heap before
{Heap before GC invocations=8 (full 0):
 PSYoungGen      total 263680K, used 261856K [0x000000076bc00000, 0x000000078bf00000, 0x00000007c0000000)
  eden space 259584K, 100% used [0x000000076bc00000,0x000000077b980000,0x000000077b980000)
  from space 4096K, 55% used [0x000000077b980000,0x000000077bbb8000,0x000000077bd80000)
  to   space 4096K, 0% used [0x000000078bb00000,0x000000078bb00000,0x000000078bf00000)
 ParOldGen       total 173568K, used 2227K [0x00000006c3400000, 0x00000006cdd80000, 0x000000076bc00000)
  object space 173568K, 1% used [0x00000006c3400000,0x00000006c362cfa0,0x00000006cdd80000)
 Metaspace       used 9231K, capacity 9486K, committed 9856K, reserved 1058816K
  class space    used 959K, capacity 1033K, committed 1152K, reserved 1048576K
Event: 1.529 GC heap after
Heap after GC invocations=8 (full 0):
 PSYoungGen      total 523264K, used 2912K [0x000000076bc00000, 0x000000078bf00000, 0x00000007c0000000)
  eden space 519168K, 0% used [0x000000076bc00000,0x000000076bc00000,0x000000078b700000)
  from space 4096K, 71% used [0x000000078bb00000,0x000000078bdd8020,0x000000078bf00000)
  to   space 4096K, 0% used [0x000000078b700000,0x000000078b700000,0x000000078bb00000)
 ParOldGen       total 173568K, used 2667K [0x00000006c3400000, 0x00000006cdd80000, 0x000000076bc00000)
  object space 173568K, 1% used [0x00000006c3400000,0x00000006c369afa0,0x00000006cdd80000)
 Metaspace       used 9231K, capacity 9486K, committed 9856K, reserved 1058816K
  class space    used 959K, capacity 1033K, committed 1152K, reserved 1048576K
}
Event: 2.023 GC heap before
{Heap before GC invocations=9 (full 0):
 PSYoungGen      total 523264K, used 522080K [0x000000076bc00000, 0x000000078bf00000, 0x00000007c0000000)
  eden space 519168K, 100% used [0x000000076bc00000,0x000000078b700000,0x000000078b700000)
  from space 4096K, 71% used [0x000000078bb00000,0x000000078bdd8020,0x000000078bf00000)
  to   space 4096K, 0% used [0x000000078b700000,0x000000078b700000,0x000000078bb00000)
 ParOldGen       total 173568K, used 2667K [0x00000006c3400000, 0x00000006cdd80000, 0x000000076bc00000)
  object space 173568K, 1% used [0x00000006c3400000,0x00000006c369afa0,0x00000006cdd80000)
 Metaspace       used 9248K, capacity 9486K, committed 9856K, reserved 1058816K
  class space    used 959K, capacity 1033K, committed 1152K, reserved 1048576K
Event: 2.027 GC heap after
Heap after GC invocations=9 (full 0):
 PSYoungGen      total 523264K, used 1744K [0x000000076bc00000, 0x000000079ef80000, 0x00000007c0000000)
  eden space 519168K, 0% used [0x000000076bc00000,0x000000076bc00000,0x000000078b700000)
  from space 4096K, 42% used [0x000000078b700000,0x000000078b8b4030,0x000000078bb00000)
  to   space 4096K, 0% used [0x000000079eb80000,0x000000079eb80000,0x000000079ef80000)
 ParOldGen       total 173568K, used 3587K [0x00000006c3400000, 0x00000006cdd80000, 0x000000076bc00000)
  object space 173568K, 2% used [0x00000006c3400000,0x00000006c3780fa0,0x00000006cdd80000)
 Metaspace       used 9248K, capacity 9486K, committed 9856K, reserved 1058816K
  class space    used 959K, capacity 1033K, committed 1152K, reserved 1048576K
}
Event: 2.346 GC heap before
{Heap before GC invocations=10 (full 0):
 PSYoungGen      total 523264K, used 520912K [0x000000076bc00000, 0x000000079ef80000, 0x00000007c0000000)
  eden space 519168K, 100% used [0x000000076bc00000,0x000000078b700000,0x000000078b700000)
  from space 4096K, 42% used [0x000000078b700000,0x000000078b8b4030,0x000000078bb00000)
  to   space 4096K, 0% used [0x000000079eb80000,0x000000079eb80000,0x000000079ef80000)
 ParOldGen       total 173568K, used 3587K [0x00000006c3400000, 0x00000006cdd80000, 0x000000076bc00000)
  object space 173568K, 2% used [0x00000006c3400000,0x00000006c3780fa0,0x00000006cdd80000)
 Metaspace       used 9258K, capacity 9486K, committed 9856K, reserved 1058816K
  class space    used 959K, capacity 1033K, committed 1152K, reserved 1048576K
Event: 2.349 GC heap after
Heap after GC invocations=10 (full 0):
 PSYoungGen      total 835072K, used 2432K [0x000000076bc00000, 0x000000079ef80000, 0x00000007c0000000)
  eden space 830976K, 0% used [0x000000076bc00000,0x000000076bc00000,0x000000079e780000)
  from space 4096K, 59% used [0x000000079eb80000,0x000000079ede0020,0x000000079ef80000)
  to   space 4096K, 0% used [0x000000079e780000,0x000000079e780000,0x000000079eb80000)
 ParOldGen       total 173568K, used 4734K [0x00000006c3400000, 0x00000006cdd80000, 0x000000076bc00000)
  object space 173568K, 2% used [0x00000006c3400000,0x00000006c389f890,0x00000006cdd80000)
 Metaspace       used 9258K, capacity 9486K, committed 9856K, reserved 1058816K
  class space    used 959K, capacity 1033K, committed 1152K, reserved 1048576K
}
Event: 5.177 GC heap before
{Heap before GC invocations=11 (full 0):
 PSYoungGen      total 835072K, used 833408K [0x000000076bc00000, 0x000000079ef80000, 0x00000007c0000000)
  eden space 830976K, 100% used [0x000000076bc00000,0x000000079e780000,0x000000079e780000)
  from space 4096K, 59% used [0x000000079eb80000,0x000000079ede0020,0x000000079ef80000)
  to   space 4096K, 0% used [0x000000079e780000,0x000000079e780000,0x000000079eb80000)
 ParOldGen       total 173568K, used 4734K [0x00000006c3400000, 0x00000006cdd80000, 0x000000076bc00000)
  object space 173568K, 2% used [0x00000006c3400000,0x00000006c389f890,0x00000006cdd80000)
 Metaspace       used 19079K, capacity 19352K, committed 19840K, reserved 1067008K
  class space    used 1746K, capacity 1822K, committed 1920K, reserved 1048576K
Event: 5.183 GC heap after
Heap after GC invocations=11 (full 0):
 PSYoungGen      total 835072K, used 4065K [0x000000076bc00000, 0x00000007bdb80000, 0x00000007c0000000)
  eden space 830976K, 0% used [0x000000076bc00000,0x000000076bc00000,0x000000079e780000)
  from space 4096K, 99% used [0x000000079e780000,0x000000079eb784b0,0x000000079eb80000)
  to   space 6656K, 0% used [0x00000007bd500000,0x00000007bd500000,0x00000007bdb80000)
 ParOldGen       total 173568K, used 10036K [0x00000006c3400000, 0x00000006cdd80000, 0x000000076bc00000)
  object space 173568K, 5% used [0x00000006c3400000,0x00000006c3dcd050,0x00000006cdd80000)
 Metaspace       used 19079K, capacity 19352K, committed 19840K, reserved 1067008K
  class space    used 1746K, capacity 1822K, committed 1920K, reserved 1048576K
}

