# JRE version: Java(TM) SE Runtime Environment (8.0_251-b08) (build 1.8.0_251-b08)
# Java VM: Java HotSpot(TM) 64-Bit Server VM (25.251-b08 mixed mode windows-amd64 compressed oops)
Heap:
 PSYoungGen      total 836608K, used 57497K [0x000000076bc00000, 0x000000079f280000, 0x00000007c0000000)
  eden space 830976K, 6% used [0x000000076bc00000,0x000000076eeac188,0x000000079e780000)
  from space 5632K, 99% used [0x000000079e780000,0x000000079ecfa388,0x000000079ed00000)
  to   space 5632K, 0% used [0x000000079ed00000,0x000000079ed00000,0x000000079f280000)
 ParOldGen       total 173568K, used 8620K [0x00000006c3400000, 0x00000006cdd80000, 0x000000076bc00000)
  object space 173568K, 4% used [0x00000006c3400000,0x00000006c3c6b238,0x00000006cdd80000)
 Metaspace       used 17382K, capacity 17652K, committed 17920K, reserved 1064960K
  class space    used 1621K, capacity 1700K, committed 1792K, reserved 1048576K
GC Heap History (10 events):
Event: 1.363 GC heap before
{Heap before GC invocations=7 (full 0):
 PSYoungGen      total 263680K, used 263621K [0x000000076bc00000, 0x000000077c300000, 0x00000007c0000000)
  eden space 259584K, 100% used [0x000000076bc00000,0x000000077b980000,0x000000077b980000)
  from space 4096K, 98% used [0x000000077be00000,0x000000077c1f1688,0x000000077c200000)
  to   space 4608K, 0% used [0x000000077b980000,0x000000077b980000,0x000000077be00000)
 ParOldGen       total 173568K, used 139K [0x00000006c3400000, 0x00000006cdd80000, 0x000000076bc00000)
  object space 173568K, 0% used [0x00000006c3400000,0x00000006c3422c10,0x00000006cdd80000)
 Metaspace       used 9620K, capacity 9806K, committed 10112K, reserved 1058816K
  class space    used 974K, capacity 1033K, committed 1152K, reserved 1048576K
Event: 1.369 GC heap after
Heap after GC invocations=7 (full 0):
 PSYoungGen      total 264192K, used 2672K [0x000000076bc00000, 0x000000078c000000, 0x00000007c0000000)
  eden space 259584K, 0% used [0x000000076bc00000,0x000000076bc00000,0x000000077b980000)
  from space 4608K, 57% used [0x000000077b980000,0x000000077bc1c180,0x000000077be00000)
  to   space 4608K, 0% used [0x000000078bb80000,0x000000078bb80000,0x000000078c000000)
 ParOldGen       total 173568K, used 2592K [0x00000006c3400000, 0x00000006cdd80000, 0x000000076bc00000)
  object space 173568K, 1% used [0x00000006c3400000,0x00000006c3688348,0x00000006cdd80000)
 Metaspace       used 9620K, capacity 9806K, committed 10112K, reserved 1058816K
  class space    used 974K, capacity 1033K, committed 1152K, reserved 1048576K
}
Event: 1.593 GC heap before
{Heap before GC invocations=8 (full 0):
 PSYoungGen      total 264192K, used 262256K [0x000000076bc00000, 0x000000078c000000, 0x00000007c0000000)
  eden space 259584K, 100% used [0x000000076bc00000,0x000000077b980000,0x000000077b980000)
  from space 4608K, 57% used [0x000000077b980000,0x000000077bc1c180,0x000000077be00000)
  to   space 4608K, 0% used [0x000000078bb80000,0x000000078bb80000,0x000000078c000000)
 ParOldGen       total 173568K, used 2592K [0x00000006c3400000, 0x00000006cdd80000, 0x000000076bc00000)
  object space 173568K, 1% used [0x00000006c3400000,0x00000006c3688348,0x00000006cdd80000)
 Metaspace       used 9653K, capacity 9870K, committed 10112K, reserved 1058816K
  class space    used 974K, capacity 1033K, committed 1152K, reserved 1048576K
Event: 1.597 GC heap after
Heap after GC invocations=8 (full 0):
 PSYoungGen      total 523776K, used 3536K [0x000000076bc00000, 0x000000078c000000, 0x00000007c0000000)
  eden space 519168K, 0% used [0x000000076bc00000,0x000000076bc00000,0x000000078b700000)
  from space 4608K, 76% used [0x000000078bb80000,0x000000078bef41a0,0x000000078c000000)
  to   space 4608K, 0% used [0x000000078b700000,0x000000078b700000,0x000000078bb80000)
 ParOldGen       total 173568K, used 3106K [0x00000006c3400000, 0x00000006cdd80000, 0x000000076bc00000)
  object space 173568K, 1% used [0x00000006c3400000,0x00000006c3708a98,0x00000006cdd80000)
 Metaspace       used 9653K, capacity 9870K, committed 10112K, reserved 1058816K
  class space    used 974K, capacity 1033K, committed 1152K, reserved 1048576K
}
Event: 2.067 GC heap before
{Heap before GC invocations=9 (full 0):
 PSYoungGen      total 523776K, used 522704K [0x000000076bc00000, 0x000000078c000000, 0x00000007c0000000)
  eden space 519168K, 100% used [0x000000076bc00000,0x000000078b700000,0x000000078b700000)
  from space 4608K, 76% used [0x000000078bb80000,0x000000078bef41a0,0x000000078c000000)
  to   space 4608K, 0% used [0x000000078b700000,0x000000078b700000,0x000000078bb80000)
 ParOldGen       total 173568K, used 3106K [0x00000006c3400000, 0x00000006cdd80000, 0x000000076bc00000)
  object space 173568K, 1% used [0x00000006c3400000,0x00000006c3708a98,0x00000006cdd80000)
 Metaspace       used 9666K, capacity 9870K, committed 10112K, reserved 1058816K
  class space    used 974K, capacity 1033K, committed 1152K, reserved 1048576K
Event: 2.071 GC heap after
Heap after GC invocations=9 (full 0):
 PSYoungGen      total 523776K, used 4577K [0x000000076bc00000, 0x000000079f280000, 0x00000007c0000000)
  eden space 519168K, 0% used [0x000000076bc00000,0x000000076bc00000,0x000000078b700000)
  from space 4608K, 99% used [0x000000078b700000,0x000000078bb78680,0x000000078bb80000)
  to   space 5632K, 0% used [0x000000079ed00000,0x000000079ed00000,0x000000079f280000)
 ParOldGen       total 173568K, used 4122K [0x00000006c3400000, 0x00000006cdd80000, 0x000000076bc00000)
  object space 173568K, 2% used [0x00000006c3400000,0x00000006c3806a98,0x00000006cdd80000)
 Metaspace       used 9666K, capacity 9870K, committed 10112K, reserved 1058816K
  class space    used 974K, capacity 1033K, committed 1152K, reserved 1048576K
}
Event: 2.403 GC heap before
{Heap before GC invocations=10 (full 0):
 PSYoungGen      total 523776K, used 523745K [0x000000076bc00000, 0x000000079f280000, 0x00000007c0000000)
  eden space 519168K, 100% used [0x000000076bc00000,0x000000078b700000,0x000000078b700000)
  from space 4608K, 99% used [0x000000078b700000,0x000000078bb78680,0x000000078bb80000)
  to   space 5632K, 0% used [0x000000079ed00000,0x000000079ed00000,0x000000079f280000)
 ParOldGen       total 173568K, used 4122K [0x00000006c3400000, 0x00000006cdd80000, 0x000000076bc00000)
  object space 173568K, 2% used [0x00000006c3400000,0x00000006c3806a98,0x00000006cdd80000)
 Metaspace       used 9679K, capacity 9870K, committed 10112K, reserved 1058816K
  class space    used 974K, capacity 1033K, committed 1152K, reserved 1048576K
Event: 2.406 GC heap after
Heap after GC invocations=10 (full 0):
 PSYoungGen      total 836608K, used 1424K [0x000000076bc00000, 0x000000079f280000, 0x00000007c0000000)
  eden space 830976K, 0% used [0x000000076bc00000,0x000000076bc00000,0x000000079e780000)
  from space 5632K, 25% used [0x000000079ed00000,0x000000079ee64360,0x000000079f280000)
  to   space 5632K, 0% used [0x000000079e780000,0x000000079e780000,0x000000079ed00000)
 ParOldGen       total 173568K, used 6235K [0x00000006c3400000, 0x00000006cdd80000, 0x000000076bc00000)
  object space 173568K, 3% used [0x00000006c3400000,0x00000006c3a16dc8,0x00000006cdd80000)
 Metaspace       used 9679K, capacity 9870K, committed 10112K, reserved 1058816K
  class space    used 974K, capacity 1033K, committed 1152K, reserved 1048576K
}
Event: 3.516 GC heap before
{Heap before GC invocations=11 (full 0):
 PSYoungGen      total 836608K, used 832400K [0x000000076bc00000, 0x000000079f280000, 0x00000007c0000000)
  eden space 830976K, 100% used [0x000000076bc00000,0x000000079e780000,0x000000079e780000)
  from space 5632K, 25% used [0x000000079ed00000,0x000000079ee64360,0x000000079f280000)
  to   space 5632K, 0% used [0x000000079e780000,0x000000079e780000,0x000000079ed00000)
 ParOldGen       total 173568K, used 6235K [0x00000006c3400000, 0x00000006cdd80000, 0x000000076bc00000)
  object space 173568K, 3% used [0x00000006c3400000,0x00000006c3a16dc8,0x00000006cdd80000)
 Metaspace       used 15934K, capacity 16260K, committed 16512K, reserved 1064960K
  class space    used 1504K, capacity 1600K, committed 1664K, reserved 1048576K
Event: 3.541 GC heap after
Heap after GC invocations=11 (full 0):
 PSYoungGen      total 836608K, used 5608K [0x000000076bc00000, 0x000000079f280000, 0x00000007c0000000)
  eden space 830976K, 0% used [0x000000076bc00000,0x000000076bc00000,0x000000079e780000)
  from space 5632K, 99% used [0x000000079e780000,0x000000079ecfa388,0x000000079ed00000)
  to   space 5632K, 0% used [0x000000079ed00000,0x000000079ed00000,0x000000079f280000)
 ParOldGen       total 173568K, used 8620K [0x00000006c3400000, 0x00000006cdd80000, 0x000000076bc00000)
  object space 173568K, 4% used [0x00000006c3400000,0x00000006c3c6b238,0x00000006cdd80000)
 Metaspace       used 15934K, capacity 16260K, committed 16512K, reserved 1064960K
  class space    used 1504K, capacity 1600K, committed 1664K, reserved 1048576K
}

