# JRE version: Java(TM) SE Runtime Environment (8.0_251-b08) (build 1.8.0_251-b08)
# Java VM: Java HotSpot(TM) 64-Bit Server VM (25.251-b08 mixed mode windows-amd64 compressed oops)
Heap:
 PSYoungGen      total 837120K, used 752820K [0x000000076bf80000, 0x000000079f580000, 0x00000007c0000000)
  eden space 832512K, 90% used [0x000000076bf80000,0x0000000799d6d390,0x000000079ec80000)
  from space 4608K, 27% used [0x000000079f100000,0x000000079f240020,0x000000079f580000)
  to   space 4608K, 0% used [0x000000079ec80000,0x000000079ec80000,0x000000079f100000)
 ParOldGen       total 173568K, used 5068K [0x00000006c3e00000, 0x00000006ce780000, 0x000000076bf80000)
  object space 173568K, 2% used [0x00000006c3e00000,0x00000006c42f3340,0x00000006ce780000)
 Metaspace       used 18328K, capacity 18644K, committed 19072K, reserved 1067008K
  class space    used 1699K, capacity 1798K, committed 1920K, reserved 1048576K
GC Heap History (10 events):
Event: 1.606 GC heap before
{Heap before GC invocations=6 (full 0):
 PSYoungGen      total 140800K, used 133197K [0x000000076bf80000, 0x000000077c580000, 0x00000007c0000000)
  eden space 130048K, 100% used [0x000000076bf80000,0x0000000773e80000,0x0000000773e80000)
  from space 10752K, 29% used [0x0000000773e80000,0x00000007741935d8,0x0000000774900000)
  to   space 4096K, 0% used [0x000000077c180000,0x000000077c180000,0x000000077c580000)
 ParOldGen       total 173568K, used 48K [0x00000006c3e00000, 0x00000006ce780000, 0x000000076bf80000)
  object space 173568K, 0% used [0x00000006c3e00000,0x00000006c3e0c000,0x00000006ce780000)
 Metaspace       used 9615K, capacity 9870K, committed 10112K, reserved 1058816K
  class space    used 981K, capacity 1033K, committed 1152K, reserved 1048576K
Event: 1.610 GC heap after
Heap after GC invocations=6 (full 0):
 PSYoungGen      total 264192K, used 3571K [0x000000076bf80000, 0x000000077c580000, 0x00000007c0000000)
  eden space 260096K, 0% used [0x000000076bf80000,0x000000076bf80000,0x000000077bd80000)
  from space 4096K, 87% used [0x000000077c180000,0x000000077c4fce58,0x000000077c580000)
  to   space 4096K, 0% used [0x000000077bd80000,0x000000077bd80000,0x000000077c180000)
 ParOldGen       total 173568K, used 56K [0x00000006c3e00000, 0x00000006ce780000, 0x000000076bf80000)
  object space 173568K, 0% used [0x00000006c3e00000,0x00000006c3e0e000,0x00000006ce780000)
 Metaspace       used 9615K, capacity 9870K, committed 10112K, reserved 1058816K
  class space    used 981K, capacity 1033K, committed 1152K, reserved 1048576K
}
Event: 1.891 GC heap before
{Heap before GC invocations=7 (full 0):
 PSYoungGen      total 264192K, used 263667K [0x000000076bf80000, 0x000000077c580000, 0x00000007c0000000)
  eden space 260096K, 100% used [0x000000076bf80000,0x000000077bd80000,0x000000077bd80000)
  from space 4096K, 87% used [0x000000077c180000,0x000000077c4fce58,0x000000077c580000)
  to   space 4096K, 0% used [0x000000077bd80000,0x000000077bd80000,0x000000077c180000)
 ParOldGen       total 173568K, used 56K [0x00000006c3e00000, 0x00000006ce780000, 0x000000076bf80000)
  object space 173568K, 0% used [0x00000006c3e00000,0x00000006c3e0e000,0x00000006ce780000)
 Metaspace       used 9625K, capacity 9870K, committed 10112K, reserved 1058816K
  class space    used 981K, capacity 1033K, committed 1152K, reserved 1048576K
Event: 1.897 GC heap after
Heap after GC invocations=7 (full 0):
 PSYoungGen      total 264192K, used 2176K [0x000000076bf80000, 0x000000078c480000, 0x00000007c0000000)
  eden space 260096K, 0% used [0x000000076bf80000,0x000000076bf80000,0x000000077bd80000)
  from space 4096K, 53% used [0x000000077bd80000,0x000000077bfa0000,0x000000077c180000)
  to   space 4608K, 0% used [0x000000078c000000,0x000000078c000000,0x000000078c480000)
 ParOldGen       total 173568K, used 2291K [0x00000006c3e00000, 0x00000006ce780000, 0x000000076bf80000)
  object space 173568K, 1% used [0x00000006c3e00000,0x00000006c403ced8,0x00000006ce780000)
 Metaspace       used 9625K, capacity 9870K, committed 10112K, reserved 1058816K
  class space    used 981K, capacity 1033K, committed 1152K, reserved 1048576K
}
Event: 2.137 GC heap before
{Heap before GC invocations=8 (full 0):
 PSYoungGen      total 264192K, used 262272K [0x000000076bf80000, 0x000000078c480000, 0x00000007c0000000)
  eden space 260096K, 100% used [0x000000076bf80000,0x000000077bd80000,0x000000077bd80000)
  from space 4096K, 53% used [0x000000077bd80000,0x000000077bfa0000,0x000000077c180000)
  to   space 4608K, 0% used [0x000000078c000000,0x000000078c000000,0x000000078c480000)
 ParOldGen       total 173568K, used 2291K [0x00000006c3e00000, 0x00000006ce780000, 0x000000076bf80000)
  object space 173568K, 1% used [0x00000006c3e00000,0x00000006c403ced8,0x00000006ce780000)
 Metaspace       used 9630K, capacity 9870K, committed 10112K, reserved 1058816K
  class space    used 981K, capacity 1033K, committed 1152K, reserved 1048576K
Event: 2.141 GC heap after
Heap after GC invocations=8 (full 0):
 PSYoungGen      total 523776K, used 2768K [0x000000076bf80000, 0x000000078c380000, 0x00000007c0000000)
  eden space 520192K, 0% used [0x000000076bf80000,0x000000076bf80000,0x000000078bb80000)
  from space 3584K, 77% used [0x000000078c000000,0x000000078c2b4030,0x000000078c380000)
  to   space 4096K, 0% used [0x000000078bb80000,0x000000078bb80000,0x000000078bf80000)
 ParOldGen       total 173568K, used 2760K [0x00000006c3e00000, 0x00000006ce780000, 0x000000076bf80000)
  object space 173568K, 1% used [0x00000006c3e00000,0x00000006c40b22d0,0x00000006ce780000)
 Metaspace       used 9630K, capacity 9870K, committed 10112K, reserved 1058816K
  class space    used 981K, capacity 1033K, committed 1152K, reserved 1048576K
}
Event: 2.802 GC heap before
{Heap before GC invocations=9 (full 0):
 PSYoungGen      total 523776K, used 522960K [0x000000076bf80000, 0x000000078c380000, 0x00000007c0000000)
  eden space 520192K, 100% used [0x000000076bf80000,0x000000078bb80000,0x000000078bb80000)
  from space 3584K, 77% used [0x000000078c000000,0x000000078c2b4030,0x000000078c380000)
  to   space 4096K, 0% used [0x000000078bb80000,0x000000078bb80000,0x000000078bf80000)
 ParOldGen       total 173568K, used 2760K [0x00000006c3e00000, 0x00000006ce780000, 0x000000076bf80000)
  object space 173568K, 1% used [0x00000006c3e00000,0x00000006c40b22d0,0x00000006ce780000)
 Metaspace       used 9667K, capacity 9870K, committed 10112K, reserved 1058816K
  class space    used 981K, capacity 1033K, committed 1152K, reserved 1048576K
Event: 2.808 GC heap after
Heap after GC invocations=9 (full 0):
 PSYoungGen      total 524288K, used 3600K [0x000000076bf80000, 0x000000079f580000, 0x00000007c0000000)
  eden space 520192K, 0% used [0x000000076bf80000,0x000000076bf80000,0x000000078bb80000)
  from space 4096K, 87% used [0x000000078bb80000,0x000000078bf04030,0x000000078bf80000)
  to   space 4608K, 0% used [0x000000079f100000,0x000000079f100000,0x000000079f580000)
 ParOldGen       total 173568K, used 3628K [0x00000006c3e00000, 0x00000006ce780000, 0x000000076bf80000)
  object space 173568K, 2% used [0x00000006c3e00000,0x00000006c418b340,0x00000006ce780000)
 Metaspace       used 9667K, capacity 9870K, committed 10112K, reserved 1058816K
  class space    used 981K, capacity 1033K, committed 1152K, reserved 1048576K
}
Event: 3.265 GC heap before
{Heap before GC invocations=10 (full 0):
 PSYoungGen      total 524288K, used 523792K [0x000000076bf80000, 0x000000079f580000, 0x00000007c0000000)
  eden space 520192K, 100% used [0x000000076bf80000,0x000000078bb80000,0x000000078bb80000)
  from space 4096K, 87% used [0x000000078bb80000,0x000000078bf04030,0x000000078bf80000)
  to   space 4608K, 0% used [0x000000079f100000,0x000000079f100000,0x000000079f580000)
 ParOldGen       total 173568K, used 3628K [0x00000006c3e00000, 0x00000006ce780000, 0x000000076bf80000)
  object space 173568K, 2% used [0x00000006c3e00000,0x00000006c418b340,0x00000006ce780000)
 Metaspace       used 9687K, capacity 9934K, committed 10112K, reserved 1058816K
  class space    used 981K, capacity 1033K, committed 1152K, reserved 1048576K
Event: 3.268 GC heap after
Heap after GC invocations=10 (full 0):
 PSYoungGen      total 837120K, used 1280K [0x000000076bf80000, 0x000000079f580000, 0x00000007c0000000)
  eden space 832512K, 0% used [0x000000076bf80000,0x000000076bf80000,0x000000079ec80000)
  from space 4608K, 27% used [0x000000079f100000,0x000000079f240020,0x000000079f580000)
  to   space 4608K, 0% used [0x000000079ec80000,0x000000079ec80000,0x000000079f100000)
 ParOldGen       total 173568K, used 5068K [0x00000006c3e00000, 0x00000006ce780000, 0x000000076bf80000)
  object space 173568K, 2% used [0x00000006c3e00000,0x00000006c42f3340,0x00000006ce780000)
 Metaspace       used 9687K, capacity 9934K, committed 10112K, reserved 1058816K
  class space    used 981K, capacity 1033K, committed 1152K, reserved 1048576K
}

