# JRE version: Java(TM) SE Runtime Environment (8.0_251-b08) (build 1.8.0_251-b08)
# Java VM: Java HotSpot(TM) 64-Bit Server VM (25.251-b08 mixed mode windows-amd64 compressed oops)
Heap:
 PSYoungGen      total 1370112K, used 472728K [0x000000076bf80000, 0x00000007bff80000, 0x00000007c0000000)
  eden space 1364480K, 34% used [0x000000076bf80000,0x0000000788a1e018,0x00000007bf400000)
  from space 5632K, 55% used [0x00000007bf980000,0x00000007bfc88000,0x00000007bff00000)
  to   space 5632K, 0% used [0x00000007bf400000,0x00000007bf400000,0x00000007bf980000)
 ParOldGen       total 173568K, used 15469K [0x00000006c3e00000, 0x00000006ce780000, 0x000000076bf80000)
  object space 173568K, 8% used [0x00000006c3e00000,0x00000006c4d1b588,0x00000006ce780000)
 Metaspace       used 19393K, capacity 19702K, committed 20096K, reserved 1067008K
  class space    used 1759K, capacity 1841K, committed 1920K, reserved 1048576K
GC Heap History (10 events):
Event: 2.510 GC heap before
{Heap before GC invocations=10 (full 0):
 PSYoungGen      total 525824K, used 521856K [0x000000076bf80000, 0x000000079f780000, 0x00000007c0000000)
  eden space 519680K, 100% used [0x000000076bf80000,0x000000078bb00000,0x000000078bb00000)
  from space 6144K, 35% used [0x000000078bb00000,0x000000078bd20000,0x000000078c100000)
  to   space 6144K, 0% used [0x000000079f180000,0x000000079f180000,0x000000079f780000)
 ParOldGen       total 173568K, used 4459K [0x00000006c3e00000, 0x00000006ce780000, 0x000000076bf80000)
  object space 173568K, 2% used [0x00000006c3e00000,0x00000006c425add8,0x00000006ce780000)
 Metaspace       used 9211K, capacity 9454K, committed 9728K, reserved 1058816K
  class space    used 945K, capacity 1001K, committed 1024K, reserved 1048576K
Event: 2.516 GC heap after
Heap after GC invocations=10 (full 0):
 PSYoungGen      total 837632K, used 2624K [0x000000076bf80000, 0x000000079f780000, 0x00000007c0000000)
  eden space 831488K, 0% used [0x000000076bf80000,0x000000076bf80000,0x000000079eb80000)
  from space 6144K, 42% used [0x000000079f180000,0x000000079f410000,0x000000079f780000)
  to   space 6144K, 0% used [0x000000079eb80000,0x000000079eb80000,0x000000079f180000)
 ParOldGen       total 173568K, used 5539K [0x00000006c3e00000, 0x00000006ce780000, 0x000000076bf80000)
  object space 173568K, 3% used [0x00000006c3e00000,0x00000006c4368dd8,0x00000006ce780000)
 Metaspace       used 9211K, capacity 9454K, committed 9728K, reserved 1058816K
  class space    used 945K, capacity 1001K, committed 1024K, reserved 1048576K
}
Event: 3.235 GC heap before
{Heap before GC invocations=11 (full 0):
 PSYoungGen      total 837632K, used 834112K [0x000000076bf80000, 0x000000079f780000, 0x00000007c0000000)
  eden space 831488K, 100% used [0x000000076bf80000,0x000000079eb80000,0x000000079eb80000)
  from space 6144K, 42% used [0x000000079f180000,0x000000079f410000,0x000000079f780000)
  to   space 6144K, 0% used [0x000000079eb80000,0x000000079eb80000,0x000000079f180000)
 ParOldGen       total 173568K, used 5539K [0x00000006c3e00000, 0x00000006ce780000, 0x000000076bf80000)
  object space 173568K, 3% used [0x00000006c3e00000,0x00000006c4368dd8,0x00000006ce780000)
 Metaspace       used 9241K, capacity 9454K, committed 9728K, reserved 1058816K
  class space    used 945K, capacity 1001K, committed 1024K, reserved 1048576K
Event: 3.241 GC heap after
Heap after GC invocations=11 (full 0):
 PSYoungGen      total 837632K, used 2240K [0x000000076bf80000, 0x00000007bdf00000, 0x00000007c0000000)
  eden space 831488K, 0% used [0x000000076bf80000,0x000000076bf80000,0x000000079eb80000)
  from space 6144K, 36% used [0x000000079eb80000,0x000000079edb0020,0x000000079f180000)
  to   space 6144K, 0% used [0x00000007bd900000,0x00000007bd900000,0x00000007bdf00000)
 ParOldGen       total 173568K, used 8045K [0x00000006c3e00000, 0x00000006ce780000, 0x000000076bf80000)
  object space 173568K, 4% used [0x00000006c3e00000,0x00000006c45db510,0x00000006ce780000)
 Metaspace       used 9241K, capacity 9454K, committed 9728K, reserved 1058816K
  class space    used 945K, capacity 1001K, committed 1024K, reserved 1048576K
}
Event: 3.891 GC heap before
{Heap before GC invocations=12 (full 0):
 PSYoungGen      total 837632K, used 833728K [0x000000076bf80000, 0x00000007bdf00000, 0x00000007c0000000)
  eden space 831488K, 100% used [0x000000076bf80000,0x000000079eb80000,0x000000079eb80000)
  from space 6144K, 36% used [0x000000079eb80000,0x000000079edb0020,0x000000079f180000)
  to   space 6144K, 0% used [0x00000007bd900000,0x00000007bd900000,0x00000007bdf00000)
 ParOldGen       total 173568K, used 8045K [0x00000006c3e00000, 0x00000006ce780000, 0x000000076bf80000)
  object space 173568K, 4% used [0x00000006c3e00000,0x00000006c45db510,0x00000006ce780000)
 Metaspace       used 9242K, capacity 9454K, committed 9728K, reserved 1058816K
  class space    used 945K, capacity 1001K, committed 1024K, reserved 1048576K
Event: 3.896 GC heap after
Heap after GC invocations=12 (full 0):
 PSYoungGen      total 1336832K, used 1760K [0x000000076bf80000, 0x00000007bdf00000, 0x00000007c0000000)
  eden space 1330688K, 0% used [0x000000076bf80000,0x000000076bf80000,0x00000007bd300000)
  from space 6144K, 28% used [0x00000007bd900000,0x00000007bdab8000,0x00000007bdf00000)
  to   space 6144K, 0% used [0x00000007bd300000,0x00000007bd300000,0x00000007bd900000)
 ParOldGen       total 173568K, used 10202K [0x00000006c3e00000, 0x00000006ce780000, 0x000000076bf80000)
  object space 173568K, 5% used [0x00000006c3e00000,0x00000006c47f6b70,0x00000006ce780000)
 Metaspace       used 9242K, capacity 9454K, committed 9728K, reserved 1058816K
  class space    used 945K, capacity 1001K, committed 1024K, reserved 1048576K
}
Event: 5.001 GC heap before
{Heap before GC invocations=13 (full 0):
 PSYoungGen      total 1336832K, used 1332448K [0x000000076bf80000, 0x00000007bdf00000, 0x00000007c0000000)
  eden space 1330688K, 100% used [0x000000076bf80000,0x00000007bd300000,0x00000007bd300000)
  from space 6144K, 28% used [0x00000007bd900000,0x00000007bdab8000,0x00000007bdf00000)
  to   space 6144K, 0% used [0x00000007bd300000,0x00000007bd300000,0x00000007bd900000)
 ParOldGen       total 173568K, used 10202K [0x00000006c3e00000, 0x00000006ce780000, 0x000000076bf80000)
  object space 173568K, 5% used [0x00000006c3e00000,0x00000006c47f6b70,0x00000006ce780000)
 Metaspace       used 9286K, capacity 9518K, committed 9728K, reserved 1058816K
  class space    used 945K, capacity 1001K, committed 1024K, reserved 1048576K
Event: 5.008 GC heap after
Heap after GC invocations=13 (full 0):
 PSYoungGen      total 1336832K, used 3664K [0x000000076bf80000, 0x00000007bff00000, 0x00000007c0000000)
  eden space 1330688K, 0% used [0x000000076bf80000,0x000000076bf80000,0x00000007bd300000)
  from space 6144K, 59% used [0x00000007bd300000,0x00000007bd694030,0x00000007bd900000)
  to   space 5632K, 0% used [0x00000007bf980000,0x00000007bf980000,0x00000007bff00000)
 ParOldGen       total 173568K, used 11922K [0x00000006c3e00000, 0x00000006ce780000, 0x000000076bf80000)
  object space 173568K, 6% used [0x00000006c3e00000,0x00000006c49a4b70,0x00000006ce780000)
 Metaspace       used 9286K, capacity 9518K, committed 9728K, reserved 1058816K
  class space    used 945K, capacity 1001K, committed 1024K, reserved 1048576K
}
Event: 5.696 GC heap before
{Heap before GC invocations=14 (full 0):
 PSYoungGen      total 1336832K, used 1334352K [0x000000076bf80000, 0x00000007bff00000, 0x00000007c0000000)
  eden space 1330688K, 100% used [0x000000076bf80000,0x00000007bd300000,0x00000007bd300000)
  from space 6144K, 59% used [0x00000007bd300000,0x00000007bd694030,0x00000007bd900000)
  to   space 5632K, 0% used [0x00000007bf980000,0x00000007bf980000,0x00000007bff00000)
 ParOldGen       total 173568K, used 11922K [0x00000006c3e00000, 0x00000006ce780000, 0x000000076bf80000)
  object space 173568K, 6% used [0x00000006c3e00000,0x00000006c49a4b70,0x00000006ce780000)
 Metaspace       used 9289K, capacity 9518K, committed 9728K, reserved 1058816K
  class space    used 945K, capacity 1001K, committed 1024K, reserved 1048576K
Event: 5.704 GC heap after
Heap after GC invocations=14 (full 0):
 PSYoungGen      total 1370112K, used 3104K [0x000000076bf80000, 0x00000007bff80000, 0x00000007c0000000)
  eden space 1364480K, 0% used [0x000000076bf80000,0x000000076bf80000,0x00000007bf400000)
  from space 5632K, 55% used [0x00000007bf980000,0x00000007bfc88000,0x00000007bff00000)
  to   space 5632K, 0% used [0x00000007bf400000,0x00000007bf400000,0x00000007bf980000)
 ParOldGen       total 173568K, used 15469K [0x00000006c3e00000, 0x00000006ce780000, 0x000000076bf80000)
  object space 173568K, 8% used [0x00000006c3e00000,0x00000006c4d1b588,0x00000006ce780000)
 Metaspace       used 9289K, capacity 9518K, committed 9728K, reserved 1058816K
  class space    used 945K, capacity 1001K, committed 1024K, reserved 1048576K
}

