# JRE version: Java(TM) SE Runtime Environment (8.0_251-b08) (build 1.8.0_251-b08)
# Java VM: Java HotSpot(TM) 64-Bit Server VM (25.251-b08 mixed mode windows-amd64 compressed oops)
Heap:
 PSYoungGen      total 836096K, used 5102K [0x000000076bf80000, 0x00000007bdc00000, 0x00000007c0000000)
  eden space 830976K, 0% used [0x000000076bf80000,0x000000076bf80000,0x000000079eb00000)
  from space 5120K, 99% used [0x00000007bd700000,0x00000007bdbfbac0,0x00000007bdc00000)
  to   space 5120K, 0% used [0x000000079eb00000,0x000000079eb00000,0x000000079f000000)
 ParOldGen       total 173568K, used 15263K [0x00000006c3e00000, 0x00000006ce780000, 0x000000076bf80000)
  object space 173568K, 8% used [0x00000006c3e00000,0x00000006c4ce7fd0,0x00000006ce780000)
 Metaspace       used 20816K, capacity 21124K, committed 21248K, reserved 1069056K
  class space    used 1919K, capacity 2040K, committed 2048K, reserved 1048576K
GC Heap History (10 events):
Event: 1.832 GC heap after
Heap after GC invocations=7 (full 0):
 PSYoungGen      total 263680K, used 2240K [0x000000076bf80000, 0x000000078c280000, 0x00000007c0000000)
  eden space 259584K, 0% used [0x000000076bf80000,0x000000076bf80000,0x000000077bd00000)
  from space 4096K, 54% used [0x000000077bd00000,0x000000077bf30000,0x000000077c100000)
  to   space 4096K, 0% used [0x000000078be80000,0x000000078be80000,0x000000078c280000)
 ParOldGen       total 173568K, used 2281K [0x00000006c3e00000, 0x00000006ce780000, 0x000000076bf80000)
  object space 173568K, 1% used [0x00000006c3e00000,0x00000006c403a6a0,0x00000006ce780000)
 Metaspace       used 9158K, capacity 9326K, committed 9472K, reserved 1058816K
  class space    used 945K, capacity 1001K, committed 1024K, reserved 1048576K
}
Event: 2.058 GC heap before
{Heap before GC invocations=8 (full 0):
 PSYoungGen      total 263680K, used 261824K [0x000000076bf80000, 0x000000078c280000, 0x00000007c0000000)
  eden space 259584K, 100% used [0x000000076bf80000,0x000000077bd00000,0x000000077bd00000)
  from space 4096K, 54% used [0x000000077bd00000,0x000000077bf30000,0x000000077c100000)
  to   space 4096K, 0% used [0x000000078be80000,0x000000078be80000,0x000000078c280000)
 ParOldGen       total 173568K, used 2281K [0x00000006c3e00000, 0x00000006ce780000, 0x000000076bf80000)
  object space 173568K, 1% used [0x00000006c3e00000,0x00000006c403a6a0,0x00000006ce780000)
 Metaspace       used 9164K, capacity 9390K, committed 9472K, reserved 1058816K
  class space    used 945K, capacity 1001K, committed 1024K, reserved 1048576K
Event: 2.064 GC heap after
Heap after GC invocations=8 (full 0):
 PSYoungGen      total 523264K, used 3238K [0x000000076bf80000, 0x000000078c280000, 0x00000007c0000000)
  eden space 519168K, 0% used [0x000000076bf80000,0x000000076bf80000,0x000000078ba80000)
  from space 4096K, 79% used [0x000000078be80000,0x000000078c1a99e8,0x000000078c280000)
  to   space 4096K, 0% used [0x000000078ba80000,0x000000078ba80000,0x000000078be80000)
 ParOldGen       total 173568K, used 2639K [0x00000006c3e00000, 0x00000006ce780000, 0x000000076bf80000)
  object space 173568K, 1% used [0x00000006c3e00000,0x00000006c4093ca8,0x00000006ce780000)
 Metaspace       used 9164K, capacity 9390K, committed 9472K, reserved 1058816K
  class space    used 945K, capacity 1001K, committed 1024K, reserved 1048576K
}
Event: 2.712 GC heap before
{Heap before GC invocations=9 (full 0):
 PSYoungGen      total 523264K, used 522406K [0x000000076bf80000, 0x000000078c280000, 0x00000007c0000000)
  eden space 519168K, 100% used [0x000000076bf80000,0x000000078ba80000,0x000000078ba80000)
  from space 4096K, 79% used [0x000000078be80000,0x000000078c1a99e8,0x000000078c280000)
  to   space 4096K, 0% used [0x000000078ba80000,0x000000078ba80000,0x000000078be80000)
 ParOldGen       total 173568K, used 2639K [0x00000006c3e00000, 0x00000006ce780000, 0x000000076bf80000)
  object space 173568K, 1% used [0x00000006c3e00000,0x00000006c4093ca8,0x00000006ce780000)
 Metaspace       used 9205K, capacity 9390K, committed 9472K, reserved 1058816K
  class space    used 945K, capacity 1001K, committed 1024K, reserved 1048576K
Event: 2.721 GC heap after
Heap after GC invocations=9 (full 0):
 PSYoungGen      total 523264K, used 4067K [0x000000076bf80000, 0x000000079f500000, 0x00000007c0000000)
  eden space 519168K, 0% used [0x000000076bf80000,0x000000076bf80000,0x000000078ba80000)
  from space 4096K, 99% used [0x000000078ba80000,0x000000078be78ca8,0x000000078be80000)
  to   space 5120K, 0% used [0x000000079f000000,0x000000079f000000,0x000000079f500000)
 ParOldGen       total 173568K, used 3694K [0x00000006c3e00000, 0x00000006ce780000, 0x000000076bf80000)
  object space 173568K, 2% used [0x00000006c3e00000,0x00000006c419b8b8,0x00000006ce780000)
 Metaspace       used 9205K, capacity 9390K, committed 9472K, reserved 1058816K
  class space    used 945K, capacity 1001K, committed 1024K, reserved 1048576K
}
Event: 3.091 GC heap before
{Heap before GC invocations=10 (full 0):
 PSYoungGen      total 523264K, used 523235K [0x000000076bf80000, 0x000000079f500000, 0x00000007c0000000)
  eden space 519168K, 100% used [0x000000076bf80000,0x000000078ba80000,0x000000078ba80000)
  from space 4096K, 99% used [0x000000078ba80000,0x000000078be78ca8,0x000000078be80000)
  to   space 5120K, 0% used [0x000000079f000000,0x000000079f000000,0x000000079f500000)
 ParOldGen       total 173568K, used 3694K [0x00000006c3e00000, 0x00000006ce780000, 0x000000076bf80000)
  object space 173568K, 2% used [0x00000006c3e00000,0x00000006c419b8b8,0x00000006ce780000)
 Metaspace       used 9212K, capacity 9390K, committed 9472K, reserved 1058816K
  class space    used 945K, capacity 1001K, committed 1024K, reserved 1048576K
Event: 3.094 GC heap after
Heap after GC invocations=10 (full 0):
 PSYoungGen      total 836096K, used 931K [0x000000076bf80000, 0x000000079f500000, 0x00000007c0000000)
  eden space 830976K, 0% used [0x000000076bf80000,0x000000076bf80000,0x000000079eb00000)
  from space 5120K, 18% used [0x000000079f000000,0x000000079f0e8e08,0x000000079f500000)
  to   space 5120K, 0% used [0x000000079eb00000,0x000000079eb00000,0x000000079f000000)
 ParOldGen       total 173568K, used 5829K [0x00000006c3e00000, 0x00000006ce780000, 0x000000076bf80000)
  object space 173568K, 3% used [0x00000006c3e00000,0x00000006c43b1630,0x00000006ce780000)
 Metaspace       used 9212K, capacity 9390K, committed 9472K, reserved 1058816K
  class space    used 945K, capacity 1001K, committed 1024K, reserved 1048576K
}
Event: 3.734 GC heap before
{Heap before GC invocations=11 (full 0):
 PSYoungGen      total 836096K, used 831907K [0x000000076bf80000, 0x000000079f500000, 0x00000007c0000000)
  eden space 830976K, 100% used [0x000000076bf80000,0x000000079eb00000,0x000000079eb00000)
  from space 5120K, 18% used [0x000000079f000000,0x000000079f0e8e08,0x000000079f500000)
  to   space 5120K, 0% used [0x000000079eb00000,0x000000079eb00000,0x000000079f000000)
 ParOldGen       total 173568K, used 5829K [0x00000006c3e00000, 0x00000006ce780000, 0x000000076bf80000)
  object space 173568K, 3% used [0x00000006c3e00000,0x00000006c43b1630,0x00000006ce780000)
 Metaspace       used 9228K, capacity 9454K, committed 9728K, reserved 1058816K
  class space    used 945K, capacity 1001K, committed 1024K, reserved 1048576K
Event: 3.740 GC heap after
Heap after GC invocations=11 (full 0):
 PSYoungGen      total 836096K, used 3299K [0x000000076bf80000, 0x00000007bdc00000, 0x00000007c0000000)
  eden space 830976K, 0% used [0x000000076bf80000,0x000000076bf80000,0x000000079eb00000)
  from space 5120K, 64% used [0x000000079eb00000,0x000000079ee38de8,0x000000079f000000)
  to   space 5120K, 0% used [0x00000007bd700000,0x00000007bd700000,0x00000007bdc00000)
 ParOldGen       total 173568K, used 6584K [0x00000006c3e00000, 0x00000006ce780000, 0x000000076bf80000)
  object space 173568K, 3% used [0x00000006c3e00000,0x00000006c446e160,0x00000006ce780000)
 Metaspace       used 9228K, capacity 9454K, committed 9728K, reserved 1058816K
  class space    used 945K, capacity 1001K, committed 1024K, reserved 1048576K
}
Event: 5.754 GC heap before
{Heap before GC invocations=12 (full 0):
 PSYoungGen      total 836096K, used 255852K [0x000000076bf80000, 0x00000007bdc00000, 0x00000007c0000000)
  eden space 830976K, 30% used [0x000000076bf80000,0x000000077b622578,0x000000079eb00000)
  from space 5120K, 64% used [0x000000079eb00000,0x000000079ee38de8,0x000000079f000000)
  to   space 5120K, 0% used [0x00000007bd700000,0x00000007bd700000,0x00000007bdc00000)
 ParOldGen       total 173568K, used 6584K [0x00000006c3e00000, 0x00000006ce780000, 0x000000076bf80000)
  object space 173568K, 3% used [0x00000006c3e00000,0x00000006c446e160,0x00000006ce780000)
 Metaspace       used 20816K, capacity 21124K, committed 21248K, reserved 1069056K
  class space    used 1919K, capacity 2040K, committed 2048K, reserved 1048576K

