# JRE version: Java(TM) SE Runtime Environment (8.0_251-b08) (build 1.8.0_251-b08)
# Java VM: Java HotSpot(TM) 64-Bit Server VM (25.251-b08 mixed mode windows-amd64 compressed oops)
Heap:
 PSYoungGen      total 1336832K, used 596478K [0x000000076bf80000, 0x00000007bdd80000, 0x00000007c0000000)
  eden space 1332224K, 44% used [0x000000076bf80000,0x000000079043f910,0x00000007bd480000)
  from space 4608K, 38% used [0x00000007bd900000,0x00000007bdac0000,0x00000007bdd80000)
  to   space 4608K, 0% used [0x00000007bd480000,0x00000007bd480000,0x00000007bd900000)
 ParOldGen       total 173568K, used 6885K [0x00000006c3e00000, 0x00000006ce780000, 0x000000076bf80000)
  object space 173568K, 3% used [0x00000006c3e00000,0x00000006c44b97e8,0x00000006ce780000)
 Metaspace       used 15611K, capacity 15846K, committed 16000K, reserved 1062912K
  class space    used 1483K, capacity 1567K, committed 1664K, reserved 1048576K
GC Heap History (10 events):
Event: 2.059 GC heap before
{Heap before GC invocations=8 (full 0):
 PSYoungGen      total 264192K, used 261408K [0x000000076bf80000, 0x000000078c480000, 0x00000007c0000000)
  eden space 260096K, 100% used [0x000000076bf80000,0x000000077bd80000,0x000000077bd80000)
  from space 4096K, 32% used [0x000000077bd80000,0x000000077bec8000,0x000000077c180000)
  to   space 4608K, 0% used [0x000000078c000000,0x000000078c000000,0x000000078c480000)
 ParOldGen       total 173568K, used 2795K [0x00000006c3e00000, 0x00000006ce780000, 0x000000076bf80000)
  object space 173568K, 1% used [0x00000006c3e00000,0x00000006c40baf80,0x00000006ce780000)
 Metaspace       used 9115K, capacity 9326K, committed 9472K, reserved 1058816K
  class space    used 954K, capacity 1001K, committed 1024K, reserved 1048576K
Event: 2.063 GC heap after
Heap after GC invocations=8 (full 0):
 PSYoungGen      total 524800K, used 1632K [0x000000076bf80000, 0x000000078c480000, 0x00000007c0000000)
  eden space 520192K, 0% used [0x000000076bf80000,0x000000076bf80000,0x000000078bb80000)
  from space 4608K, 35% used [0x000000078c000000,0x000000078c198000,0x000000078c480000)
  to   space 4608K, 0% used [0x000000078bb80000,0x000000078bb80000,0x000000078c000000)
 ParOldGen       total 173568K, used 3051K [0x00000006c3e00000, 0x00000006ce780000, 0x000000076bf80000)
  object space 173568K, 1% used [0x00000006c3e00000,0x00000006c40faf80,0x00000006ce780000)
 Metaspace       used 9115K, capacity 9326K, committed 9472K, reserved 1058816K
  class space    used 954K, capacity 1001K, committed 1024K, reserved 1048576K
}
Event: 2.617 GC heap before
{Heap before GC invocations=9 (full 0):
 PSYoungGen      total 524800K, used 521824K [0x000000076bf80000, 0x000000078c480000, 0x00000007c0000000)
  eden space 520192K, 100% used [0x000000076bf80000,0x000000078bb80000,0x000000078bb80000)
  from space 4608K, 35% used [0x000000078c000000,0x000000078c198000,0x000000078c480000)
  to   space 4608K, 0% used [0x000000078bb80000,0x000000078bb80000,0x000000078c000000)
 ParOldGen       total 173568K, used 3051K [0x00000006c3e00000, 0x00000006ce780000, 0x000000076bf80000)
  object space 173568K, 1% used [0x00000006c3e00000,0x00000006c40faf80,0x00000006ce780000)
 Metaspace       used 9196K, capacity 9390K, committed 9472K, reserved 1058816K
  class space    used 954K, capacity 1001K, committed 1024K, reserved 1048576K
Event: 2.623 GC heap after
Heap after GC invocations=9 (full 0):
 PSYoungGen      total 524800K, used 2864K [0x000000076bf80000, 0x000000079f580000, 0x00000007c0000000)
  eden space 520192K, 0% used [0x000000076bf80000,0x000000076bf80000,0x000000078bb80000)
  from space 4608K, 62% used [0x000000078bb80000,0x000000078be4c030,0x000000078c000000)
  to   space 4608K, 0% used [0x000000079f100000,0x000000079f100000,0x000000079f580000)
 ParOldGen       total 173568K, used 3563K [0x00000006c3e00000, 0x00000006ce780000, 0x000000076bf80000)
  object space 173568K, 2% used [0x00000006c3e00000,0x00000006c417af80,0x00000006ce780000)
 Metaspace       used 9196K, capacity 9390K, committed 9472K, reserved 1058816K
  class space    used 954K, capacity 1001K, committed 1024K, reserved 1048576K
}
Event: 3.052 GC heap before
{Heap before GC invocations=10 (full 0):
 PSYoungGen      total 524800K, used 523056K [0x000000076bf80000, 0x000000079f580000, 0x00000007c0000000)
  eden space 520192K, 100% used [0x000000076bf80000,0x000000078bb80000,0x000000078bb80000)
  from space 4608K, 62% used [0x000000078bb80000,0x000000078be4c030,0x000000078c000000)
  to   space 4608K, 0% used [0x000000079f100000,0x000000079f100000,0x000000079f580000)
 ParOldGen       total 173568K, used 3563K [0x00000006c3e00000, 0x00000006ce780000, 0x000000076bf80000)
  object space 173568K, 2% used [0x00000006c3e00000,0x00000006c417af80,0x00000006ce780000)
 Metaspace       used 9196K, capacity 9390K, committed 9472K, reserved 1058816K
  class space    used 954K, capacity 1001K, committed 1024K, reserved 1048576K
Event: 3.056 GC heap after
Heap after GC invocations=10 (full 0):
 PSYoungGen      total 837120K, used 2800K [0x000000076bf80000, 0x000000079f580000, 0x00000007c0000000)
  eden space 832512K, 0% used [0x000000076bf80000,0x000000076bf80000,0x000000079ec80000)
  from space 4608K, 60% used [0x000000079f100000,0x000000079f3bc030,0x000000079f580000)
  to   space 4608K, 0% used [0x000000079ec80000,0x000000079ec80000,0x000000079f100000)
 ParOldGen       total 173568K, used 4595K [0x00000006c3e00000, 0x00000006ce780000, 0x000000076bf80000)
  object space 173568K, 2% used [0x00000006c3e00000,0x00000006c427cf80,0x00000006ce780000)
 Metaspace       used 9196K, capacity 9390K, committed 9472K, reserved 1058816K
  class space    used 954K, capacity 1001K, committed 1024K, reserved 1048576K
}
Event: 3.901 GC heap before
{Heap before GC invocations=11 (full 0):
 PSYoungGen      total 837120K, used 835312K [0x000000076bf80000, 0x000000079f580000, 0x00000007c0000000)
  eden space 832512K, 100% used [0x000000076bf80000,0x000000079ec80000,0x000000079ec80000)
  from space 4608K, 60% used [0x000000079f100000,0x000000079f3bc030,0x000000079f580000)
  to   space 4608K, 0% used [0x000000079ec80000,0x000000079ec80000,0x000000079f100000)
 ParOldGen       total 173568K, used 4595K [0x00000006c3e00000, 0x00000006ce780000, 0x000000076bf80000)
  object space 173568K, 2% used [0x00000006c3e00000,0x00000006c427cf80,0x00000006ce780000)
 Metaspace       used 9251K, capacity 9454K, committed 9728K, reserved 1058816K
  class space    used 954K, capacity 1001K, committed 1024K, reserved 1048576K
Event: 3.905 GC heap after
Heap after GC invocations=11 (full 0):
 PSYoungGen      total 837120K, used 656K [0x000000076bf80000, 0x00000007bdd80000, 0x00000007c0000000)
  eden space 832512K, 0% used [0x000000076bf80000,0x000000076bf80000,0x000000079ec80000)
  from space 4608K, 14% used [0x000000079ec80000,0x000000079ed24030,0x000000079f100000)
  to   space 4608K, 0% used [0x00000007bd900000,0x00000007bd900000,0x00000007bdd80000)
 ParOldGen       total 173568K, used 6298K [0x00000006c3e00000, 0x00000006ce780000, 0x000000076bf80000)
  object space 173568K, 3% used [0x00000006c3e00000,0x00000006c4426998,0x00000006ce780000)
 Metaspace       used 9251K, capacity 9454K, committed 9728K, reserved 1058816K
  class space    used 954K, capacity 1001K, committed 1024K, reserved 1048576K
}
Event: 4.647 GC heap before
{Heap before GC invocations=12 (full 0):
 PSYoungGen      total 837120K, used 833168K [0x000000076bf80000, 0x00000007bdd80000, 0x00000007c0000000)
  eden space 832512K, 100% used [0x000000076bf80000,0x000000079ec80000,0x000000079ec80000)
  from space 4608K, 14% used [0x000000079ec80000,0x000000079ed24030,0x000000079f100000)
  to   space 4608K, 0% used [0x00000007bd900000,0x00000007bd900000,0x00000007bdd80000)
 ParOldGen       total 173568K, used 6298K [0x00000006c3e00000, 0x00000006ce780000, 0x000000076bf80000)
  object space 173568K, 3% used [0x00000006c3e00000,0x00000006c4426998,0x00000006ce780000)
 Metaspace       used 9251K, capacity 9454K, committed 9728K, reserved 1058816K
  class space    used 954K, capacity 1001K, committed 1024K, reserved 1048576K
Event: 4.652 GC heap after
Heap after GC invocations=12 (full 0):
 PSYoungGen      total 1336832K, used 1792K [0x000000076bf80000, 0x00000007bdd80000, 0x00000007c0000000)
  eden space 1332224K, 0% used [0x000000076bf80000,0x000000076bf80000,0x00000007bd480000)
  from space 4608K, 38% used [0x00000007bd900000,0x00000007bdac0000,0x00000007bdd80000)
  to   space 4608K, 0% used [0x00000007bd480000,0x00000007bd480000,0x00000007bd900000)
 ParOldGen       total 173568K, used 6885K [0x00000006c3e00000, 0x00000006ce780000, 0x000000076bf80000)
  object space 173568K, 3% used [0x00000006c3e00000,0x00000006c44b97e8,0x00000006ce780000)
 Metaspace       used 9251K, capacity 9454K, committed 9728K, reserved 1058816K
  class space    used 954K, capacity 1001K, committed 1024K, reserved 1048576K
}

