# JRE version: Java(TM) SE Runtime Environment (8.0_251-b08) (build 1.8.0_251-b08)
# Java VM: Java HotSpot(TM) 64-Bit Server VM (25.251-b08 mixed mode windows-amd64 compressed oops)
Heap:
 PSYoungGen      total 1333760K, used 194058K [0x000000076bf80000, 0x00000007c0000000, 0x00000007c0000000)
  eden space 1329152K, 14% used [0x000000076bf80000,0x00000007778a2858,0x00000007bd180000)
  from space 4608K, 97% used [0x00000007bd180000,0x00000007bd5e0000,0x00000007bd600000)
  to   space 5120K, 99% used [0x00000007bfb00000,0x00000007bfffe028,0x00000007c0000000)
 ParOldGen       total 173568K, used 23209K [0x00000006c3e00000, 0x00000006ce780000, 0x000000076bf80000)
  object space 173568K, 13% used [0x00000006c3e00000,0x00000006c54aece0,0x00000006ce780000)
 Metaspace       used 16518K, capacity 16766K, committed 17024K, reserved 1069056K
  class space    used 1549K, capacity 1625K, committed 1664K, reserved 1048576K
GC Heap History (10 events):
Event: 2.590 GC heap before
{Heap before GC invocations=9 (full 0):
 PSYoungGen      total 523776K, used 521632K [0x000000076bf80000, 0x000000078c380000, 0x00000007c0000000)
  eden space 519168K, 100% used [0x000000076bf80000,0x000000078ba80000,0x000000078ba80000)
  from space 4608K, 53% used [0x000000078bf00000,0x000000078c168000,0x000000078c380000)
  to   space 4608K, 0% used [0x000000078ba80000,0x000000078ba80000,0x000000078bf00000)
 ParOldGen       total 173568K, used 3177K [0x00000006c3e00000, 0x00000006ce780000, 0x000000076bf80000)
  object space 173568K, 1% used [0x00000006c3e00000,0x00000006c411a750,0x00000006ce780000)
 Metaspace       used 9319K, capacity 9550K, committed 9856K, reserved 1058816K
  class space    used 958K, capacity 1033K, committed 1152K, reserved 1048576K
Event: 2.597 GC heap after
Heap after GC invocations=9 (full 0):
 PSYoungGen      total 523776K, used 3520K [0x000000076bf80000, 0x000000079f400000, 0x00000007c0000000)
  eden space 519168K, 0% used [0x000000076bf80000,0x000000076bf80000,0x000000078ba80000)
  from space 4608K, 76% used [0x000000078ba80000,0x000000078bdf0000,0x000000078bf00000)
  to   space 4608K, 0% used [0x000000079ef80000,0x000000079ef80000,0x000000079f400000)
 ParOldGen       total 173568K, used 4021K [0x00000006c3e00000, 0x00000006ce780000, 0x000000076bf80000)
  object space 173568K, 2% used [0x00000006c3e00000,0x00000006c41ed7f8,0x00000006ce780000)
 Metaspace       used 9319K, capacity 9550K, committed 9856K, reserved 1058816K
  class space    used 958K, capacity 1033K, committed 1152K, reserved 1048576K
}
Event: 2.979 GC heap before
{Heap before GC invocations=10 (full 0):
 PSYoungGen      total 523776K, used 522688K [0x000000076bf80000, 0x000000079f400000, 0x00000007c0000000)
  eden space 519168K, 100% used [0x000000076bf80000,0x000000078ba80000,0x000000078ba80000)
  from space 4608K, 76% used [0x000000078ba80000,0x000000078bdf0000,0x000000078bf00000)
  to   space 4608K, 0% used [0x000000079ef80000,0x000000079ef80000,0x000000079f400000)
 ParOldGen       total 173568K, used 4021K [0x00000006c3e00000, 0x00000006ce780000, 0x000000076bf80000)
  object space 173568K, 2% used [0x00000006c3e00000,0x00000006c41ed7f8,0x00000006ce780000)
 Metaspace       used 9368K, capacity 9550K, committed 9856K, reserved 1058816K
  class space    used 958K, capacity 1033K, committed 1152K, reserved 1048576K
Event: 2.985 GC heap after
Heap after GC invocations=10 (full 0):
 PSYoungGen      total 835072K, used 4000K [0x000000076bf80000, 0x000000079f500000, 0x00000007c0000000)
  eden space 830464K, 0% used [0x000000076bf80000,0x000000076bf80000,0x000000079ea80000)
  from space 4608K, 86% used [0x000000079ef80000,0x000000079f368020,0x000000079f400000)
  to   space 5120K, 0% used [0x000000079ea80000,0x000000079ea80000,0x000000079ef80000)
 ParOldGen       total 173568K, used 5581K [0x00000006c3e00000, 0x00000006ce780000, 0x000000076bf80000)
  object space 173568K, 3% used [0x00000006c3e00000,0x00000006c43737f8,0x00000006ce780000)
 Metaspace       used 9368K, capacity 9550K, committed 9856K, reserved 1058816K
  class space    used 958K, capacity 1033K, committed 1152K, reserved 1048576K
}
Event: 3.527 GC heap before
{Heap before GC invocations=11 (full 0):
 PSYoungGen      total 835072K, used 834464K [0x000000076bf80000, 0x000000079f500000, 0x00000007c0000000)
  eden space 830464K, 100% used [0x000000076bf80000,0x000000079ea80000,0x000000079ea80000)
  from space 4608K, 86% used [0x000000079ef80000,0x000000079f368020,0x000000079f400000)
  to   space 5120K, 0% used [0x000000079ea80000,0x000000079ea80000,0x000000079ef80000)
 ParOldGen       total 173568K, used 5581K [0x00000006c3e00000, 0x00000006ce780000, 0x000000076bf80000)
  object space 173568K, 3% used [0x00000006c3e00000,0x00000006c43737f8,0x00000006ce780000)
 Metaspace       used 9376K, capacity 9614K, committed 9856K, reserved 1058816K
  class space    used 958K, capacity 1033K, committed 1152K, reserved 1048576K
Event: 3.534 GC heap after
Heap after GC invocations=11 (full 0):
 PSYoungGen      total 835584K, used 2752K [0x000000076bf80000, 0x00000007bdb80000, 0x00000007c0000000)
  eden space 830464K, 0% used [0x000000076bf80000,0x000000076bf80000,0x000000079ea80000)
  from space 5120K, 53% used [0x000000079ea80000,0x000000079ed30000,0x000000079ef80000)
  to   space 5120K, 0% used [0x00000007bd680000,0x00000007bd680000,0x00000007bdb80000)
 ParOldGen       total 173568K, used 9479K [0x00000006c3e00000, 0x00000006ce780000, 0x000000076bf80000)
  object space 173568K, 5% used [0x00000006c3e00000,0x00000006c4741e60,0x00000006ce780000)
 Metaspace       used 9376K, capacity 9614K, committed 9856K, reserved 1058816K
  class space    used 958K, capacity 1033K, committed 1152K, reserved 1048576K
}
Event: 4.005 GC heap before
{Heap before GC invocations=12 (full 0):
 PSYoungGen      total 835584K, used 833216K [0x000000076bf80000, 0x00000007bdb80000, 0x00000007c0000000)
  eden space 830464K, 100% used [0x000000076bf80000,0x000000079ea80000,0x000000079ea80000)
  from space 5120K, 53% used [0x000000079ea80000,0x000000079ed30000,0x000000079ef80000)
  to   space 5120K, 0% used [0x00000007bd680000,0x00000007bd680000,0x00000007bdb80000)
 ParOldGen       total 173568K, used 9479K [0x00000006c3e00000, 0x00000006ce780000, 0x000000076bf80000)
  object space 173568K, 5% used [0x00000006c3e00000,0x00000006c4741e60,0x00000006ce780000)
 Metaspace       used 9388K, capacity 9614K, committed 9856K, reserved 1058816K
  class space    used 958K, capacity 1033K, committed 1152K, reserved 1048576K
Event: 4.011 GC heap after
Heap after GC invocations=12 (full 0):
 PSYoungGen      total 1333248K, used 3264K [0x000000076bf80000, 0x00000007bda80000, 0x00000007c0000000)
  eden space 1329152K, 0% used [0x000000076bf80000,0x000000076bf80000,0x00000007bd180000)
  from space 4096K, 79% used [0x00000007bd680000,0x00000007bd9b0020,0x00000007bda80000)
  to   space 4608K, 0% used [0x00000007bd180000,0x00000007bd180000,0x00000007bd600000)
 ParOldGen       total 173568K, used 12127K [0x00000006c3e00000, 0x00000006ce780000, 0x000000076bf80000)
  object space 173568K, 6% used [0x00000006c3e00000,0x00000006c49d7f70,0x00000006ce780000)
 Metaspace       used 9388K, capacity 9614K, committed 9856K, reserved 1058816K
  class space    used 958K, capacity 1033K, committed 1152K, reserved 1048576K
}
Event: 4.896 GC heap before
{Heap before GC invocations=13 (full 0):
 PSYoungGen      total 1333248K, used 1332416K [0x000000076bf80000, 0x00000007bda80000, 0x00000007c0000000)
  eden space 1329152K, 100% used [0x000000076bf80000,0x00000007bd180000,0x00000007bd180000)
  from space 4096K, 79% used [0x00000007bd680000,0x00000007bd9b0020,0x00000007bda80000)
  to   space 4608K, 0% used [0x00000007bd180000,0x00000007bd180000,0x00000007bd600000)
 ParOldGen       total 173568K, used 12127K [0x00000006c3e00000, 0x00000006ce780000, 0x000000076bf80000)
  object space 173568K, 6% used [0x00000006c3e00000,0x00000006c49d7f70,0x00000006ce780000)
 Metaspace       used 9395K, capacity 9614K, committed 9856K, reserved 1058816K
  class space    used 958K, capacity 1033K, committed 1152K, reserved 1048576K
Event: 4.904 GC heap after
Heap after GC invocations=13 (full 0):
 PSYoungGen      total 1333760K, used 4480K [0x000000076bf80000, 0x00000007c0000000, 0x00000007c0000000)
  eden space 1329152K, 0% used [0x000000076bf80000,0x000000076bf80000,0x00000007bd180000)
  from space 4608K, 97% used [0x00000007bd180000,0x00000007bd5e0000,0x00000007bd600000)
  to   space 5120K, 0% used [0x00000007bfb00000,0x00000007bfb00000,0x00000007c0000000)
 ParOldGen       total 173568K, used 15329K [0x00000006c3e00000, 0x00000006ce780000, 0x000000076bf80000)
  object space 173568K, 8% used [0x00000006c3e00000,0x00000006c4cf8710,0x00000006ce780000)
 Metaspace       used 9395K, capacity 9614K, committed 9856K, reserved 1058816K
  class space    used 958K, capacity 1033K, committed 1152K, reserved 1048576K
}

